TID: [-1234] [2025-06-25 09:31:37,136]  INFO {AUDIT_LOG} - Initiator=w**************r Action=Get-User-List Target=null Data={"Claim Value":"a***n","Users":["a***n"],"Claim":"http://wso2.org/claims/username"} Outcome=Success
TID: [-1234] [2025-06-25 09:31:37,164]  INFO {AUDIT_LOG} - Initiator=w**************r Action=Get-User-Claim-Values Target=a***n Data={"Claims":{},"Profile":"default"} Outcome=Success
TID: [-1234] [2025-06-25 09:31:37,167]  INFO {AUDIT_LOG} - Initiator=w**************r Action=Get-User-Claim-Values Target=a***n Data={"Claims":{},"Profile":"default"} Outcome=Success
TID: [-1234] [2025-06-25 09:31:37,168]  INFO {AUDIT_LOG} - Initiator=w**************r Action=Get-User-Claim-Values Target=a***n Data={"Claims":{},"Profile":"default"} Outcome=Success
TID: [-1234] [2025-06-25 09:31:37,189]  INFO {AUDIT_LOG} - Initiator=w**************r Action=Get-Roles-of-User Target=a***n Data={"Filter":"*","Roles":["Internal/subscriber","Internal/creator","Internal/publisher","Internal/everyone","Internal/devops","admin","Internal/analytics","Internal/observer","Internal/integration_dev"]} Outcome=Success
TID: [-1234] [2025-06-25 09:31:37,237]  INFO {AUDIT_LOG} - Initiator : 75777ff5-b74d-440b-a0bd-6c2ca0c89d89 | Action : PostTokenIssue | Target : PasswordGrantAuditLogger | Data : { "AuthenticatedUser" : "75777ff5-b74d-440b-a0bd-6c2ca0c89d89","AuthenticatedUserStoreDomain" : "PRIMARY","AuthenticatedUserTenantDomain" : "carbon.super","ServiceProvider" : "admin_ea90ae31-c3d2-4fb9-9f0c-8c7ddae64655_PRODUCTION","RequestType" : "oauth2","RelyingParty" : "vOJ1PyTYOJKJlJCvyahU2z_G9C8a" } | Result : Success 
TID: [-1234] [2025-06-25 09:31:37,314]  INFO {AUDIT_LOG} - GET /api/am/publisher/apis user: 75777ff5-b74d-440b-a0bd-6c2ca0c89d89@carbon.super app: vOJ1PyTYOJKJlJCvyahU2z_G9C8a
TID: [-1234] [2025-06-25 09:31:37,339]  INFO {AUDIT_LOG} - Initiator=w**************r Action=Get-User-Claim-Values Target=a***n Data={"Claims":{},"Profile":"default"} Outcome=Success
TID: [-1234] [2025-06-25 09:31:37,339]  INFO {AUDIT_LOG} - Initiator=w**************r Action=Get-User-Claim-Values Target=a***n Data={"Claims":{},"Profile":"default"} Outcome=Success
TID: [-1234] [2025-06-25 09:31:37,340]  INFO {AUDIT_LOG} - Initiator=w**************r Action=Get-User-Claim-Values Target=a***n Data={"Claims":{},"Profile":"default"} Outcome=Success
TID: [] [2025-06-25 09:31:37,408]  INFO {AUDIT_LOG} - Initiator=w**************r Action=Get-User-Claim-Values Target=a***n Data={"Claims":{},"Profile":"default"} Outcome=Success
TID: [] [2025-06-25 09:31:37,409]  INFO {AUDIT_LOG} - Initiator=w**************r Action=Get-User-Claim-Values Target=a***n Data={"Claims":{},"Profile":"default"} Outcome=Success
TID: [] [2025-06-25 09:31:37,410]  INFO {AUDIT_LOG} - Initiator=w**************r Action=Get-User-Claim-Values Target=a***n Data={"Claims":{},"Profile":"default"} Outcome=Success
TID: [-1234] [2025-06-25 09:31:37,658]  INFO {AUDIT_LOG} - Initiator=w**************r Action=Get-User-List Target=null Data={"Claim Value":"a***n","Users":["a***n"],"Claim":"http://wso2.org/claims/username"} Outcome=Success
TID: [-1234] [2025-06-25 09:31:37,659]  INFO {AUDIT_LOG} - Initiator=w**************r Action=Get-User-Claim-Values Target=a***n Data={"Claims":{},"Profile":"default"} Outcome=Success
TID: [-1234] [2025-06-25 09:31:37,659]  INFO {AUDIT_LOG} - Initiator=w**************r Action=Get-User-Claim-Values Target=a***n Data={"Claims":{},"Profile":"default"} Outcome=Success
TID: [-1234] [2025-06-25 09:31:37,659]  INFO {AUDIT_LOG} - Initiator=w**************r Action=Get-User-Claim-Values Target=a***n Data={"Claims":{},"Profile":"default"} Outcome=Success
TID: [-1234] [2025-06-25 09:31:37,669]  INFO {AUDIT_LOG} - Initiator : 75777ff5-b74d-440b-a0bd-6c2ca0c89d89 | Action : PostTokenIssue | Target : PasswordGrantAuditLogger | Data : { "AuthenticatedUser" : "75777ff5-b74d-440b-a0bd-6c2ca0c89d89","AuthenticatedUserStoreDomain" : "PRIMARY","AuthenticatedUserTenantDomain" : "carbon.super","ServiceProvider" : "admin_ea90ae31-c3d2-4fb9-9f0c-8c7ddae64655_PRODUCTION","RequestType" : "oauth2","RelyingParty" : "vOJ1PyTYOJKJlJCvyahU2z_G9C8a" } | Result : Success 
TID: [-1234] [2025-06-25 09:31:37,680]  INFO {AUDIT_LOG} - GET /api/am/publisher/apis user: 75777ff5-b74d-440b-a0bd-6c2ca0c89d89@carbon.super app: vOJ1PyTYOJKJlJCvyahU2z_G9C8a
TID: [-1234] [2025-06-25 09:31:37,682]  INFO {AUDIT_LOG} - Initiator=w**************r Action=Get-User-Claim-Values Target=a***n Data={"Claims":{},"Profile":"default"} Outcome=Success
TID: [-1234] [2025-06-25 09:31:37,683]  INFO {AUDIT_LOG} - Initiator=w**************r Action=Get-User-Claim-Values Target=a***n Data={"Claims":{},"Profile":"default"} Outcome=Success
TID: [-1234] [2025-06-25 09:31:37,684]  INFO {AUDIT_LOG} - Initiator=w**************r Action=Get-User-Claim-Values Target=a***n Data={"Claims":{},"Profile":"default"} Outcome=Success
TID: [-1234] [2025-06-25 09:32:13,850]  INFO {AUDIT_LOG} - Initiator=w**************r Action=Get-User-List Target=null Data={"Claim Value":"a***n","Users":["a***n"],"Claim":"http://wso2.org/claims/username"} Outcome=Success
TID: [-1234] [2025-06-25 09:32:13,853]  INFO {AUDIT_LOG} - Initiator=w**************r Action=Get-User-Claim-Values Target=a***n Data={"Claims":{},"Profile":"default"} Outcome=Success
TID: [-1234] [2025-06-25 09:32:13,855]  INFO {AUDIT_LOG} - Initiator=w**************r Action=Get-User-Claim-Values Target=a***n Data={"Claims":{},"Profile":"default"} Outcome=Success
TID: [-1234] [2025-06-25 09:32:13,856]  INFO {AUDIT_LOG} - Initiator=w**************r Action=Get-User-Claim-Values Target=a***n Data={"Claims":{},"Profile":"default"} Outcome=Success
TID: [-1234] [2025-06-25 09:32:13,876]  INFO {AUDIT_LOG} - Initiator : 75777ff5-b74d-440b-a0bd-6c2ca0c89d89 | Action : PostTokenIssue | Target : PasswordGrantAuditLogger | Data : { "AuthenticatedUser" : "75777ff5-b74d-440b-a0bd-6c2ca0c89d89","AuthenticatedUserStoreDomain" : "PRIMARY","AuthenticatedUserTenantDomain" : "carbon.super","ServiceProvider" : "admin_ea90ae31-c3d2-4fb9-9f0c-8c7ddae64655_PRODUCTION","RequestType" : "oauth2","RelyingParty" : "vOJ1PyTYOJKJlJCvyahU2z_G9C8a" } | Result : Success 
TID: [-1234] [2025-06-25 09:32:13,898]  INFO {AUDIT_LOG} - GET /api/am/publisher/apis user: 75777ff5-b74d-440b-a0bd-6c2ca0c89d89@carbon.super app: vOJ1PyTYOJKJlJCvyahU2z_G9C8a
TID: [-1234] [2025-06-25 09:32:13,900]  INFO {AUDIT_LOG} - Initiator=w**************r Action=Get-User-Claim-Values Target=a***n Data={"Claims":{},"Profile":"default"} Outcome=Success
TID: [-1234] [2025-06-25 09:32:13,901]  INFO {AUDIT_LOG} - Initiator=w**************r Action=Get-User-Claim-Values Target=a***n Data={"Claims":{},"Profile":"default"} Outcome=Success
TID: [-1234] [2025-06-25 09:32:13,901]  INFO {AUDIT_LOG} - Initiator=w**************r Action=Get-User-Claim-Values Target=a***n Data={"Claims":{},"Profile":"default"} Outcome=Success
TID: [] [2025-06-25 09:32:13,929]  INFO {AUDIT_LOG} - Initiator=w**************r Action=Get-User-Claim-Values Target=a***n Data={"Claims":{},"Profile":"default"} Outcome=Success
TID: [] [2025-06-25 09:32:13,930]  INFO {AUDIT_LOG} - Initiator=w**************r Action=Get-User-Claim-Values Target=a***n Data={"Claims":{},"Profile":"default"} Outcome=Success
TID: [] [2025-06-25 09:32:13,930]  INFO {AUDIT_LOG} - Initiator=w**************r Action=Get-User-Claim-Values Target=a***n Data={"Claims":{},"Profile":"default"} Outcome=Success
TID: [-1234] [2025-06-25 09:32:14,133]  INFO {AUDIT_LOG} - Initiator=w**************r Action=Get-User-List Target=null Data={"Claim Value":"a***n","Users":["a***n"],"Claim":"http://wso2.org/claims/username"} Outcome=Success
TID: [-1234] [2025-06-25 09:32:14,134]  INFO {AUDIT_LOG} - Initiator=w**************r Action=Get-User-Claim-Values Target=a***n Data={"Claims":{},"Profile":"default"} Outcome=Success
TID: [-1234] [2025-06-25 09:32:14,135]  INFO {AUDIT_LOG} - Initiator=w**************r Action=Get-User-Claim-Values Target=a***n Data={"Claims":{},"Profile":"default"} Outcome=Success
TID: [-1234] [2025-06-25 09:32:14,135]  INFO {AUDIT_LOG} - Initiator=w**************r Action=Get-User-Claim-Values Target=a***n Data={"Claims":{},"Profile":"default"} Outcome=Success
TID: [-1234] [2025-06-25 09:32:14,147]  INFO {AUDIT_LOG} - Initiator : 75777ff5-b74d-440b-a0bd-6c2ca0c89d89 | Action : PostTokenIssue | Target : PasswordGrantAuditLogger | Data : { "AuthenticatedUser" : "75777ff5-b74d-440b-a0bd-6c2ca0c89d89","AuthenticatedUserStoreDomain" : "PRIMARY","AuthenticatedUserTenantDomain" : "carbon.super","ServiceProvider" : "admin_ea90ae31-c3d2-4fb9-9f0c-8c7ddae64655_PRODUCTION","RequestType" : "oauth2","RelyingParty" : "vOJ1PyTYOJKJlJCvyahU2z_G9C8a" } | Result : Success 
TID: [-1234] [2025-06-25 09:32:14,161]  INFO {AUDIT_LOG} - GET /api/am/publisher/apis user: 75777ff5-b74d-440b-a0bd-6c2ca0c89d89@carbon.super app: vOJ1PyTYOJKJlJCvyahU2z_G9C8a
TID: [-1234] [2025-06-25 09:32:14,166]  INFO {AUDIT_LOG} - Initiator=w**************r Action=Get-User-Claim-Values Target=a***n Data={"Claims":{},"Profile":"default"} Outcome=Success
TID: [-1234] [2025-06-25 09:32:14,167]  INFO {AUDIT_LOG} - Initiator=w**************r Action=Get-User-Claim-Values Target=a***n Data={"Claims":{},"Profile":"default"} Outcome=Success
TID: [-1234] [2025-06-25 09:32:14,167]  INFO {AUDIT_LOG} - Initiator=w**************r Action=Get-User-Claim-Values Target=a***n Data={"Claims":{},"Profile":"default"} Outcome=Success
TID: [-1234] [2025-06-25 09:32:34,015]  INFO {AUDIT_LOG} - Initiator=w**************r Action=Get-User-List Target=null Data={"Claim Value":"a***n","Users":["a***n"],"Claim":"http://wso2.org/claims/username"} Outcome=Success
TID: [-1234] [2025-06-25 09:32:34,018]  INFO {AUDIT_LOG} - Initiator=w**************r Action=Get-User-Claim-Values Target=a***n Data={"Claims":{},"Profile":"default"} Outcome=Success
TID: [-1234] [2025-06-25 09:32:34,018]  INFO {AUDIT_LOG} - Initiator=w**************r Action=Get-User-Claim-Values Target=a***n Data={"Claims":{},"Profile":"default"} Outcome=Success
TID: [-1234] [2025-06-25 09:32:34,019]  INFO {AUDIT_LOG} - Initiator=w**************r Action=Get-User-Claim-Values Target=a***n Data={"Claims":{},"Profile":"default"} Outcome=Success
TID: [-1234] [2025-06-25 09:32:34,031]  INFO {AUDIT_LOG} - Initiator : 75777ff5-b74d-440b-a0bd-6c2ca0c89d89 | Action : PostTokenIssue | Target : PasswordGrantAuditLogger | Data : { "AuthenticatedUser" : "75777ff5-b74d-440b-a0bd-6c2ca0c89d89","AuthenticatedUserStoreDomain" : "PRIMARY","AuthenticatedUserTenantDomain" : "carbon.super","ServiceProvider" : "admin_ea90ae31-c3d2-4fb9-9f0c-8c7ddae64655_PRODUCTION","RequestType" : "oauth2","RelyingParty" : "vOJ1PyTYOJKJlJCvyahU2z_G9C8a" } | Result : Success 
TID: [-1234] [2025-06-25 09:32:34,045]  INFO {AUDIT_LOG} - GET /api/am/publisher/apis user: 75777ff5-b74d-440b-a0bd-6c2ca0c89d89@carbon.super app: vOJ1PyTYOJKJlJCvyahU2z_G9C8a
TID: [-1234] [2025-06-25 09:32:34,053]  INFO {AUDIT_LOG} - Initiator=w**************r Action=Get-User-Claim-Values Target=a***n Data={"Claims":{},"Profile":"default"} Outcome=Success
TID: [-1234] [2025-06-25 09:32:34,054]  INFO {AUDIT_LOG} - Initiator=w**************r Action=Get-User-Claim-Values Target=a***n Data={"Claims":{},"Profile":"default"} Outcome=Success
TID: [-1234] [2025-06-25 09:32:34,054]  INFO {AUDIT_LOG} - Initiator=w**************r Action=Get-User-Claim-Values Target=a***n Data={"Claims":{},"Profile":"default"} Outcome=Success
TID: [] [2025-06-25 09:32:34,083]  INFO {AUDIT_LOG} - Initiator=w**************r Action=Get-User-Claim-Values Target=a***n Data={"Claims":{},"Profile":"default"} Outcome=Success
TID: [] [2025-06-25 09:32:34,084]  INFO {AUDIT_LOG} - Initiator=w**************r Action=Get-User-Claim-Values Target=a***n Data={"Claims":{},"Profile":"default"} Outcome=Success
TID: [] [2025-06-25 09:32:34,084]  INFO {AUDIT_LOG} - Initiator=w**************r Action=Get-User-Claim-Values Target=a***n Data={"Claims":{},"Profile":"default"} Outcome=Success
TID: [-1234] [2025-06-25 09:32:34,214]  INFO {AUDIT_LOG} - Initiator=w**************r Action=Get-User-List Target=null Data={"Claim Value":"a***n","Users":["a***n"],"Claim":"http://wso2.org/claims/username"} Outcome=Success
TID: [-1234] [2025-06-25 09:32:34,216]  INFO {AUDIT_LOG} - Initiator=w**************r Action=Get-User-Claim-Values Target=a***n Data={"Claims":{},"Profile":"default"} Outcome=Success
TID: [-1234] [2025-06-25 09:32:34,216]  INFO {AUDIT_LOG} - Initiator=w**************r Action=Get-User-Claim-Values Target=a***n Data={"Claims":{},"Profile":"default"} Outcome=Success
TID: [-1234] [2025-06-25 09:32:34,217]  INFO {AUDIT_LOG} - Initiator=w**************r Action=Get-User-Claim-Values Target=a***n Data={"Claims":{},"Profile":"default"} Outcome=Success
TID: [-1234] [2025-06-25 09:32:34,225]  INFO {AUDIT_LOG} - Initiator : 75777ff5-b74d-440b-a0bd-6c2ca0c89d89 | Action : PostTokenIssue | Target : PasswordGrantAuditLogger | Data : { "AuthenticatedUser" : "75777ff5-b74d-440b-a0bd-6c2ca0c89d89","AuthenticatedUserStoreDomain" : "PRIMARY","AuthenticatedUserTenantDomain" : "carbon.super","ServiceProvider" : "admin_ea90ae31-c3d2-4fb9-9f0c-8c7ddae64655_PRODUCTION","RequestType" : "oauth2","RelyingParty" : "vOJ1PyTYOJKJlJCvyahU2z_G9C8a" } | Result : Success 
TID: [-1234] [2025-06-25 09:32:34,237]  INFO {AUDIT_LOG} - Initiator=w**************r Action=Get-User-Claim-Values Target=a***n Data={"Claims":{},"Profile":"default"} Outcome=Success
TID: [-1234] [2025-06-25 09:32:34,238]  INFO {AUDIT_LOG} - Initiator=w**************r Action=Get-User-Claim-Values Target=a***n Data={"Claims":{},"Profile":"default"} Outcome=Success
TID: [-1234] [2025-06-25 09:32:34,238]  INFO {AUDIT_LOG} - Initiator=w**************r Action=Get-User-Claim-Values Target=a***n Data={"Claims":{},"Profile":"default"} Outcome=Success
TID: [-1234] [2025-06-25 09:32:34,245]  INFO {AUDIT_LOG} - GET /api/am/publisher/apis user: 75777ff5-b74d-440b-a0bd-6c2ca0c89d89@carbon.super app: vOJ1PyTYOJKJlJCvyahU2z_G9C8a
TID: [-1234] [2025-06-25 09:32:59,137]  INFO {AUDIT_LOG} - Initiator=w**************r Action=Get-User-List Target=null Data={"Claim Value":"a***n","Users":["a***n"],"Claim":"http://wso2.org/claims/username"} Outcome=Success
TID: [-1234] [2025-06-25 09:32:59,142]  INFO {AUDIT_LOG} - Initiator=w**************r Action=Get-User-Claim-Values Target=a***n Data={"Claims":{},"Profile":"default"} Outcome=Success
TID: [-1234] [2025-06-25 09:32:59,142]  INFO {AUDIT_LOG} - Initiator=w**************r Action=Get-User-Claim-Values Target=a***n Data={"Claims":{},"Profile":"default"} Outcome=Success
TID: [-1234] [2025-06-25 09:32:59,142]  INFO {AUDIT_LOG} - Initiator=w**************r Action=Get-User-Claim-Values Target=a***n Data={"Claims":{},"Profile":"default"} Outcome=Success
TID: [-1234] [2025-06-25 09:32:59,150]  INFO {AUDIT_LOG} - Initiator : 75777ff5-b74d-440b-a0bd-6c2ca0c89d89 | Action : PostTokenIssue | Target : PasswordGrantAuditLogger | Data : { "AuthenticatedUser" : "75777ff5-b74d-440b-a0bd-6c2ca0c89d89","AuthenticatedUserStoreDomain" : "PRIMARY","AuthenticatedUserTenantDomain" : "carbon.super","ServiceProvider" : "admin_ea90ae31-c3d2-4fb9-9f0c-8c7ddae64655_PRODUCTION","RequestType" : "oauth2","RelyingParty" : "vOJ1PyTYOJKJlJCvyahU2z_G9C8a" } | Result : Success 
TID: [-1234] [2025-06-25 09:32:59,157]  INFO {AUDIT_LOG} - Initiator=w**************r Action=Get-User-Claim-Values Target=a***n Data={"Claims":{},"Profile":"default"} Outcome=Success
TID: [-1234] [2025-06-25 09:32:59,158]  INFO {AUDIT_LOG} - Initiator=w**************r Action=Get-User-Claim-Values Target=a***n Data={"Claims":{},"Profile":"default"} Outcome=Success
TID: [-1234] [2025-06-25 09:32:59,158]  INFO {AUDIT_LOG} - Initiator=w**************r Action=Get-User-Claim-Values Target=a***n Data={"Claims":{},"Profile":"default"} Outcome=Success
TID: [-1234] [2025-06-25 09:32:59,159]  INFO {AUDIT_LOG} - GET /api/am/publisher/apis user: 75777ff5-b74d-440b-a0bd-6c2ca0c89d89@carbon.super app: vOJ1PyTYOJKJlJCvyahU2z_G9C8a
TID: [] [2025-06-25 09:32:59,181]  INFO {AUDIT_LOG} - Initiator=w**************r Action=Get-User-Claim-Values Target=a***n Data={"Claims":{},"Profile":"default"} Outcome=Success
TID: [] [2025-06-25 09:32:59,181]  INFO {AUDIT_LOG} - Initiator=w**************r Action=Get-User-Claim-Values Target=a***n Data={"Claims":{},"Profile":"default"} Outcome=Success
TID: [] [2025-06-25 09:32:59,181]  INFO {AUDIT_LOG} - Initiator=w**************r Action=Get-User-Claim-Values Target=a***n Data={"Claims":{},"Profile":"default"} Outcome=Success
TID: [-1234] [2025-06-25 09:32:59,310]  INFO {AUDIT_LOG} - Initiator=w**************r Action=Get-User-List Target=null Data={"Claim Value":"a***n","Users":["a***n"],"Claim":"http://wso2.org/claims/username"} Outcome=Success
TID: [-1234] [2025-06-25 09:32:59,311]  INFO {AUDIT_LOG} - Initiator=w**************r Action=Get-User-Claim-Values Target=a***n Data={"Claims":{},"Profile":"default"} Outcome=Success
TID: [-1234] [2025-06-25 09:32:59,312]  INFO {AUDIT_LOG} - Initiator=w**************r Action=Get-User-Claim-Values Target=a***n Data={"Claims":{},"Profile":"default"} Outcome=Success
TID: [-1234] [2025-06-25 09:32:59,312]  INFO {AUDIT_LOG} - Initiator=w**************r Action=Get-User-Claim-Values Target=a***n Data={"Claims":{},"Profile":"default"} Outcome=Success
TID: [-1234] [2025-06-25 09:32:59,321]  INFO {AUDIT_LOG} - Initiator : 75777ff5-b74d-440b-a0bd-6c2ca0c89d89 | Action : PostTokenIssue | Target : PasswordGrantAuditLogger | Data : { "AuthenticatedUser" : "75777ff5-b74d-440b-a0bd-6c2ca0c89d89","AuthenticatedUserStoreDomain" : "PRIMARY","AuthenticatedUserTenantDomain" : "carbon.super","ServiceProvider" : "admin_ea90ae31-c3d2-4fb9-9f0c-8c7ddae64655_PRODUCTION","RequestType" : "oauth2","RelyingParty" : "vOJ1PyTYOJKJlJCvyahU2z_G9C8a" } | Result : Success 
TID: [-1234] [2025-06-25 09:32:59,329]  INFO {AUDIT_LOG} - Initiator=w**************r Action=Get-User-Claim-Values Target=a***n Data={"Claims":{},"Profile":"default"} Outcome=Success
TID: [-1234] [2025-06-25 09:32:59,330]  INFO {AUDIT_LOG} - Initiator=w**************r Action=Get-User-Claim-Values Target=a***n Data={"Claims":{},"Profile":"default"} Outcome=Success
TID: [-1234] [2025-06-25 09:32:59,330]  INFO {AUDIT_LOG} - Initiator=w**************r Action=Get-User-Claim-Values Target=a***n Data={"Claims":{},"Profile":"default"} Outcome=Success
TID: [-1234] [2025-06-25 09:32:59,338]  INFO {AUDIT_LOG} - GET /api/am/publisher/apis user: 75777ff5-b74d-440b-a0bd-6c2ca0c89d89@carbon.super app: vOJ1PyTYOJKJlJCvyahU2z_G9C8a
