TID: [-1234] [2025-05-13 11:05:10,373]  INFO {AUDIT_LOG} - Initiator=w**************r Action=Get-User-Claim-Values Target=a***n Data={"Claims":{},"Profile":"default"} Outcome=Success
TID: [-1234] [2025-05-13 11:05:10,375]  INFO {AUDIT_LOG} - Initiator=w**************r Action=Get-User-Claim-Values Target=a***n Data={"Claims":{},"Profile":"default"} Outcome=Success
TID: [-1234] [2025-05-13 11:05:10,376]  INFO {AUDIT_LOG} - Initiator=w**************r Action=Get-User-Claim-Values Target=a***n Data={"Claims":{},"Profile":"default"} Outcome=Success
TID: [-1234] [2025-05-13 11:05:10,402]  INFO {AUDIT_LOG} - Initiator=w**************r Action=Get-Roles-of-User Target=a***n Data={"Filter":"*","Roles":["Internal/subscriber","Internal/creator","Internal/publisher","Internal/everyone","Internal/devops","admin","Internal/analytics","Internal/observer","Internal/integration_dev"]} Outcome=Success
TID: [-1234] [2025-05-13 11:05:10,682]  INFO {AUDIT_LOG} - Initiator : 75777ff5-b74d-440b-a0bd-6c2ca0c89d89 | Action : Add-Application | Target : 06ac33fc-0a4b-4cbd-b112-4c8413b95ab3 | Data : { Changed-State : { Name:apim_admin_portal, Description:Service Provider for application apim_admin_portal, Resource ID:06ac33fc-0a4b-4cbd-b112-4c8413b95ab3, Access URL:null, Is Discoverable:false, Is SaaS:true, , Service Provider Properties:[{useUserIdForDefaultSubject:true}, {isManagementApp:false}, {TokenType:DEFAULT}, {skipLogoutConsent:true}, {DisplayName:apim_admin_portal}, {skipConsent:true}, {jwksURI:}, {templateId:}, {orgId:carbon.super}] } } | Result : Success 
TID: [-1234] [2025-05-13 11:05:10,869]  INFO {AUDIT_LOG} - Initiator : 75777ff5-b74d-440b-a0bd-6c2ca0c89d89 | Action : Update-Application | Target : 06ac33fc-0a4b-4cbd-b112-4c8413b95ab3 | Data : { Changed-State : { Name:apim_admin_portal, Description:Service Provider for application apim_admin_portal, Resource ID:06ac33fc-0a4b-4cbd-b112-4c8413b95ab3, Access URL:null, Is Discoverable:false, Is SaaS:true, Inbound Authentication Configs:[{Auth Key:f**************************a, Auth Type:oauth2, Config Type:null, Inbound configuration:nullProperties:[{oauthConsumerSecret:o**************************a}]}], Local and Outbound Configuration:{Auth Type:default}, Claim Configuration:{User Claim URI:null, Role Claim URI:null}, Inbound Provisioning Configuration:{Provisioning Userstore:null, Is Dumb Mode:false}, Outbound Provisioning Configuration:{}, Service Provider Properties:[{isManagementApp:false}, {TokenType:DEFAULT}, {skipLogoutConsent:true}, {USE_DOMAIN_IN_ROLES:true}, {DisplayName:apim_admin_portal}, {skipConsent:true}, {jwksURI:}, {templateId:}, {orgId:carbon.super}] } } | Result : Success 
TID: [-1234] [2025-05-13 11:05:40,906]  INFO {AUDIT_LOG} - Initiator=w**************r Action=Get-User-List Target=null Data={"ServiceProviderName":"apim_admin_portal","Claim Value":"a***n","Users":["a***n"],"Claim":"http://wso2.org/claims/username"} Outcome=Success
TID: [-1234] [2025-05-13 11:05:40,918]  INFO {AUDIT_LOG} - Initiator=w**************r Action=Get-User-Claim-Values Target=a***n Data={"ServiceProviderName":"apim_admin_portal","Claims":{},"Profile":"default"} Outcome=Success
TID: [-1234] [2025-05-13 11:05:40,921]  INFO {AUDIT_LOG} - Initiator=w**************r Action=Get-User-Claim-Values Target=a***n Data={"ServiceProviderName":"apim_admin_portal","Claims":{},"Profile":"default"} Outcome=Success
TID: [-1234] [2025-05-13 11:05:40,924]  INFO {AUDIT_LOG} - Initiator=w**************r Action=Get-User-Claim-Values Target=a***n Data={"ServiceProviderName":"apim_admin_portal","Claims":{},"Profile":"default"} Outcome=Success
TID: [-1234] [2025-05-13 11:05:40,931]  INFO {AUDIT_LOG} - Initiator : a***n | Action : LoginStepSuccess | Target : ApplicationAuthenticationFramework | Data : { "ContextIdentifier" : "fe205aa5-09fa-44fa-b133-a7cdb940a043","AuthenticatedUser" : "a***n","AuthenticatedUserTenantDomain" : "carbon.super","ServiceProviderName" : "apim_admin_portal","RequestType" : "oidc","RelyingParty" : "fKcWxGUxlRQ2gnjI5A5lwL40Mt0a","AuthenticatedIdP" : "LOCAL","User Agent" : "null","RemoteAddress" : "null","UserStoreDomain" : "PRIMARY" } | Result : Success 
TID: [-1234] [2025-05-13 11:05:40,935]  INFO {AUDIT_LOG} - Initiator : a****************r | Action : Authenticate | Target : ApplicationAuthenticationFramework | Data : { Step: 1, IDP: LOCAL, Authenticator:BasicAuthenticator } | Result : Success 
TID: [-1234] [2025-05-13 11:05:40,946]  INFO {AUDIT_LOG} - Initiator=w**************r Action=Get-User-Claim-Values Target=a***n Data={"ServiceProviderName":"apim_admin_portal","Claims":{"http://wso2.org/claims/username":"a***n","http://wso2.org/claims/userid":"75777ff5-b74d-440b-a0bd-6c2ca0c89d89","http://wso2.org/claims/role":"I***********************************************************************************************************************************************************v","http://wso2.org/claims/userprincipal":"a***n"}} Outcome=Success
TID: [-1234] [2025-05-13 11:05:40,965]  INFO {AUDIT_LOG} - Initiator : 75777ff5-b74d-440b-a0bd-6c2ca0c89d89 | Action : StoreSession | Data : { {"traceId":"e50eb19b-1b26-4d93-a332-6ed035b3d0e6","RememberMe":false,"sessionContextId":"55ccbf28dfe0d1d797186bb3ff4555f556bd4a31399c94ea9f7873e4f7892781","AuthenticatedUserTenantDomain":"carbon.super","AuthenticatedUser":"a***n","LastAccessedTimestamp":1747134340958} } | Result : Success 
TID: [-1234] [2025-05-13 11:05:40,969]  INFO {AUDIT_LOG} - Initiator : 75777ff5-b74d-440b-a0bd-6c2ca0c89d89 | Action : Login | Target : ApplicationAuthenticationFramework | Data : { "ContextIdentifier" : "fe205aa5-09fa-44fa-b133-a7cdb940a043","AuthenticatedUser" : "a***n","AuthenticatedUserTenantDomain" : "carbon.super","ServiceProviderName" : "apim_admin_portal","RequestType" : "oidc","RelyingParty" : "fKcWxGUxlRQ2gnjI5A5lwL40Mt0a","AuthenticatedIdPs" : "eyJ0eXAiOiJKV1QiLCJhbGciOiJIUzI1NiJ9.eyJpc3MiOiJ3c28yIiwiZXhwIjoxNzQ3MTM0MzQzOTM1LCJpYXQiOjE3NDcxMzQzNDA5MzUsImlkcHMiOlt7ImlkcCI6IkxPQ0FMIiwiYXV0aGVudGljYXRvciI6IkJhc2ljQXV0aGVudGljYXRvciJ9XX0.78HoHejt9YzfgPaq9VvfKfjmcDdOPCAl4xvnaWCGYZg","User Agent" : "null","RemoteAddress" : "null","UserStoreDomain" : "PRIMARY" } | Result : Success 
TID: [-1234] [2025-05-13 11:05:41,399]  INFO {AUDIT_LOG} - Initiator=w**************r Action=Get-User-List Target=null Data={"Claim Value":"a***n","Users":["a***n"],"Claim":"http://wso2.org/claims/username"} Outcome=Success
TID: [-1234] [2025-05-13 11:05:41,401]  INFO {AUDIT_LOG} - Initiator=w**************r Action=Get-User-Claim-Values Target=a***n Data={"Claims":{},"Profile":"default"} Outcome=Success
TID: [-1234] [2025-05-13 11:05:41,402]  INFO {AUDIT_LOG} - Initiator=w**************r Action=Get-User-Claim-Values Target=a***n Data={"Claims":{},"Profile":"default"} Outcome=Success
TID: [-1234] [2025-05-13 11:05:41,402]  INFO {AUDIT_LOG} - Initiator=w**************r Action=Get-User-Claim-Values Target=a***n Data={"Claims":{},"Profile":"default"} Outcome=Success
TID: [-1234] [2025-05-13 11:05:42,035]  INFO {AUDIT_LOG} - Initiator=w**************r Action=Get-User-Claim-Value Target=a***n Data={"Claim":"http://wso2.org/claims/organization"} Outcome=Success
TID: [-1234] [2025-05-13 11:05:42,035]  INFO {AUDIT_LOG} - Initiator=w**************r Action=Get-User-Claim-Value Target=a***n Data={"Claim":"http://wso2.org/claims/organization"} Outcome=Success
TID: [-1234] [2025-05-13 11:05:42,141]  INFO {AUDIT_LOG} - GET /api/am/admin/tenant-info/YWRtaW5AY2FyYm9uLnN1cGVy user: admin@carbon.super app: fKcWxGUxlRQ2gnjI5A5lwL40Mt0a
TID: [-1234] [2025-05-13 11:05:42,143]  INFO {AUDIT_LOG} - GET /api/am/admin/settings user: admin@carbon.super app: fKcWxGUxlRQ2gnjI5A5lwL40Mt0a
TID: [-1234] [2025-05-13 11:05:42,347]  INFO {AUDIT_LOG} - GET /api/am/admin/workflows?limit=30&workflowType=AM_USER_SIGNUP user: admin@carbon.super app: fKcWxGUxlRQ2gnjI5A5lwL40Mt0a
TID: [-1234] [2025-05-13 11:05:42,348]  INFO {AUDIT_LOG} - GET /api/am/admin/api-categories user: admin@carbon.super app: fKcWxGUxlRQ2gnjI5A5lwL40Mt0a
TID: [-1234] [2025-05-13 11:05:42,348]  INFO {AUDIT_LOG} - GET /api/am/admin/workflows?limit=30&workflowType=AM_API_STATE user: admin@carbon.super app: fKcWxGUxlRQ2gnjI5A5lwL40Mt0a
TID: [-1234] [2025-05-13 11:05:42,348]  INFO {AUDIT_LOG} - GET /api/am/admin/workflows?limit=30&workflowType=AM_API_PRODUCT_STATE user: admin@carbon.super app: fKcWxGUxlRQ2gnjI5A5lwL40Mt0a
TID: [-1234] [2025-05-13 11:05:42,348]  INFO {AUDIT_LOG} - GET /api/am/admin/workflows?limit=30&workflowType=AM_APPLICATION_CREATION user: admin@carbon.super app: fKcWxGUxlRQ2gnjI5A5lwL40Mt0a
TID: [-1234] [2025-05-13 11:05:42,348]  INFO {AUDIT_LOG} - GET /api/am/admin/workflows?limit=30&workflowType=AM_APPLICATION_DELETION user: admin@carbon.super app: fKcWxGUxlRQ2gnjI5A5lwL40Mt0a
TID: [-1234] [2025-05-13 11:05:42,372]  INFO {AUDIT_LOG} - GET /api/am/admin/workflows?limit=30&workflowType=AM_SUBSCRIPTION_CREATION user: admin@carbon.super app: fKcWxGUxlRQ2gnjI5A5lwL40Mt0a
TID: [-1234] [2025-05-13 11:05:42,423]  INFO {AUDIT_LOG} - GET /api/am/admin/workflows?limit=30&workflowType=AM_SUBSCRIPTION_DELETION user: admin@carbon.super app: fKcWxGUxlRQ2gnjI5A5lwL40Mt0a
TID: [-1234] [2025-05-13 11:05:42,423]  INFO {AUDIT_LOG} - GET /api/am/admin/workflows?limit=30&workflowType=AM_SUBSCRIPTION_UPDATE user: admin@carbon.super app: fKcWxGUxlRQ2gnjI5A5lwL40Mt0a
TID: [-1234] [2025-05-13 11:05:42,430]  INFO {AUDIT_LOG} - GET /api/am/admin/workflows?limit=30&workflowType=AM_APPLICATION_REGISTRATION_PRODUCTION user: admin@carbon.super app: fKcWxGUxlRQ2gnjI5A5lwL40Mt0a
TID: [-1234] [2025-05-13 11:05:42,430]  INFO {AUDIT_LOG} - GET /api/am/admin/workflows?limit=30&workflowType=AM_APPLICATION_REGISTRATION_SANDBOX user: admin@carbon.super app: fKcWxGUxlRQ2gnjI5A5lwL40Mt0a
TID: [-1234] [2025-05-13 11:05:42,434]  INFO {AUDIT_LOG} - GET /api/am/admin/workflows?limit=30&workflowType=AM_REVISION_DEPLOYMENT user: admin@carbon.super app: fKcWxGUxlRQ2gnjI5A5lwL40Mt0a
TID: [-1234] [2025-05-13 16:46:01,974]  INFO {AUDIT_LOG} - Initiator=w**************r Action=Get-User-List Target=null Data={"ServiceProviderName":"apim_devportal","Claim Value":"a***n","Users":["a***n"],"Claim":"http://wso2.org/claims/username"} Outcome=Success
TID: [-1234] [2025-05-13 16:46:01,982]  INFO {AUDIT_LOG} - Initiator=w**************r Action=Get-User-Claim-Values Target=a***n Data={"ServiceProviderName":"apim_devportal","Claims":{},"Profile":"default"} Outcome=Success
TID: [-1234] [2025-05-13 16:46:01,984]  INFO {AUDIT_LOG} - Initiator=w**************r Action=Get-User-Claim-Values Target=a***n Data={"ServiceProviderName":"apim_devportal","Claims":{},"Profile":"default"} Outcome=Success
TID: [-1234] [2025-05-13 16:46:01,984]  INFO {AUDIT_LOG} - Initiator=w**************r Action=Get-User-Claim-Values Target=a***n Data={"ServiceProviderName":"apim_devportal","Claims":{},"Profile":"default"} Outcome=Success
TID: [-1234] [2025-05-13 16:46:01,986]  INFO {AUDIT_LOG} - Initiator : a***n | Action : LoginStepSuccess | Target : ApplicationAuthenticationFramework | Data : { "ContextIdentifier" : "77d448ec-ce5a-4874-b1d8-3e0a132287e0","AuthenticatedUser" : "a***n","AuthenticatedUserTenantDomain" : "carbon.super","ServiceProviderName" : "apim_devportal","RequestType" : "oidc","RelyingParty" : "8YNcwtyaHxWPUT9xJgLZDwrd4sUa","AuthenticatedIdP" : "LOCAL","User Agent" : "null","RemoteAddress" : "null","UserStoreDomain" : "PRIMARY" } | Result : Success 
TID: [-1234] [2025-05-13 16:46:01,987]  INFO {AUDIT_LOG} - Initiator : a****************r | Action : Authenticate | Target : ApplicationAuthenticationFramework | Data : { Step: 1, IDP: LOCAL, Authenticator:BasicAuthenticator } | Result : Success 
TID: [-1234] [2025-05-13 16:46:01,992]  INFO {AUDIT_LOG} - Initiator=w**************r Action=Get-Roles-of-User Target=a***n Data={"ServiceProviderName":"apim_devportal","Filter":"*","Roles":["Internal/subscriber","Internal/creator","Internal/publisher","Internal/everyone","Internal/devops","admin","Internal/analytics","Internal/observer","Internal/integration_dev"]} Outcome=Success
TID: [-1234] [2025-05-13 16:46:01,993]  INFO {AUDIT_LOG} - Initiator=w**************r Action=Get-User-Claim-Values Target=a***n Data={"ServiceProviderName":"apim_devportal","Claims":{"http://wso2.org/claims/username":"a***n","http://wso2.org/claims/userid":"75777ff5-b74d-440b-a0bd-6c2ca0c89d89","http://wso2.org/claims/role":"I***********************************************************************************************************************************************************v","http://wso2.org/claims/userprincipal":"a***n"}} Outcome=Success
TID: [-1234] [2025-05-13 16:46:02,006]  INFO {AUDIT_LOG} - Initiator : 75777ff5-b74d-440b-a0bd-6c2ca0c89d89 | Action : StoreSession | Data : { {"traceId":"0d8630be-0637-47f1-bf6d-4b817427e393","RememberMe":false,"sessionContextId":"3fad6ff3e27eb365142031bb63d2760bb3e101b44ed8ab3e0fb695f7e82e5512","AuthenticatedUserTenantDomain":"carbon.super","AuthenticatedUser":"a***n","LastAccessedTimestamp":1747154761998} } | Result : Success 
TID: [-1234] [2025-05-13 16:46:02,009]  INFO {AUDIT_LOG} - Initiator : 75777ff5-b74d-440b-a0bd-6c2ca0c89d89 | Action : Login | Target : ApplicationAuthenticationFramework | Data : { "ContextIdentifier" : "77d448ec-ce5a-4874-b1d8-3e0a132287e0","AuthenticatedUser" : "a***n","AuthenticatedUserTenantDomain" : "carbon.super","ServiceProviderName" : "apim_devportal","RequestType" : "oidc","RelyingParty" : "8YNcwtyaHxWPUT9xJgLZDwrd4sUa","AuthenticatedIdPs" : "eyJ0eXAiOiJKV1QiLCJhbGciOiJIUzI1NiJ9.eyJpc3MiOiJ3c28yIiwiZXhwIjoxNzQ3MTU0NzY0OTg3LCJpYXQiOjE3NDcxNTQ3NjE5ODcsImlkcHMiOlt7ImlkcCI6IkxPQ0FMIiwiYXV0aGVudGljYXRvciI6IkJhc2ljQXV0aGVudGljYXRvciJ9XX0.M2XPjArIZtgQKji-ce1gZxiiQC-_nGH5cnESBeSB1yE","User Agent" : "null","RemoteAddress" : "null","UserStoreDomain" : "PRIMARY" } | Result : Success 
TID: [-1234] [2025-05-13 16:46:02,564]  INFO {AUDIT_LOG} - Initiator=w**************r Action=Get-User-List Target=null Data={"Claim Value":"a***n","Users":["a***n"],"Claim":"http://wso2.org/claims/username"} Outcome=Success
TID: [-1234] [2025-05-13 16:46:02,569]  INFO {AUDIT_LOG} - Initiator=w**************r Action=Get-User-Claim-Values Target=a***n Data={"Claims":{},"Profile":"default"} Outcome=Success
TID: [-1234] [2025-05-13 16:46:02,570]  INFO {AUDIT_LOG} - Initiator=w**************r Action=Get-User-Claim-Values Target=a***n Data={"Claims":{},"Profile":"default"} Outcome=Success
TID: [-1234] [2025-05-13 16:46:02,570]  INFO {AUDIT_LOG} - Initiator=w**************r Action=Get-User-Claim-Values Target=a***n Data={"Claims":{},"Profile":"default"} Outcome=Success
TID: [-1234] [2025-05-13 16:46:02,598]  INFO {AUDIT_LOG} - Initiator=w**************r Action=Get-User-Claim-Value Target=a***n Data={"Claim":"http://wso2.org/claims/organization"} Outcome=Success
TID: [-1234] [2025-05-13 16:46:02,757]  INFO {AUDIT_LOG} - GET /api/am/devportal/settings user: admin@carbon.super app: 8YNcwtyaHxWPUT9xJgLZDwrd4sUa
TID: [-1234] [2025-05-13 16:46:02,795]  INFO {AUDIT_LOG} - GET /api/am/devportal/me/organization-information user: admin@carbon.super app: 8YNcwtyaHxWPUT9xJgLZDwrd4sUa
TID: [-1234] [2025-05-13 16:46:02,902]  INFO {AUDIT_LOG} - GET /api/am/devportal/tags?limit=-1 user: admin@carbon.super app: 8YNcwtyaHxWPUT9xJgLZDwrd4sUa
TID: [-1234] [2025-05-13 16:46:02,902]  INFO {AUDIT_LOG} - GET /api/am/devportal/apis?limit=10&offset=0 user: admin@carbon.super app: 8YNcwtyaHxWPUT9xJgLZDwrd4sUa
TID: [-1234] [2025-05-13 16:46:02,910]  INFO {AUDIT_LOG} - GET /api/am/devportal/api-categories user: admin@carbon.super app: 8YNcwtyaHxWPUT9xJgLZDwrd4sUa
TID: [-1234] [2025-05-13 16:46:03,094]  INFO {AUDIT_LOG} - GET /api/am/devportal/apis/3e9c8bfa-e0d3-4922-984e-cd99bd95a7c8/ratings user: admin@carbon.super app: 8YNcwtyaHxWPUT9xJgLZDwrd4sUa
TID: [-1234] [2025-05-13 16:46:03,094]  INFO {AUDIT_LOG} - GET /api/am/devportal/apis/3e9c8bfa-e0d3-4922-984e-cd99bd95a7c8/thumbnail user: admin@carbon.super app: 8YNcwtyaHxWPUT9xJgLZDwrd4sUa
TID: [-1234] [2025-05-13 16:46:03,094]  INFO {AUDIT_LOG} - GET /api/am/devportal/apis/3d25892b-b9a4-4295-bdc9-6528d8d6b900/ratings user: admin@carbon.super app: 8YNcwtyaHxWPUT9xJgLZDwrd4sUa
TID: [-1234] [2025-05-13 16:46:03,096]  INFO {AUDIT_LOG} - GET /api/am/devportal/apis/3d25892b-b9a4-4295-bdc9-6528d8d6b900/thumbnail user: admin@carbon.super app: 8YNcwtyaHxWPUT9xJgLZDwrd4sUa
TID: [-1234] [2025-05-13 16:46:05,336]  INFO {AUDIT_LOG} - GET /api/am/devportal/apis/3e9c8bfa-e0d3-4922-984e-cd99bd95a7c8 user: admin@carbon.super app: 8YNcwtyaHxWPUT9xJgLZDwrd4sUa
TID: [-1234] [2025-05-13 16:46:05,336]  INFO {AUDIT_LOG} - GET /api/am/devportal/applications?limit=5000 user: admin@carbon.super app: 8YNcwtyaHxWPUT9xJgLZDwrd4sUa
TID: [-1234] [2025-05-13 16:46:05,336]  INFO {AUDIT_LOG} - GET /api/am/devportal/subscriptions?apiId=3e9c8bfa-e0d3-4922-984e-cd99bd95a7c8&limit=5000 user: admin@carbon.super app: 8YNcwtyaHxWPUT9xJgLZDwrd4sUa
TID: [-1234] [2025-05-13 16:46:05,336]  INFO {AUDIT_LOG} - GET /api/am/devportal/subscriptions?apiId=3e9c8bfa-e0d3-4922-984e-cd99bd95a7c8&limit=25 user: admin@carbon.super app: 8YNcwtyaHxWPUT9xJgLZDwrd4sUa
TID: [-1234] [2025-05-13 16:46:05,336]  INFO {AUDIT_LOG} - GET /api/am/devportal/settings user: admin@carbon.super app: 8YNcwtyaHxWPUT9xJgLZDwrd4sUa
TID: [-1234] [2025-05-13 16:46:05,857]  INFO {AUDIT_LOG} - GET /api/am/devportal/apis/3e9c8bfa-e0d3-4922-984e-cd99bd95a7c8/documents user: admin@carbon.super app: 8YNcwtyaHxWPUT9xJgLZDwrd4sUa
TID: [-1234] [2025-05-13 16:46:05,857]  INFO {AUDIT_LOG} - GET /api/am/devportal/throttling-policies/subscription user: admin@carbon.super app: 8YNcwtyaHxWPUT9xJgLZDwrd4sUa
TID: [-1234] [2025-05-13 16:46:05,878]  INFO {AUDIT_LOG} - GET /api/am/devportal/apis/3e9c8bfa-e0d3-4922-984e-cd99bd95a7c8/documents user: admin@carbon.super app: 8YNcwtyaHxWPUT9xJgLZDwrd4sUa
TID: [-1234] [2025-05-13 16:46:05,891]  INFO {AUDIT_LOG} - GET /api/am/devportal/throttling-policies/subscription user: admin@carbon.super app: 8YNcwtyaHxWPUT9xJgLZDwrd4sUa
TID: [-1234] [2025-05-13 16:46:05,921]  INFO {AUDIT_LOG} - GET /api/am/devportal/apis/3e9c8bfa-e0d3-4922-984e-cd99bd95a7c8/ratings user: admin@carbon.super app: 8YNcwtyaHxWPUT9xJgLZDwrd4sUa
TID: [-1234] [2025-05-13 16:46:05,922]  INFO {AUDIT_LOG} - GET /api/am/devportal/apis/3e9c8bfa-e0d3-4922-984e-cd99bd95a7c8/thumbnail user: admin@carbon.super app: 8YNcwtyaHxWPUT9xJgLZDwrd4sUa
TID: [-1234] [2025-05-13 16:46:05,922]  INFO {AUDIT_LOG} - GET /api/am/devportal/apis/3e9c8bfa-e0d3-4922-984e-cd99bd95a7c8/comments?limit=5&offset=0 user: admin@carbon.super app: 8YNcwtyaHxWPUT9xJgLZDwrd4sUa
TID: [-1234] [2025-05-13 16:47:00,570]  INFO {AUDIT_LOG} - Initiator=w**************r Action=Get-User-Claim-Values Target=a***n Data={"ServiceProviderName":"apim_publisher","Claims":{"http://wso2.org/claims/username":"a***n","http://wso2.org/claims/userid":"75777ff5-b74d-440b-a0bd-6c2ca0c89d89","http://wso2.org/claims/role":"I***********************************************************************************************************************************************************v","http://wso2.org/claims/userprincipal":"a***n"}} Outcome=Success
TID: [-1234] [2025-05-13 16:47:00,577]  INFO {AUDIT_LOG} - Initiator : 75777ff5-b74d-440b-a0bd-6c2ca0c89d89 | Action : UpdateSession | Data : { {"traceId":"2c9135dc-7dc7-4f65-adb3-c9fefafef7fd","RememberMe":false,"sessionContextId":"3fad6ff3e27eb365142031bb63d2760bb3e101b44ed8ab3e0fb695f7e82e5512","AuthenticatedUserTenantDomain":"carbon.super","AuthenticatedUser":"a***n","LastAccessedTimestamp":1747154820572} } | Result : Success 
TID: [-1234] [2025-05-13 16:47:00,580]  INFO {AUDIT_LOG} - Initiator : 75777ff5-b74d-440b-a0bd-6c2ca0c89d89 | Action : Login | Target : ApplicationAuthenticationFramework | Data : { "ContextIdentifier" : "39c6cfdd-6692-4a14-ad91-c51ff3b46a61","AuthenticatedUser" : "a***n","AuthenticatedUserTenantDomain" : "carbon.super","ServiceProviderName" : "apim_publisher","RequestType" : "oidc","RelyingParty" : "y3vyR8tiJmvfXsdGZfwvaSpvK7Qa","AuthenticatedIdPs" : "eyJ0eXAiOiJKV1QiLCJhbGciOiJIUzI1NiJ9.eyJpc3MiOiJ3c28yIiwiZXhwIjoxNzQ3MTU0ODIzNTY4LCJpYXQiOjE3NDcxNTQ4MjA1NjgsImlkcHMiOlt7ImlkcCI6IkxPQ0FMIiwiYXV0aGVudGljYXRvciI6IkJhc2ljQXV0aGVudGljYXRvciJ9XX0.eztLTw1mbblfBFbAUJy4kvJJwqYt_cd0wIupxTrWUek","User Agent" : "null","RemoteAddress" : "null","UserStoreDomain" : "PRIMARY" } | Result : Success 
TID: [-1234] [2025-05-13 16:47:00,770]  INFO {AUDIT_LOG} - Initiator=w**************r Action=Get-User-List Target=null Data={"Claim Value":"a***n","Users":["a***n"],"Claim":"http://wso2.org/claims/username"} Outcome=Success
TID: [-1234] [2025-05-13 16:47:00,773]  INFO {AUDIT_LOG} - Initiator=w**************r Action=Get-User-Claim-Values Target=a***n Data={"Claims":{},"Profile":"default"} Outcome=Success
TID: [-1234] [2025-05-13 16:47:00,774]  INFO {AUDIT_LOG} - Initiator=w**************r Action=Get-User-Claim-Values Target=a***n Data={"Claims":{},"Profile":"default"} Outcome=Success
TID: [-1234] [2025-05-13 16:47:00,775]  INFO {AUDIT_LOG} - Initiator=w**************r Action=Get-User-Claim-Values Target=a***n Data={"Claims":{},"Profile":"default"} Outcome=Success
TID: [-1234] [2025-05-13 16:47:07,123]  INFO {AUDIT_LOG} - Initiator=w**************r Action=Get-User-Claim-Value Target=a***n Data={"Claim":"http://wso2.org/claims/organization"} Outcome=Success
TID: [-1234] [2025-05-13 16:47:07,124]  INFO {AUDIT_LOG} - GET /api/am/publisher/settings user: admin@carbon.super app: y3vyR8tiJmvfXsdGZfwvaSpvK7Qa
TID: [-1234] [2025-05-13 16:47:07,196]  INFO {AUDIT_LOG} - GET /api/am/publisher/apis?limit=10&offset=0 user: admin@carbon.super app: y3vyR8tiJmvfXsdGZfwvaSpvK7Qa
TID: [-1234] [2025-05-13 16:47:12,349]  INFO {AUDIT_LOG} - GET /api/am/publisher/tenants?state=active user: admin@carbon.super app: y3vyR8tiJmvfXsdGZfwvaSpvK7Qa
TID: [-1234] [2025-05-13 16:47:12,349]  INFO {AUDIT_LOG} - GET /api/am/publisher/apis/3d25892b-b9a4-4295-bdc9-6528d8d6b900 user: admin@carbon.super app: y3vyR8tiJmvfXsdGZfwvaSpvK7Qa
TID: [-1234] [2025-05-13 16:47:12,528]  INFO {AUDIT_LOG} - GET /api/am/publisher/me/organization-information user: admin@carbon.super app: y3vyR8tiJmvfXsdGZfwvaSpvK7Qa
TID: [-1234] [2025-05-13 16:47:12,529]  INFO {AUDIT_LOG} - GET /api/am/publisher/apis/3d25892b-b9a4-4295-bdc9-6528d8d6b900/revisions user: admin@carbon.super app: y3vyR8tiJmvfXsdGZfwvaSpvK7Qa
TID: [-1234] [2025-05-13 16:47:12,529]  INFO {AUDIT_LOG} - GET /api/am/publisher/apis/3d25892b-b9a4-4295-bdc9-6528d8d6b900/revisions?query=deployed%3Atrue user: admin@carbon.super app: y3vyR8tiJmvfXsdGZfwvaSpvK7Qa
TID: [-1234] [2025-05-13 16:47:12,529]  INFO {AUDIT_LOG} - GET /api/am/publisher/apis/3d25892b-b9a4-4295-bdc9-6528d8d6b900/swagger user: admin@carbon.super app: y3vyR8tiJmvfXsdGZfwvaSpvK7Qa
TID: [-1234] [2025-05-13 16:47:12,546]  INFO {AUDIT_LOG} - GET /api/am/publisher/apis/3d25892b-b9a4-4295-bdc9-6528d8d6b900/revisions?query=deployed%3Atrue user: admin@carbon.super app: y3vyR8tiJmvfXsdGZfwvaSpvK7Qa
TID: [-1234] [2025-05-13 16:47:12,626]  INFO {AUDIT_LOG} - GET /api/am/publisher/apis/3d25892b-b9a4-4295-bdc9-6528d8d6b900/revisions?query=deployed%3Atrue user: admin@carbon.super app: y3vyR8tiJmvfXsdGZfwvaSpvK7Qa
TID: [-1234] [2025-05-13 16:47:12,627]  INFO {AUDIT_LOG} - GET /api/am/publisher/apis/3d25892b-b9a4-4295-bdc9-6528d8d6b900/swagger user: admin@carbon.super app: y3vyR8tiJmvfXsdGZfwvaSpvK7Qa
