TID: [-1234] [2025-07-06 11:51:05,225]  INFO {AUDIT_LOG} - Initiator=w**************r Action=Get-User-List Target=null Data={"ServiceProviderName":"apim_devportal","Claim Value":"a***n","Users":["a***n"],"Claim":"http://wso2.org/claims/username"} Outcome=Success
TID: [-1234] [2025-07-06 11:51:05,251]  INFO {AUDIT_LOG} - Initiator=w**************r Action=Get-User-Claim-Values Target=a***n Data={"ServiceProviderName":"apim_devportal","Claims":{},"Profile":"default"} Outcome=Success
TID: [-1234] [2025-07-06 11:51:05,254]  INFO {AUDIT_LOG} - Initiator=w**************r Action=Get-User-Claim-Values Target=a***n Data={"ServiceProviderName":"apim_devportal","Claims":{},"Profile":"default"} Outcome=Success
TID: [-1234] [2025-07-06 11:51:05,254]  INFO {AUDIT_LOG} - Initiator=w**************r Action=Get-User-Claim-Values Target=a***n Data={"ServiceProviderName":"apim_devportal","Claims":{},"Profile":"default"} Outcome=Success
TID: [-1234] [2025-07-06 11:51:05,258]  INFO {AUDIT_LOG} - Initiator : a***n | Action : LoginStepSuccess | Target : ApplicationAuthenticationFramework | Data : { "ContextIdentifier" : "a5ce3edf-25ef-4ed3-a73a-81be3bd167ba","AuthenticatedUser" : "a***n","AuthenticatedUserTenantDomain" : "carbon.super","ServiceProviderName" : "apim_devportal","RequestType" : "oidc","RelyingParty" : "8YNcwtyaHxWPUT9xJgLZDwrd4sUa","AuthenticatedIdP" : "LOCAL","User Agent" : "null","RemoteAddress" : "null","UserStoreDomain" : "PRIMARY" } | Result : Success 
TID: [-1234] [2025-07-06 11:51:05,259]  INFO {AUDIT_LOG} - Initiator : a****************r | Action : Authenticate | Target : ApplicationAuthenticationFramework | Data : { Step: 1, IDP: LOCAL, Authenticator:BasicAuthenticator } | Result : Success 
TID: [-1234] [2025-07-06 11:51:05,264]  INFO {AUDIT_LOG} - Initiator=w**************r Action=Get-Roles-of-User Target=a***n Data={"ServiceProviderName":"apim_devportal","Filter":"*","Roles":["Internal/subscriber","Internal/creator","Internal/publisher","Internal/everyone","Internal/devops","admin","Internal/analytics","Internal/observer","Internal/integration_dev"]} Outcome=Success
TID: [-1234] [2025-07-06 11:51:05,264]  INFO {AUDIT_LOG} - Initiator=w**************r Action=Get-User-Claim-Values Target=a***n Data={"ServiceProviderName":"apim_devportal","Claims":{"http://wso2.org/claims/username":"a***n","http://wso2.org/claims/userid":"75777ff5-b74d-440b-a0bd-6c2ca0c89d89","http://wso2.org/claims/role":"I***********************************************************************************************************************************************************v","http://wso2.org/claims/userprincipal":"a***n"}} Outcome=Success
TID: [-1234] [2025-07-06 11:51:05,282]  INFO {AUDIT_LOG} - Initiator : 75777ff5-b74d-440b-a0bd-6c2ca0c89d89 | Action : StoreSession | Data : { {"traceId":"d375739c-7a3c-491e-a423-c19635bff46a","RememberMe":false,"sessionContextId":"81b93cbda0d988c729ae10410fc3107fb9de92a8c61d0246250287e42f09bac8","AuthenticatedUserTenantDomain":"carbon.super","AuthenticatedUser":"a***n","LastAccessedTimestamp":1751802665273} } | Result : Success 
TID: [-1234] [2025-07-06 11:51:05,289]  INFO {AUDIT_LOG} - Initiator : 75777ff5-b74d-440b-a0bd-6c2ca0c89d89 | Action : Login | Target : ApplicationAuthenticationFramework | Data : { "ContextIdentifier" : "a5ce3edf-25ef-4ed3-a73a-81be3bd167ba","AuthenticatedUser" : "a***n","AuthenticatedUserTenantDomain" : "carbon.super","ServiceProviderName" : "apim_devportal","RequestType" : "oidc","RelyingParty" : "8YNcwtyaHxWPUT9xJgLZDwrd4sUa","AuthenticatedIdPs" : "eyJ0eXAiOiJKV1QiLCJhbGciOiJIUzI1NiJ9.eyJpc3MiOiJ3c28yIiwiZXhwIjoxNzUxODAyNjY4MjU5LCJpYXQiOjE3NTE4MDI2NjUyNTksImlkcHMiOlt7ImlkcCI6IkxPQ0FMIiwiYXV0aGVudGljYXRvciI6IkJhc2ljQXV0aGVudGljYXRvciJ9XX0.URNRhpToO-2QdRlTpFoz593MOmluF1Lp46lJmwdf1UU","User Agent" : "null","RemoteAddress" : "null","UserStoreDomain" : "PRIMARY" } | Result : Success 
TID: [-1234] [2025-07-06 11:51:06,089]  INFO {AUDIT_LOG} - Initiator=w**************r Action=Get-User-List Target=null Data={"Claim Value":"a***n","Users":["a***n"],"Claim":"http://wso2.org/claims/username"} Outcome=Success
TID: [-1234] [2025-07-06 11:51:06,094]  INFO {AUDIT_LOG} - Initiator=w**************r Action=Get-User-Claim-Values Target=a***n Data={"Claims":{},"Profile":"default"} Outcome=Success
TID: [-1234] [2025-07-06 11:51:06,095]  INFO {AUDIT_LOG} - Initiator=w**************r Action=Get-User-Claim-Values Target=a***n Data={"Claims":{},"Profile":"default"} Outcome=Success
TID: [-1234] [2025-07-06 11:51:06,096]  INFO {AUDIT_LOG} - Initiator=w**************r Action=Get-User-Claim-Values Target=a***n Data={"Claims":{},"Profile":"default"} Outcome=Success
TID: [-1234] [2025-07-06 11:51:06,119]  INFO {AUDIT_LOG} - Initiator=w**************r Action=Get-User-Claim-Value Target=a***n Data={"Claim":"http://wso2.org/claims/organization"} Outcome=Success
TID: [-1234] [2025-07-06 11:51:06,129]  INFO {AUDIT_LOG} - GET /api/am/devportal/settings user: admin@carbon.super app: 8YNcwtyaHxWPUT9xJgLZDwrd4sUa
TID: [-1234] [2025-07-06 11:51:06,160]  INFO {AUDIT_LOG} - GET /api/am/devportal/me/organization-information user: admin@carbon.super app: 8YNcwtyaHxWPUT9xJgLZDwrd4sUa
TID: [-1234] [2025-07-06 11:51:06,395]  INFO {AUDIT_LOG} - GET /api/am/devportal/applications?sortBy=name&sortOrder=asc&limit=10&offset=0 user: admin@carbon.super app: 8YNcwtyaHxWPUT9xJgLZDwrd4sUa
TID: [-1234] [2025-07-06 11:51:11,344]  INFO {AUDIT_LOG} - GET /api/am/devportal/applications/539d6b5f-186c-4ccb-bc4a-34c980dcdbbd user: admin@carbon.super app: 8YNcwtyaHxWPUT9xJgLZDwrd4sUa
TID: [-1234] [2025-07-06 11:51:11,432]  INFO {AUDIT_LOG} - GET /api/am/devportal/applications/539d6b5f-186c-4ccb-bc4a-34c980dcdbbd user: admin@carbon.super app: 8YNcwtyaHxWPUT9xJgLZDwrd4sUa
TID: [-1234] [2025-07-06 11:51:11,479]  INFO {AUDIT_LOG} - GET /api/am/devportal/throttling-policies/application/Unlimited user: admin@carbon.super app: 8YNcwtyaHxWPUT9xJgLZDwrd4sUa
TID: [-1234] [2025-07-06 11:51:13,913]  INFO {AUDIT_LOG} - GET /api/am/devportal/subscriptions?applicationId=539d6b5f-186c-4ccb-bc4a-34c980dcdbbd&limit=1000 user: admin@carbon.super app: 8YNcwtyaHxWPUT9xJgLZDwrd4sUa
TID: [-1234] [2025-07-06 11:51:13,983]  INFO {AUDIT_LOG} - GET /api/am/devportal/apis/3d25892b-b9a4-4295-bdc9-6528d8d6b900 user: admin@carbon.super app: 8YNcwtyaHxWPUT9xJgLZDwrd4sUa
TID: [-1234] [2025-07-06 11:51:13,983]  INFO {AUDIT_LOG} - GET /api/am/devportal/subscriptions/fcf2d4f2-04cd-47b9-8c2f-5f55bc311e16 user: admin@carbon.super app: 8YNcwtyaHxWPUT9xJgLZDwrd4sUa
TID: [-1234] [2025-07-06 11:51:13,984]  INFO {AUDIT_LOG} - GET /api/am/devportal/subscriptions/2547596d-d0e2-4c23-a3a1-c47925c7b7c2 user: admin@carbon.super app: 8YNcwtyaHxWPUT9xJgLZDwrd4sUa
TID: [-1234] [2025-07-06 11:51:13,984]  INFO {AUDIT_LOG} - GET /api/am/devportal/apis/3e9c8bfa-e0d3-4922-984e-cd99bd95a7c8 user: admin@carbon.super app: 8YNcwtyaHxWPUT9xJgLZDwrd4sUa
TID: [-1234] [2025-07-06 11:51:14,001]  INFO {AUDIT_LOG} - GET /api/am/devportal/apis/3d25892b-b9a4-4295-bdc9-6528d8d6b900 user: admin@carbon.super app: 8YNcwtyaHxWPUT9xJgLZDwrd4sUa
TID: [-1234] [2025-07-06 11:51:14,005]  INFO {AUDIT_LOG} - GET /api/am/devportal/apis/3e9c8bfa-e0d3-4922-984e-cd99bd95a7c8 user: admin@carbon.super app: 8YNcwtyaHxWPUT9xJgLZDwrd4sUa
TID: [-1234] [2025-07-06 11:51:14,018]  INFO {AUDIT_LOG} - GET /api/am/devportal/throttling-policies/subscription/Unlimited user: admin@carbon.super app: 8YNcwtyaHxWPUT9xJgLZDwrd4sUa
TID: [-1234] [2025-07-06 11:51:14,028]  INFO {AUDIT_LOG} - GET /api/am/devportal/throttling-policies/subscription/Unlimited user: admin@carbon.super app: 8YNcwtyaHxWPUT9xJgLZDwrd4sUa
TID: [-1234] [2025-07-06 11:51:15,773]  INFO {AUDIT_LOG} - GET /api/am/devportal/settings user: admin@carbon.super app: 8YNcwtyaHxWPUT9xJgLZDwrd4sUa
TID: [-1234] [2025-07-06 11:51:15,773]  INFO {AUDIT_LOG} - GET /api/am/devportal/subscriptions?apiId=3e9c8bfa-e0d3-4922-984e-cd99bd95a7c8&limit=5000 user: admin@carbon.super app: 8YNcwtyaHxWPUT9xJgLZDwrd4sUa
TID: [-1234] [2025-07-06 11:51:15,773]  INFO {AUDIT_LOG} - GET /api/am/devportal/applications?limit=5000 user: admin@carbon.super app: 8YNcwtyaHxWPUT9xJgLZDwrd4sUa
TID: [-1234] [2025-07-06 11:51:15,773]  INFO {AUDIT_LOG} - GET /api/am/devportal/apis/3e9c8bfa-e0d3-4922-984e-cd99bd95a7c8 user: admin@carbon.super app: 8YNcwtyaHxWPUT9xJgLZDwrd4sUa
TID: [-1234] [2025-07-06 11:51:15,773]  INFO {AUDIT_LOG} - GET /api/am/devportal/subscriptions?apiId=3e9c8bfa-e0d3-4922-984e-cd99bd95a7c8&limit=25 user: admin@carbon.super app: 8YNcwtyaHxWPUT9xJgLZDwrd4sUa
TID: [-1234] [2025-07-06 11:51:16,062]  INFO {AUDIT_LOG} - GET /api/am/devportal/throttling-policies/subscription user: admin@carbon.super app: 8YNcwtyaHxWPUT9xJgLZDwrd4sUa
TID: [-1234] [2025-07-06 11:51:16,063]  INFO {AUDIT_LOG} - GET /api/am/devportal/apis/3e9c8bfa-e0d3-4922-984e-cd99bd95a7c8/documents user: admin@carbon.super app: 8YNcwtyaHxWPUT9xJgLZDwrd4sUa
TID: [-1234] [2025-07-06 11:51:16,071]  INFO {AUDIT_LOG} - GET /api/am/devportal/throttling-policies/subscription user: admin@carbon.super app: 8YNcwtyaHxWPUT9xJgLZDwrd4sUa
TID: [-1234] [2025-07-06 11:51:16,077]  INFO {AUDIT_LOG} - GET /api/am/devportal/apis/3e9c8bfa-e0d3-4922-984e-cd99bd95a7c8/documents user: admin@carbon.super app: 8YNcwtyaHxWPUT9xJgLZDwrd4sUa
TID: [-1234] [2025-07-06 11:51:16,103]  INFO {AUDIT_LOG} - GET /api/am/devportal/apis/3e9c8bfa-e0d3-4922-984e-cd99bd95a7c8/thumbnail user: admin@carbon.super app: 8YNcwtyaHxWPUT9xJgLZDwrd4sUa
TID: [-1234] [2025-07-06 11:51:16,103]  INFO {AUDIT_LOG} - GET /api/am/devportal/apis/3e9c8bfa-e0d3-4922-984e-cd99bd95a7c8/comments?limit=5&offset=0 user: admin@carbon.super app: 8YNcwtyaHxWPUT9xJgLZDwrd4sUa
TID: [-1234] [2025-07-06 11:51:16,103]  INFO {AUDIT_LOG} - GET /api/am/devportal/apis/3e9c8bfa-e0d3-4922-984e-cd99bd95a7c8/ratings user: admin@carbon.super app: 8YNcwtyaHxWPUT9xJgLZDwrd4sUa
TID: [-1234] [2025-07-06 11:51:17,978]  INFO {AUDIT_LOG} - GET /api/am/devportal/subscriptions?apiId=3e9c8bfa-e0d3-4922-984e-cd99bd95a7c8&limit=25 user: admin@carbon.super app: 8YNcwtyaHxWPUT9xJgLZDwrd4sUa
TID: [-1234] [2025-07-06 11:51:17,979]  INFO {AUDIT_LOG} - GET /api/am/devportal/apis/3e9c8bfa-e0d3-4922-984e-cd99bd95a7c8 user: admin@carbon.super app: 8YNcwtyaHxWPUT9xJgLZDwrd4sUa
TID: [-1234] [2025-07-06 11:51:17,979]  INFO {AUDIT_LOG} - GET /api/am/devportal/subscriptions?apiId=3e9c8bfa-e0d3-4922-984e-cd99bd95a7c8&limit=5000 user: admin@carbon.super app: 8YNcwtyaHxWPUT9xJgLZDwrd4sUa
TID: [-1234] [2025-07-06 11:51:17,981]  INFO {AUDIT_LOG} - GET /api/am/devportal/applications?limit=5000 user: admin@carbon.super app: 8YNcwtyaHxWPUT9xJgLZDwrd4sUa
TID: [-1234] [2025-07-06 11:51:18,254]  INFO {AUDIT_LOG} - GET /api/am/devportal/apis/3e9c8bfa-e0d3-4922-984e-cd99bd95a7c8 user: admin@carbon.super app: 8YNcwtyaHxWPUT9xJgLZDwrd4sUa
TID: [-1234] [2025-07-06 11:51:18,269]  INFO {AUDIT_LOG} - GET /api/am/devportal/apis/3e9c8bfa-e0d3-4922-984e-cd99bd95a7c8/swagger?environmentName=Default user: admin@carbon.super app: 8YNcwtyaHxWPUT9xJgLZDwrd4sUa
TID: [-1234] [2025-07-06 11:51:18,296]  INFO {AUDIT_LOG} - GET /api/am/devportal/subscriptions?apiId=3e9c8bfa-e0d3-4922-984e-cd99bd95a7c8&limit=25 user: admin@carbon.super app: 8YNcwtyaHxWPUT9xJgLZDwrd4sUa
TID: [-1234] [2025-07-06 11:51:18,336]  INFO {AUDIT_LOG} - GET /api/am/devportal/subscriptions?apiId=3e9c8bfa-e0d3-4922-984e-cd99bd95a7c8&limit=25 user: admin@carbon.super app: 8YNcwtyaHxWPUT9xJgLZDwrd4sUa
TID: [-1234] [2025-07-06 11:51:18,336]  INFO {AUDIT_LOG} - GET /api/am/devportal/key-managers user: admin@carbon.super app: 8YNcwtyaHxWPUT9xJgLZDwrd4sUa
TID: [-1234] [2025-07-06 11:51:18,479]  INFO {AUDIT_LOG} - GET /api/am/devportal/applications/ user: admin@carbon.super app: 8YNcwtyaHxWPUT9xJgLZDwrd4sUa
TID: [-1234] [2025-07-06 11:51:18,559]  INFO {AUDIT_LOG} - GET /api/am/devportal/applications/539d6b5f-186c-4ccb-bc4a-34c980dcdbbd user: admin@carbon.super app: 8YNcwtyaHxWPUT9xJgLZDwrd4sUa
TID: [-1234] [2025-07-06 11:51:18,573]  INFO {AUDIT_LOG} - GET /api/am/devportal/applications/539d6b5f-186c-4ccb-bc4a-34c980dcdbbd/oauth-keys user: admin@carbon.super app: 8YNcwtyaHxWPUT9xJgLZDwrd4sUa
TID: [-1234] [2025-07-06 11:51:18,660]  INFO {AUDIT_LOG} - GET /api/am/devportal/applications/539d6b5f-186c-4ccb-bc4a-34c980dcdbbd user: admin@carbon.super app: 8YNcwtyaHxWPUT9xJgLZDwrd4sUa
TID: [-1234] [2025-07-06 11:51:18,675]  INFO {AUDIT_LOG} - GET /api/am/devportal/applications/539d6b5f-186c-4ccb-bc4a-34c980dcdbbd/oauth-keys user: admin@carbon.super app: 8YNcwtyaHxWPUT9xJgLZDwrd4sUa
TID: [-1234] [2025-07-06 11:51:25,651]  INFO {AUDIT_LOG} - GET /api/am/devportal/applications/539d6b5f-186c-4ccb-bc4a-34c980dcdbbd user: admin@carbon.super app: 8YNcwtyaHxWPUT9xJgLZDwrd4sUa
TID: [-1234] [2025-07-06 11:51:25,668]  INFO {AUDIT_LOG} - GET /api/am/devportal/applications/539d6b5f-186c-4ccb-bc4a-34c980dcdbbd/oauth-keys user: admin@carbon.super app: 8YNcwtyaHxWPUT9xJgLZDwrd4sUa
TID: [-1234] [2025-07-06 11:51:25,732]  INFO {AUDIT_LOG} - POST /api/am/devportal/applications/539d6b5f-186c-4ccb-bc4a-34c980dcdbbd/oauth-keys/5161b079-ecf2-402f-9ee6-b91bcf0aaeec/generate-token user: admin@carbon.super app: 8YNcwtyaHxWPUT9xJgLZDwrd4sUa
TID: [-1234] [2025-07-06 11:51:25,782]  INFO {AUDIT_LOG} - {"performedBy":"admin","action":"updated","type":"Application","info":{"Re-Generated Keys for application with client Id":"S4mS41IwhE2SR_OLP0ObGsuHjbIa"}}
TID: [-1234] [2025-07-06 11:51:25,845]  INFO {AUDIT_LOG} - Initiator=w**************r Action=Get-User-Claim-Values Target=a***n Data={"Claims":{},"Profile":"default"} Outcome=Success
TID: [-1234] [2025-07-06 11:51:25,846]  INFO {AUDIT_LOG} - Initiator=w**************r Action=Get-User-Claim-Values Target=a***n Data={"Claims":{},"Profile":"default"} Outcome=Success
TID: [-1234] [2025-07-06 11:51:25,846]  INFO {AUDIT_LOG} - Initiator=w**************r Action=Get-User-Claim-Values Target=a***n Data={"Claims":{},"Profile":"default"} Outcome=Success
TID: [] [2025-07-06 11:51:25,915]  INFO {AUDIT_LOG} - Initiator=w**************r Action=Get-User-Claim-Values Target=a***n Data={"Claims":{},"Profile":"default"} Outcome=Success
TID: [] [2025-07-06 11:51:25,916]  INFO {AUDIT_LOG} - Initiator=w**************r Action=Get-User-Claim-Values Target=a***n Data={"Claims":{},"Profile":"default"} Outcome=Success
TID: [] [2025-07-06 11:51:25,916]  INFO {AUDIT_LOG} - Initiator=w**************r Action=Get-User-Claim-Values Target=a***n Data={"Claims":{},"Profile":"default"} Outcome=Success
TID: [] [2025-07-06 11:51:48,897]  INFO {AUDIT_LOG} - Initiator=w**************r Action=Get-User-Claim-Values Target=a***n Data={"Claims":{},"Profile":"default"} Outcome=Success
TID: [] [2025-07-06 11:51:48,899]  INFO {AUDIT_LOG} - Initiator=w**************r Action=Get-User-Claim-Values Target=a***n Data={"Claims":{},"Profile":"default"} Outcome=Success
TID: [] [2025-07-06 11:51:48,899]  INFO {AUDIT_LOG} - Initiator=w**************r Action=Get-User-Claim-Values Target=a***n Data={"Claims":{},"Profile":"default"} Outcome=Success
