TID: [-1234] [2025-06-13 08:42:02,398]  INFO {AUDIT_LOG} - Initiator=w**************r Action=Get-User-List Target=null Data={"Claim Value":"a***n","Users":["a***n"],"Claim":"http://wso2.org/claims/username"} Outcome=Success
TID: [-1234] [2025-06-13 08:42:02,418]  INFO {AUDIT_LOG} - Initiator=w**************r Action=Get-User-Claim-Values Target=a***n Data={"Claims":{},"Profile":"default"} Outcome=Success
TID: [-1234] [2025-06-13 08:42:02,420]  INFO {AUDIT_LOG} - Initiator=w**************r Action=Get-User-Claim-Values Target=a***n Data={"Claims":{},"Profile":"default"} Outcome=Success
TID: [-1234] [2025-06-13 08:42:02,420]  INFO {AUDIT_LOG} - Initiator=w**************r Action=Get-User-Claim-Values Target=a***n Data={"Claims":{},"Profile":"default"} Outcome=Success
TID: [-1234] [2025-06-13 08:42:02,589]  INFO {AUDIT_LOG} - Initiator=w**************r Action=Get-Roles-of-User Target=a***n Data={"Filter":"*","Roles":["Internal/subscriber","Internal/creator","Internal/publisher","Internal/everyone","Internal/devops","admin","Internal/analytics","Internal/observer","Internal/integration_dev"]} Outcome=Success
TID: [-1234] [2025-06-13 08:42:02,938]  INFO {AUDIT_LOG} - Initiator=w**************r Action=Get-User-Claim-Values Target=a***n Data={"Claims":{},"Profile":"default"} Outcome=Success
TID: [-1234] [2025-06-13 08:42:02,943]  INFO {AUDIT_LOG} - Initiator=w**************r Action=Get-User-Claim-Values Target=a***n Data={"Claims":{},"Profile":"default"} Outcome=Success
TID: [-1234] [2025-06-13 08:42:02,944]  INFO {AUDIT_LOG} - Initiator=w**************r Action=Get-User-Claim-Values Target=a***n Data={"Claims":{},"Profile":"default"} Outcome=Success
TID: [-1234] [2025-06-13 08:42:02,975]  INFO {AUDIT_LOG} - Initiator : 75777ff5-b74d-440b-a0bd-6c2ca0c89d89 | Action : PostTokenIssue | Target : PasswordGrantAuditLogger | Data : { "AuthenticatedUser" : "75777ff5-b74d-440b-a0bd-6c2ca0c89d89","AuthenticatedUserStoreDomain" : "PRIMARY","AuthenticatedUserTenantDomain" : "carbon.super","ServiceProvider" : "admin_ea90ae31-c3d2-4fb9-9f0c-8c7ddae64655_PRODUCTION","RequestType" : "oauth2","RelyingParty" : "vOJ1PyTYOJKJlJCvyahU2z_G9C8a" } | Result : Success 
TID: [] [2025-06-13 08:42:03,372]  INFO {AUDIT_LOG} - Initiator=w**************r Action=Get-User-Claim-Values Target=a***n Data={"Claims":{},"Profile":"default"} Outcome=Success
TID: [] [2025-06-13 08:42:03,374]  INFO {AUDIT_LOG} - Initiator=w**************r Action=Get-User-Claim-Values Target=a***n Data={"Claims":{},"Profile":"default"} Outcome=Success
TID: [] [2025-06-13 08:42:03,375]  INFO {AUDIT_LOG} - Initiator=w**************r Action=Get-User-Claim-Values Target=a***n Data={"Claims":{},"Profile":"default"} Outcome=Success
TID: [-1234] [2025-06-13 08:42:04,218]  INFO {AUDIT_LOG} - GET /api/am/publisher/apis user: 75777ff5-b74d-440b-a0bd-6c2ca0c89d89@carbon.super app: vOJ1PyTYOJKJlJCvyahU2z_G9C8a
TID: [-1234] [2025-06-13 08:43:04,902]  INFO {AUDIT_LOG} - Initiator=w**************r Action=Get-User-List Target=null Data={"Claim Value":"a***n","Users":["a***n"],"Claim":"http://wso2.org/claims/username"} Outcome=Success
TID: [-1234] [2025-06-13 08:43:04,904]  INFO {AUDIT_LOG} - Initiator=w**************r Action=Get-User-Claim-Values Target=a***n Data={"Claims":{},"Profile":"default"} Outcome=Success
TID: [-1234] [2025-06-13 08:43:04,904]  INFO {AUDIT_LOG} - Initiator=w**************r Action=Get-User-Claim-Values Target=a***n Data={"Claims":{},"Profile":"default"} Outcome=Success
TID: [-1234] [2025-06-13 08:43:04,904]  INFO {AUDIT_LOG} - Initiator=w**************r Action=Get-User-Claim-Values Target=a***n Data={"Claims":{},"Profile":"default"} Outcome=Success
TID: [-1234] [2025-06-13 08:43:04,920]  INFO {AUDIT_LOG} - Initiator : 75777ff5-b74d-440b-a0bd-6c2ca0c89d89 | Action : PostTokenIssue | Target : PasswordGrantAuditLogger | Data : { "AuthenticatedUser" : "75777ff5-b74d-440b-a0bd-6c2ca0c89d89","AuthenticatedUserStoreDomain" : "PRIMARY","AuthenticatedUserTenantDomain" : "carbon.super","ServiceProvider" : "admin_ea90ae31-c3d2-4fb9-9f0c-8c7ddae64655_PRODUCTION","RequestType" : "oauth2","RelyingParty" : "vOJ1PyTYOJKJlJCvyahU2z_G9C8a" } | Result : Success 
TID: [-1234] [2025-06-13 08:43:04,934]  INFO {AUDIT_LOG} - Initiator=w**************r Action=Get-User-Claim-Values Target=a***n Data={"Claims":{},"Profile":"default"} Outcome=Success
TID: [-1234] [2025-06-13 08:43:04,935]  INFO {AUDIT_LOG} - GET /api/am/publisher/apis user: 75777ff5-b74d-440b-a0bd-6c2ca0c89d89@carbon.super app: vOJ1PyTYOJKJlJCvyahU2z_G9C8a
TID: [-1234] [2025-06-13 08:43:04,936]  INFO {AUDIT_LOG} - Initiator=w**************r Action=Get-User-Claim-Values Target=a***n Data={"Claims":{},"Profile":"default"} Outcome=Success
TID: [-1234] [2025-06-13 08:43:04,936]  INFO {AUDIT_LOG} - Initiator=w**************r Action=Get-User-Claim-Values Target=a***n Data={"Claims":{},"Profile":"default"} Outcome=Success
TID: [] [2025-06-13 08:43:04,954]  INFO {AUDIT_LOG} - Initiator=w**************r Action=Get-User-Claim-Values Target=a***n Data={"Claims":{},"Profile":"default"} Outcome=Success
TID: [] [2025-06-13 08:43:04,956]  INFO {AUDIT_LOG} - Initiator=w**************r Action=Get-User-Claim-Values Target=a***n Data={"Claims":{},"Profile":"default"} Outcome=Success
TID: [] [2025-06-13 08:43:04,956]  INFO {AUDIT_LOG} - Initiator=w**************r Action=Get-User-Claim-Values Target=a***n Data={"Claims":{},"Profile":"default"} Outcome=Success
TID: [-1234] [2025-06-13 11:50:50,621]  INFO {AUDIT_LOG} - Initiator=w**************r Action=Get-User-List Target=null Data={"Claim Value":"a***n","Users":["a***n"],"Claim":"http://wso2.org/claims/username"} Outcome=Success
TID: [-1234] [2025-06-13 11:50:50,659]  INFO {AUDIT_LOG} - Initiator=w**************r Action=Get-User-Claim-Values Target=a***n Data={"Claims":{},"Profile":"default"} Outcome=Success
TID: [-1234] [2025-06-13 11:50:50,661]  INFO {AUDIT_LOG} - Initiator=w**************r Action=Get-User-Claim-Values Target=a***n Data={"Claims":{},"Profile":"default"} Outcome=Success
TID: [-1234] [2025-06-13 11:50:50,662]  INFO {AUDIT_LOG} - Initiator=w**************r Action=Get-User-Claim-Values Target=a***n Data={"Claims":{},"Profile":"default"} Outcome=Success
TID: [-1234] [2025-06-13 11:50:50,699]  INFO {AUDIT_LOG} - Initiator=w**************r Action=Get-Roles-of-User Target=a***n Data={"Filter":"*","Roles":["Internal/subscriber","Internal/creator","Internal/publisher","Internal/everyone","Internal/devops","admin","Internal/analytics","Internal/observer","Internal/integration_dev"]} Outcome=Success
TID: [-1234] [2025-06-13 11:50:50,748]  INFO {AUDIT_LOG} - Initiator : 75777ff5-b74d-440b-a0bd-6c2ca0c89d89 | Action : PostTokenIssue | Target : PasswordGrantAuditLogger | Data : { "AuthenticatedUser" : "75777ff5-b74d-440b-a0bd-6c2ca0c89d89","AuthenticatedUserStoreDomain" : "PRIMARY","AuthenticatedUserTenantDomain" : "carbon.super","ServiceProvider" : "admin_ea90ae31-c3d2-4fb9-9f0c-8c7ddae64655_PRODUCTION","RequestType" : "oauth2","RelyingParty" : "vOJ1PyTYOJKJlJCvyahU2z_G9C8a" } | Result : Success 
TID: [-1234] [2025-06-13 11:50:50,866]  INFO {AUDIT_LOG} - GET /api/am/publisher/apis user: 75777ff5-b74d-440b-a0bd-6c2ca0c89d89@carbon.super app: vOJ1PyTYOJKJlJCvyahU2z_G9C8a
TID: [-1234] [2025-06-13 11:50:50,887]  INFO {AUDIT_LOG} - Initiator=w**************r Action=Get-User-Claim-Values Target=a***n Data={"Claims":{},"Profile":"default"} Outcome=Success
TID: [-1234] [2025-06-13 11:50:50,888]  INFO {AUDIT_LOG} - Initiator=w**************r Action=Get-User-Claim-Values Target=a***n Data={"Claims":{},"Profile":"default"} Outcome=Success
TID: [-1234] [2025-06-13 11:50:50,889]  INFO {AUDIT_LOG} - Initiator=w**************r Action=Get-User-Claim-Values Target=a***n Data={"Claims":{},"Profile":"default"} Outcome=Success
TID: [] [2025-06-13 11:50:51,002]  INFO {AUDIT_LOG} - Initiator=w**************r Action=Get-User-Claim-Values Target=a***n Data={"Claims":{},"Profile":"default"} Outcome=Success
TID: [] [2025-06-13 11:50:51,003]  INFO {AUDIT_LOG} - Initiator=w**************r Action=Get-User-Claim-Values Target=a***n Data={"Claims":{},"Profile":"default"} Outcome=Success
TID: [] [2025-06-13 11:50:51,003]  INFO {AUDIT_LOG} - Initiator=w**************r Action=Get-User-Claim-Values Target=a***n Data={"Claims":{},"Profile":"default"} Outcome=Success
TID: [-1234] [2025-06-13 11:51:19,994]  INFO {AUDIT_LOG} - Initiator=w**************r Action=Get-User-List Target=null Data={"Claim Value":"a***n","Users":["a***n"],"Claim":"http://wso2.org/claims/username"} Outcome=Success
TID: [-1234] [2025-06-13 11:51:20,006]  INFO {AUDIT_LOG} - Initiator=w**************r Action=Get-User-Claim-Values Target=a***n Data={"Claims":{},"Profile":"default"} Outcome=Success
TID: [-1234] [2025-06-13 11:51:20,008]  INFO {AUDIT_LOG} - Initiator=w**************r Action=Get-User-Claim-Values Target=a***n Data={"Claims":{},"Profile":"default"} Outcome=Success
TID: [-1234] [2025-06-13 11:51:20,008]  INFO {AUDIT_LOG} - Initiator=w**************r Action=Get-User-Claim-Values Target=a***n Data={"Claims":{},"Profile":"default"} Outcome=Success
TID: [-1234] [2025-06-13 11:51:20,033]  INFO {AUDIT_LOG} - Initiator : 75777ff5-b74d-440b-a0bd-6c2ca0c89d89 | Action : PostTokenIssue | Target : PasswordGrantAuditLogger | Data : { "AuthenticatedUser" : "75777ff5-b74d-440b-a0bd-6c2ca0c89d89","AuthenticatedUserStoreDomain" : "PRIMARY","AuthenticatedUserTenantDomain" : "carbon.super","ServiceProvider" : "admin_ea90ae31-c3d2-4fb9-9f0c-8c7ddae64655_PRODUCTION","RequestType" : "oauth2","RelyingParty" : "vOJ1PyTYOJKJlJCvyahU2z_G9C8a" } | Result : Success 
TID: [-1234] [2025-06-13 11:51:20,053]  INFO {AUDIT_LOG} - GET /api/am/publisher/apis user: 75777ff5-b74d-440b-a0bd-6c2ca0c89d89@carbon.super app: vOJ1PyTYOJKJlJCvyahU2z_G9C8a
TID: [-1234] [2025-06-13 11:51:20,058]  INFO {AUDIT_LOG} - Initiator=w**************r Action=Get-User-Claim-Values Target=a***n Data={"Claims":{},"Profile":"default"} Outcome=Success
TID: [-1234] [2025-06-13 11:51:20,059]  INFO {AUDIT_LOG} - Initiator=w**************r Action=Get-User-Claim-Values Target=a***n Data={"Claims":{},"Profile":"default"} Outcome=Success
TID: [-1234] [2025-06-13 11:51:20,060]  INFO {AUDIT_LOG} - Initiator=w**************r Action=Get-User-Claim-Values Target=a***n Data={"Claims":{},"Profile":"default"} Outcome=Success
TID: [] [2025-06-13 11:51:20,082]  INFO {AUDIT_LOG} - Initiator=w**************r Action=Get-User-Claim-Values Target=a***n Data={"Claims":{},"Profile":"default"} Outcome=Success
TID: [] [2025-06-13 11:51:20,084]  INFO {AUDIT_LOG} - Initiator=w**************r Action=Get-User-Claim-Values Target=a***n Data={"Claims":{},"Profile":"default"} Outcome=Success
TID: [] [2025-06-13 11:51:20,084]  INFO {AUDIT_LOG} - Initiator=w**************r Action=Get-User-Claim-Values Target=a***n Data={"Claims":{},"Profile":"default"} Outcome=Success
TID: [-1234] [2025-06-13 11:57:06,198]  INFO {AUDIT_LOG} - Initiator=w**************r Action=Get-User-List Target=null Data={"Claim Value":"a***n","Users":["a***n"],"Claim":"http://wso2.org/claims/username"} Outcome=Success
TID: [-1234] [2025-06-13 11:57:06,219]  INFO {AUDIT_LOG} - Initiator=w**************r Action=Get-User-Claim-Values Target=a***n Data={"Claims":{},"Profile":"default"} Outcome=Success
TID: [-1234] [2025-06-13 11:57:06,221]  INFO {AUDIT_LOG} - Initiator=w**************r Action=Get-User-Claim-Values Target=a***n Data={"Claims":{},"Profile":"default"} Outcome=Success
TID: [-1234] [2025-06-13 11:57:06,222]  INFO {AUDIT_LOG} - Initiator=w**************r Action=Get-User-Claim-Values Target=a***n Data={"Claims":{},"Profile":"default"} Outcome=Success
TID: [-1234] [2025-06-13 11:57:06,231]  INFO {AUDIT_LOG} - Initiator : 75777ff5-b74d-440b-a0bd-6c2ca0c89d89 | Action : PostTokenIssue | Target : PasswordGrantAuditLogger | Data : { "AuthenticatedUser" : "75777ff5-b74d-440b-a0bd-6c2ca0c89d89","AuthenticatedUserStoreDomain" : "PRIMARY","AuthenticatedUserTenantDomain" : "carbon.super","ServiceProvider" : "admin_ea90ae31-c3d2-4fb9-9f0c-8c7ddae64655_PRODUCTION","RequestType" : "oauth2","RelyingParty" : "vOJ1PyTYOJKJlJCvyahU2z_G9C8a" } | Result : Success 
TID: [-1234] [2025-06-13 11:57:06,253]  INFO {AUDIT_LOG} - GET /api/am/publisher/apis user: 75777ff5-b74d-440b-a0bd-6c2ca0c89d89@carbon.super app: vOJ1PyTYOJKJlJCvyahU2z_G9C8a
TID: [-1234] [2025-06-13 11:57:06,258]  INFO {AUDIT_LOG} - Initiator=w**************r Action=Get-User-Claim-Values Target=a***n Data={"Claims":{},"Profile":"default"} Outcome=Success
TID: [-1234] [2025-06-13 11:57:06,259]  INFO {AUDIT_LOG} - Initiator=w**************r Action=Get-User-Claim-Values Target=a***n Data={"Claims":{},"Profile":"default"} Outcome=Success
TID: [-1234] [2025-06-13 11:57:06,260]  INFO {AUDIT_LOG} - Initiator=w**************r Action=Get-User-Claim-Values Target=a***n Data={"Claims":{},"Profile":"default"} Outcome=Success
TID: [] [2025-06-13 11:57:06,286]  INFO {AUDIT_LOG} - Initiator=w**************r Action=Get-User-Claim-Values Target=a***n Data={"Claims":{},"Profile":"default"} Outcome=Success
TID: [] [2025-06-13 11:57:06,287]  INFO {AUDIT_LOG} - Initiator=w**************r Action=Get-User-Claim-Values Target=a***n Data={"Claims":{},"Profile":"default"} Outcome=Success
TID: [] [2025-06-13 11:57:06,287]  INFO {AUDIT_LOG} - Initiator=w**************r Action=Get-User-Claim-Values Target=a***n Data={"Claims":{},"Profile":"default"} Outcome=Success
TID: [-1234] [2025-06-13 12:49:44,416]  INFO {AUDIT_LOG} - Initiator=w**************r Action=Get-User-List Target=null Data={"Claim Value":"a***n","Users":["a***n"],"Claim":"http://wso2.org/claims/username"} Outcome=Success
TID: [-1234] [2025-06-13 12:49:44,432]  INFO {AUDIT_LOG} - Initiator=w**************r Action=Get-User-Claim-Values Target=a***n Data={"Claims":{},"Profile":"default"} Outcome=Success
TID: [-1234] [2025-06-13 12:49:44,433]  INFO {AUDIT_LOG} - Initiator=w**************r Action=Get-User-Claim-Values Target=a***n Data={"Claims":{},"Profile":"default"} Outcome=Success
TID: [-1234] [2025-06-13 12:49:44,434]  INFO {AUDIT_LOG} - Initiator=w**************r Action=Get-User-Claim-Values Target=a***n Data={"Claims":{},"Profile":"default"} Outcome=Success
TID: [-1234] [2025-06-13 12:49:44,443]  INFO {AUDIT_LOG} - Initiator=w**************r Action=Get-Roles-of-User Target=a***n Data={"Filter":"*","Roles":["Internal/subscriber","Internal/creator","Internal/publisher","Internal/everyone","Internal/devops","admin","Internal/analytics","Internal/observer","Internal/integration_dev"]} Outcome=Success
TID: [-1234] [2025-06-13 12:49:44,467]  INFO {AUDIT_LOG} - Initiator : 75777ff5-b74d-440b-a0bd-6c2ca0c89d89 | Action : PostTokenIssue | Target : PasswordGrantAuditLogger | Data : { "AuthenticatedUser" : "75777ff5-b74d-440b-a0bd-6c2ca0c89d89","AuthenticatedUserStoreDomain" : "PRIMARY","AuthenticatedUserTenantDomain" : "carbon.super","ServiceProvider" : "admin_ea90ae31-c3d2-4fb9-9f0c-8c7ddae64655_PRODUCTION","RequestType" : "oauth2","RelyingParty" : "vOJ1PyTYOJKJlJCvyahU2z_G9C8a" } | Result : Success 
TID: [-1234] [2025-06-13 12:49:44,538]  INFO {AUDIT_LOG} - GET /api/am/publisher/apis user: 75777ff5-b74d-440b-a0bd-6c2ca0c89d89@carbon.super app: vOJ1PyTYOJKJlJCvyahU2z_G9C8a
TID: [-1234] [2025-06-13 12:49:44,548]  INFO {AUDIT_LOG} - Initiator=w**************r Action=Get-User-Claim-Values Target=a***n Data={"Claims":{},"Profile":"default"} Outcome=Success
TID: [-1234] [2025-06-13 12:49:44,549]  INFO {AUDIT_LOG} - Initiator=w**************r Action=Get-User-Claim-Values Target=a***n Data={"Claims":{},"Profile":"default"} Outcome=Success
TID: [-1234] [2025-06-13 12:49:44,550]  INFO {AUDIT_LOG} - Initiator=w**************r Action=Get-User-Claim-Values Target=a***n Data={"Claims":{},"Profile":"default"} Outcome=Success
TID: [] [2025-06-13 12:49:44,597]  INFO {AUDIT_LOG} - Initiator=w**************r Action=Get-User-Claim-Values Target=a***n Data={"Claims":{},"Profile":"default"} Outcome=Success
TID: [] [2025-06-13 12:49:44,598]  INFO {AUDIT_LOG} - Initiator=w**************r Action=Get-User-Claim-Values Target=a***n Data={"Claims":{},"Profile":"default"} Outcome=Success
TID: [] [2025-06-13 12:49:44,599]  INFO {AUDIT_LOG} - Initiator=w**************r Action=Get-User-Claim-Values Target=a***n Data={"Claims":{},"Profile":"default"} Outcome=Success
