TID: [-1234] [2025-06-07 09:56:41,812]  INFO {AUDIT_LOG} - Initiator=w**************r Action=Get-User-List Target=null Data={"Claim Value":"a***n","Users":["a***n"],"Claim":"http://wso2.org/claims/username"} Outcome=Success
TID: [-1234] [2025-06-07 09:56:41,817]  INFO {AUDIT_LOG} - Initiator=w**************r Action=Get-User-Claim-Values Target=a***n Data={"Claims":{},"Profile":"default"} Outcome=Success
TID: [-1234] [2025-06-07 09:56:41,817]  INFO {AUDIT_LOG} - Initiator=w**************r Action=Get-User-Claim-Values Target=a***n Data={"Claims":{},"Profile":"default"} Outcome=Success
TID: [-1234] [2025-06-07 09:56:41,818]  INFO {AUDIT_LOG} - Initiator=w**************r Action=Get-User-Claim-Values Target=a***n Data={"Claims":{},"Profile":"default"} Outcome=Success
TID: [-1234] [2025-06-07 09:56:41,822]  INFO {AUDIT_LOG} - Initiator=w**************r Action=Get-Roles-of-User Target=a***n Data={"Filter":"*","Roles":["Internal/subscriber","Internal/creator","Internal/publisher","Internal/everyone","Internal/devops","admin","Internal/analytics","Internal/observer","Internal/integration_dev"]} Outcome=Success
TID: [-1234] [2025-06-07 09:56:41,831]  INFO {AUDIT_LOG} - Initiator : 75777ff5-b74d-440b-a0bd-6c2ca0c89d89 | Action : PostTokenIssue | Target : PasswordGrantAuditLogger | Data : { "AuthenticatedUser" : "75777ff5-b74d-440b-a0bd-6c2ca0c89d89","AuthenticatedUserStoreDomain" : "PRIMARY","AuthenticatedUserTenantDomain" : "carbon.super","ServiceProvider" : "admin_ea90ae31-c3d2-4fb9-9f0c-8c7ddae64655_PRODUCTION","RequestType" : "oauth2","RelyingParty" : "vOJ1PyTYOJKJlJCvyahU2z_G9C8a" } | Result : Success 
TID: [-1234] [2025-06-07 09:56:41,851]  INFO {AUDIT_LOG} - GET /api/am/publisher/apis user: 75777ff5-b74d-440b-a0bd-6c2ca0c89d89@carbon.super app: vOJ1PyTYOJKJlJCvyahU2z_G9C8a
TID: [-1234] [2025-06-07 09:56:41,864]  INFO {AUDIT_LOG} - Initiator=w**************r Action=Get-User-Claim-Values Target=a***n Data={"Claims":{},"Profile":"default"} Outcome=Success
TID: [-1234] [2025-06-07 09:56:41,864]  INFO {AUDIT_LOG} - Initiator=w**************r Action=Get-User-Claim-Values Target=a***n Data={"Claims":{},"Profile":"default"} Outcome=Success
TID: [-1234] [2025-06-07 09:56:41,864]  INFO {AUDIT_LOG} - Initiator=w**************r Action=Get-User-Claim-Values Target=a***n Data={"Claims":{},"Profile":"default"} Outcome=Success
TID: [] [2025-06-07 09:56:41,890]  INFO {AUDIT_LOG} - Initiator=w**************r Action=Get-User-Claim-Values Target=a***n Data={"Claims":{},"Profile":"default"} Outcome=Success
TID: [] [2025-06-07 09:56:41,890]  INFO {AUDIT_LOG} - Initiator=w**************r Action=Get-User-Claim-Values Target=a***n Data={"Claims":{},"Profile":"default"} Outcome=Success
TID: [] [2025-06-07 09:56:41,890]  INFO {AUDIT_LOG} - Initiator=w**************r Action=Get-User-Claim-Values Target=a***n Data={"Claims":{},"Profile":"default"} Outcome=Success
TID: [-1234] [2025-06-07 09:56:41,981]  INFO {AUDIT_LOG} - Initiator=w**************r Action=Get-User-List Target=null Data={"Claim Value":"a***n","Users":["a***n"],"Claim":"http://wso2.org/claims/username"} Outcome=Success
TID: [-1234] [2025-06-07 09:56:41,983]  INFO {AUDIT_LOG} - Initiator=w**************r Action=Get-User-Claim-Values Target=a***n Data={"Claims":{},"Profile":"default"} Outcome=Success
TID: [-1234] [2025-06-07 09:56:41,984]  INFO {AUDIT_LOG} - Initiator=w**************r Action=Get-User-Claim-Values Target=a***n Data={"Claims":{},"Profile":"default"} Outcome=Success
TID: [-1234] [2025-06-07 09:56:41,984]  INFO {AUDIT_LOG} - Initiator=w**************r Action=Get-User-Claim-Values Target=a***n Data={"Claims":{},"Profile":"default"} Outcome=Success
TID: [-1234] [2025-06-07 09:56:41,989]  INFO {AUDIT_LOG} - Initiator : 75777ff5-b74d-440b-a0bd-6c2ca0c89d89 | Action : PostTokenIssue | Target : PasswordGrantAuditLogger | Data : { "AuthenticatedUser" : "75777ff5-b74d-440b-a0bd-6c2ca0c89d89","AuthenticatedUserStoreDomain" : "PRIMARY","AuthenticatedUserTenantDomain" : "carbon.super","ServiceProvider" : "admin_ea90ae31-c3d2-4fb9-9f0c-8c7ddae64655_PRODUCTION","RequestType" : "oauth2","RelyingParty" : "vOJ1PyTYOJKJlJCvyahU2z_G9C8a" } | Result : Success 
TID: [-1234] [2025-06-07 09:56:41,998]  INFO {AUDIT_LOG} - Initiator=w**************r Action=Get-User-Claim-Values Target=a***n Data={"Claims":{},"Profile":"default"} Outcome=Success
TID: [-1234] [2025-06-07 09:56:41,998]  INFO {AUDIT_LOG} - GET /api/am/publisher/apis user: 75777ff5-b74d-440b-a0bd-6c2ca0c89d89@carbon.super app: vOJ1PyTYOJKJlJCvyahU2z_G9C8a
TID: [-1234] [2025-06-07 09:56:41,999]  INFO {AUDIT_LOG} - Initiator=w**************r Action=Get-User-Claim-Values Target=a***n Data={"Claims":{},"Profile":"default"} Outcome=Success
TID: [-1234] [2025-06-07 09:56:41,999]  INFO {AUDIT_LOG} - Initiator=w**************r Action=Get-User-Claim-Values Target=a***n Data={"Claims":{},"Profile":"default"} Outcome=Success
TID: [-1234] [2025-06-07 09:56:49,138]  INFO {AUDIT_LOG} - Initiator=w**************r Action=Get-User-List Target=null Data={"Claim Value":"a***n","Users":["a***n"],"Claim":"http://wso2.org/claims/username"} Outcome=Success
TID: [-1234] [2025-06-07 09:56:49,139]  INFO {AUDIT_LOG} - Initiator=w**************r Action=Get-User-Claim-Values Target=a***n Data={"Claims":{},"Profile":"default"} Outcome=Success
TID: [-1234] [2025-06-07 09:56:49,139]  INFO {AUDIT_LOG} - Initiator=w**************r Action=Get-User-Claim-Values Target=a***n Data={"Claims":{},"Profile":"default"} Outcome=Success
TID: [-1234] [2025-06-07 09:56:49,139]  INFO {AUDIT_LOG} - Initiator=w**************r Action=Get-User-Claim-Values Target=a***n Data={"Claims":{},"Profile":"default"} Outcome=Success
TID: [-1234] [2025-06-07 09:56:49,149]  INFO {AUDIT_LOG} - Initiator : 75777ff5-b74d-440b-a0bd-6c2ca0c89d89 | Action : PostTokenIssue | Target : PasswordGrantAuditLogger | Data : { "AuthenticatedUser" : "75777ff5-b74d-440b-a0bd-6c2ca0c89d89","AuthenticatedUserStoreDomain" : "PRIMARY","AuthenticatedUserTenantDomain" : "carbon.super","ServiceProvider" : "admin_ea90ae31-c3d2-4fb9-9f0c-8c7ddae64655_PRODUCTION","RequestType" : "oauth2","RelyingParty" : "vOJ1PyTYOJKJlJCvyahU2z_G9C8a" } | Result : Success 
TID: [-1234] [2025-06-07 09:56:49,155]  INFO {AUDIT_LOG} - Initiator=w**************r Action=Get-User-Claim-Values Target=a***n Data={"Claims":{},"Profile":"default"} Outcome=Success
TID: [-1234] [2025-06-07 09:56:49,155]  INFO {AUDIT_LOG} - Initiator=w**************r Action=Get-User-Claim-Values Target=a***n Data={"Claims":{},"Profile":"default"} Outcome=Success
TID: [-1234] [2025-06-07 09:56:49,155]  INFO {AUDIT_LOG} - Initiator=w**************r Action=Get-User-Claim-Values Target=a***n Data={"Claims":{},"Profile":"default"} Outcome=Success
TID: [-1234] [2025-06-07 09:56:49,155]  INFO {AUDIT_LOG} - GET /api/am/publisher/apis user: 75777ff5-b74d-440b-a0bd-6c2ca0c89d89@carbon.super app: vOJ1PyTYOJKJlJCvyahU2z_G9C8a
TID: [] [2025-06-07 09:56:49,169]  INFO {AUDIT_LOG} - Initiator=w**************r Action=Get-User-Claim-Values Target=a***n Data={"Claims":{},"Profile":"default"} Outcome=Success
TID: [] [2025-06-07 09:56:49,169]  INFO {AUDIT_LOG} - Initiator=w**************r Action=Get-User-Claim-Values Target=a***n Data={"Claims":{},"Profile":"default"} Outcome=Success
TID: [] [2025-06-07 09:56:49,169]  INFO {AUDIT_LOG} - Initiator=w**************r Action=Get-User-Claim-Values Target=a***n Data={"Claims":{},"Profile":"default"} Outcome=Success
TID: [-1234] [2025-06-07 09:56:49,196]  INFO {AUDIT_LOG} - Initiator=w**************r Action=Get-User-List Target=null Data={"Claim Value":"a***n","Users":["a***n"],"Claim":"http://wso2.org/claims/username"} Outcome=Success
TID: [-1234] [2025-06-07 09:56:49,197]  INFO {AUDIT_LOG} - Initiator=w**************r Action=Get-User-Claim-Values Target=a***n Data={"Claims":{},"Profile":"default"} Outcome=Success
TID: [-1234] [2025-06-07 09:56:49,197]  INFO {AUDIT_LOG} - Initiator=w**************r Action=Get-User-Claim-Values Target=a***n Data={"Claims":{},"Profile":"default"} Outcome=Success
TID: [-1234] [2025-06-07 09:56:49,197]  INFO {AUDIT_LOG} - Initiator=w**************r Action=Get-User-Claim-Values Target=a***n Data={"Claims":{},"Profile":"default"} Outcome=Success
TID: [-1234] [2025-06-07 09:56:49,201]  INFO {AUDIT_LOG} - Initiator : 75777ff5-b74d-440b-a0bd-6c2ca0c89d89 | Action : PostTokenIssue | Target : PasswordGrantAuditLogger | Data : { "AuthenticatedUser" : "75777ff5-b74d-440b-a0bd-6c2ca0c89d89","AuthenticatedUserStoreDomain" : "PRIMARY","AuthenticatedUserTenantDomain" : "carbon.super","ServiceProvider" : "admin_ea90ae31-c3d2-4fb9-9f0c-8c7ddae64655_PRODUCTION","RequestType" : "oauth2","RelyingParty" : "vOJ1PyTYOJKJlJCvyahU2z_G9C8a" } | Result : Success 
TID: [-1234] [2025-06-07 09:56:49,210]  INFO {AUDIT_LOG} - GET /api/am/publisher/apis user: 75777ff5-b74d-440b-a0bd-6c2ca0c89d89@carbon.super app: vOJ1PyTYOJKJlJCvyahU2z_G9C8a
TID: [-1234] [2025-06-07 09:56:49,214]  INFO {AUDIT_LOG} - Initiator=w**************r Action=Get-User-Claim-Values Target=a***n Data={"Claims":{},"Profile":"default"} Outcome=Success
TID: [-1234] [2025-06-07 09:56:49,214]  INFO {AUDIT_LOG} - Initiator=w**************r Action=Get-User-Claim-Values Target=a***n Data={"Claims":{},"Profile":"default"} Outcome=Success
TID: [-1234] [2025-06-07 09:56:49,214]  INFO {AUDIT_LOG} - Initiator=w**************r Action=Get-User-Claim-Values Target=a***n Data={"Claims":{},"Profile":"default"} Outcome=Success
TID: [-1234] [2025-06-07 10:07:39,287]  INFO {AUDIT_LOG} - Initiator=w**************r Action=Get-User-List Target=null Data={"Claim Value":"a***n","Users":["a***n"],"Claim":"http://wso2.org/claims/username"} Outcome=Success
TID: [-1234] [2025-06-07 10:07:39,289]  INFO {AUDIT_LOG} - Initiator=w**************r Action=Get-User-Claim-Values Target=a***n Data={"Claims":{},"Profile":"default"} Outcome=Success
TID: [-1234] [2025-06-07 10:07:39,289]  INFO {AUDIT_LOG} - Initiator=w**************r Action=Get-User-Claim-Values Target=a***n Data={"Claims":{},"Profile":"default"} Outcome=Success
TID: [-1234] [2025-06-07 10:07:39,290]  INFO {AUDIT_LOG} - Initiator=w**************r Action=Get-User-Claim-Values Target=a***n Data={"Claims":{},"Profile":"default"} Outcome=Success
TID: [-1234] [2025-06-07 10:07:39,296]  INFO {AUDIT_LOG} - Initiator : 75777ff5-b74d-440b-a0bd-6c2ca0c89d89 | Action : PostTokenIssue | Target : PasswordGrantAuditLogger | Data : { "AuthenticatedUser" : "75777ff5-b74d-440b-a0bd-6c2ca0c89d89","AuthenticatedUserStoreDomain" : "PRIMARY","AuthenticatedUserTenantDomain" : "carbon.super","ServiceProvider" : "admin_ea90ae31-c3d2-4fb9-9f0c-8c7ddae64655_PRODUCTION","RequestType" : "oauth2","RelyingParty" : "vOJ1PyTYOJKJlJCvyahU2z_G9C8a" } | Result : Success 
TID: [-1234] [2025-06-07 10:07:39,313]  INFO {AUDIT_LOG} - Initiator=w**************r Action=Get-User-Claim-Values Target=a***n Data={"Claims":{},"Profile":"default"} Outcome=Success
TID: [-1234] [2025-06-07 10:07:39,313]  INFO {AUDIT_LOG} - GET /api/am/publisher/apis user: 75777ff5-b74d-440b-a0bd-6c2ca0c89d89@carbon.super app: vOJ1PyTYOJKJlJCvyahU2z_G9C8a
TID: [-1234] [2025-06-07 10:07:39,313]  INFO {AUDIT_LOG} - Initiator=w**************r Action=Get-User-Claim-Values Target=a***n Data={"Claims":{},"Profile":"default"} Outcome=Success
TID: [-1234] [2025-06-07 10:07:39,314]  INFO {AUDIT_LOG} - Initiator=w**************r Action=Get-User-Claim-Values Target=a***n Data={"Claims":{},"Profile":"default"} Outcome=Success
TID: [] [2025-06-07 10:07:39,327]  INFO {AUDIT_LOG} - Initiator=w**************r Action=Get-User-Claim-Values Target=a***n Data={"Claims":{},"Profile":"default"} Outcome=Success
TID: [] [2025-06-07 10:07:39,327]  INFO {AUDIT_LOG} - Initiator=w**************r Action=Get-User-Claim-Values Target=a***n Data={"Claims":{},"Profile":"default"} Outcome=Success
TID: [] [2025-06-07 10:07:39,327]  INFO {AUDIT_LOG} - Initiator=w**************r Action=Get-User-Claim-Values Target=a***n Data={"Claims":{},"Profile":"default"} Outcome=Success
TID: [-1234] [2025-06-07 10:07:39,366]  INFO {AUDIT_LOG} - Initiator=w**************r Action=Get-User-List Target=null Data={"Claim Value":"a***n","Users":["a***n"],"Claim":"http://wso2.org/claims/username"} Outcome=Success
TID: [-1234] [2025-06-07 10:07:39,367]  INFO {AUDIT_LOG} - Initiator=w**************r Action=Get-User-Claim-Values Target=a***n Data={"Claims":{},"Profile":"default"} Outcome=Success
TID: [-1234] [2025-06-07 10:07:39,368]  INFO {AUDIT_LOG} - Initiator=w**************r Action=Get-User-Claim-Values Target=a***n Data={"Claims":{},"Profile":"default"} Outcome=Success
TID: [-1234] [2025-06-07 10:07:39,368]  INFO {AUDIT_LOG} - Initiator=w**************r Action=Get-User-Claim-Values Target=a***n Data={"Claims":{},"Profile":"default"} Outcome=Success
TID: [-1234] [2025-06-07 10:07:39,374]  INFO {AUDIT_LOG} - Initiator : 75777ff5-b74d-440b-a0bd-6c2ca0c89d89 | Action : PostTokenIssue | Target : PasswordGrantAuditLogger | Data : { "AuthenticatedUser" : "75777ff5-b74d-440b-a0bd-6c2ca0c89d89","AuthenticatedUserStoreDomain" : "PRIMARY","AuthenticatedUserTenantDomain" : "carbon.super","ServiceProvider" : "admin_ea90ae31-c3d2-4fb9-9f0c-8c7ddae64655_PRODUCTION","RequestType" : "oauth2","RelyingParty" : "vOJ1PyTYOJKJlJCvyahU2z_G9C8a" } | Result : Success 
TID: [-1234] [2025-06-07 10:07:39,381]  INFO {AUDIT_LOG} - GET /api/am/publisher/apis user: 75777ff5-b74d-440b-a0bd-6c2ca0c89d89@carbon.super app: vOJ1PyTYOJKJlJCvyahU2z_G9C8a
TID: [-1234] [2025-06-07 10:07:39,382]  INFO {AUDIT_LOG} - Initiator=w**************r Action=Get-User-Claim-Values Target=a***n Data={"Claims":{},"Profile":"default"} Outcome=Success
TID: [-1234] [2025-06-07 10:07:39,383]  INFO {AUDIT_LOG} - Initiator=w**************r Action=Get-User-Claim-Values Target=a***n Data={"Claims":{},"Profile":"default"} Outcome=Success
TID: [-1234] [2025-06-07 10:07:39,383]  INFO {AUDIT_LOG} - Initiator=w**************r Action=Get-User-Claim-Values Target=a***n Data={"Claims":{},"Profile":"default"} Outcome=Success
TID: [-1234] [2025-06-07 10:07:40,859]  INFO {AUDIT_LOG} - Initiator=w**************r Action=Get-User-List Target=null Data={"Claim Value":"a***n","Users":["a***n"],"Claim":"http://wso2.org/claims/username"} Outcome=Success
TID: [-1234] [2025-06-07 10:07:40,861]  INFO {AUDIT_LOG} - Initiator=w**************r Action=Get-User-Claim-Values Target=a***n Data={"Claims":{},"Profile":"default"} Outcome=Success
TID: [-1234] [2025-06-07 10:07:40,862]  INFO {AUDIT_LOG} - Initiator=w**************r Action=Get-User-Claim-Values Target=a***n Data={"Claims":{},"Profile":"default"} Outcome=Success
TID: [-1234] [2025-06-07 10:07:40,862]  INFO {AUDIT_LOG} - Initiator=w**************r Action=Get-User-Claim-Values Target=a***n Data={"Claims":{},"Profile":"default"} Outcome=Success
TID: [-1234] [2025-06-07 10:07:40,869]  INFO {AUDIT_LOG} - Initiator : 75777ff5-b74d-440b-a0bd-6c2ca0c89d89 | Action : PostTokenIssue | Target : PasswordGrantAuditLogger | Data : { "AuthenticatedUser" : "75777ff5-b74d-440b-a0bd-6c2ca0c89d89","AuthenticatedUserStoreDomain" : "PRIMARY","AuthenticatedUserTenantDomain" : "carbon.super","ServiceProvider" : "admin_ea90ae31-c3d2-4fb9-9f0c-8c7ddae64655_PRODUCTION","RequestType" : "oauth2","RelyingParty" : "vOJ1PyTYOJKJlJCvyahU2z_G9C8a" } | Result : Success 
TID: [-1234] [2025-06-07 10:07:40,874]  INFO {AUDIT_LOG} - Initiator=w**************r Action=Get-User-Claim-Values Target=a***n Data={"Claims":{},"Profile":"default"} Outcome=Success
TID: [-1234] [2025-06-07 10:07:40,874]  INFO {AUDIT_LOG} - Initiator=w**************r Action=Get-User-Claim-Values Target=a***n Data={"Claims":{},"Profile":"default"} Outcome=Success
TID: [-1234] [2025-06-07 10:07:40,874]  INFO {AUDIT_LOG} - Initiator=w**************r Action=Get-User-Claim-Values Target=a***n Data={"Claims":{},"Profile":"default"} Outcome=Success
TID: [-1234] [2025-06-07 10:07:40,878]  INFO {AUDIT_LOG} - GET /api/am/publisher/apis user: 75777ff5-b74d-440b-a0bd-6c2ca0c89d89@carbon.super app: vOJ1PyTYOJKJlJCvyahU2z_G9C8a
TID: [-1234] [2025-06-07 10:07:40,920]  INFO {AUDIT_LOG} - Initiator=w**************r Action=Get-User-List Target=null Data={"Claim Value":"a***n","Users":["a***n"],"Claim":"http://wso2.org/claims/username"} Outcome=Success
TID: [-1234] [2025-06-07 10:07:40,922]  INFO {AUDIT_LOG} - Initiator=w**************r Action=Get-User-Claim-Values Target=a***n Data={"Claims":{},"Profile":"default"} Outcome=Success
TID: [-1234] [2025-06-07 10:07:40,922]  INFO {AUDIT_LOG} - Initiator=w**************r Action=Get-User-Claim-Values Target=a***n Data={"Claims":{},"Profile":"default"} Outcome=Success
TID: [-1234] [2025-06-07 10:07:40,922]  INFO {AUDIT_LOG} - Initiator=w**************r Action=Get-User-Claim-Values Target=a***n Data={"Claims":{},"Profile":"default"} Outcome=Success
TID: [-1234] [2025-06-07 10:07:40,928]  INFO {AUDIT_LOG} - Initiator : 75777ff5-b74d-440b-a0bd-6c2ca0c89d89 | Action : PostTokenIssue | Target : PasswordGrantAuditLogger | Data : { "AuthenticatedUser" : "75777ff5-b74d-440b-a0bd-6c2ca0c89d89","AuthenticatedUserStoreDomain" : "PRIMARY","AuthenticatedUserTenantDomain" : "carbon.super","ServiceProvider" : "admin_ea90ae31-c3d2-4fb9-9f0c-8c7ddae64655_PRODUCTION","RequestType" : "oauth2","RelyingParty" : "vOJ1PyTYOJKJlJCvyahU2z_G9C8a" } | Result : Success 
TID: [-1234] [2025-06-07 10:07:40,937]  INFO {AUDIT_LOG} - GET /api/am/publisher/apis user: 75777ff5-b74d-440b-a0bd-6c2ca0c89d89@carbon.super app: vOJ1PyTYOJKJlJCvyahU2z_G9C8a
TID: [-1234] [2025-06-07 10:07:40,937]  INFO {AUDIT_LOG} - Initiator=w**************r Action=Get-User-Claim-Values Target=a***n Data={"Claims":{},"Profile":"default"} Outcome=Success
TID: [-1234] [2025-06-07 10:07:40,937]  INFO {AUDIT_LOG} - Initiator=w**************r Action=Get-User-Claim-Values Target=a***n Data={"Claims":{},"Profile":"default"} Outcome=Success
TID: [-1234] [2025-06-07 10:07:40,937]  INFO {AUDIT_LOG} - Initiator=w**************r Action=Get-User-Claim-Values Target=a***n Data={"Claims":{},"Profile":"default"} Outcome=Success
TID: [-1234] [2025-06-07 10:07:43,373]  INFO {AUDIT_LOG} - Initiator=w**************r Action=Get-User-List Target=null Data={"Claim Value":"a***n","Users":["a***n"],"Claim":"http://wso2.org/claims/username"} Outcome=Success
TID: [-1234] [2025-06-07 10:07:43,374]  INFO {AUDIT_LOG} - Initiator=w**************r Action=Get-User-Claim-Values Target=a***n Data={"Claims":{},"Profile":"default"} Outcome=Success
TID: [-1234] [2025-06-07 10:07:43,374]  INFO {AUDIT_LOG} - Initiator=w**************r Action=Get-User-Claim-Values Target=a***n Data={"Claims":{},"Profile":"default"} Outcome=Success
TID: [-1234] [2025-06-07 10:07:43,374]  INFO {AUDIT_LOG} - Initiator=w**************r Action=Get-User-Claim-Values Target=a***n Data={"Claims":{},"Profile":"default"} Outcome=Success
TID: [-1234] [2025-06-07 10:07:43,381]  INFO {AUDIT_LOG} - Initiator : 75777ff5-b74d-440b-a0bd-6c2ca0c89d89 | Action : PostTokenIssue | Target : PasswordGrantAuditLogger | Data : { "AuthenticatedUser" : "75777ff5-b74d-440b-a0bd-6c2ca0c89d89","AuthenticatedUserStoreDomain" : "PRIMARY","AuthenticatedUserTenantDomain" : "carbon.super","ServiceProvider" : "admin_ea90ae31-c3d2-4fb9-9f0c-8c7ddae64655_PRODUCTION","RequestType" : "oauth2","RelyingParty" : "vOJ1PyTYOJKJlJCvyahU2z_G9C8a" } | Result : Success 
TID: [-1234] [2025-06-07 10:07:43,388]  INFO {AUDIT_LOG} - Initiator=w**************r Action=Get-User-Claim-Values Target=a***n Data={"Claims":{},"Profile":"default"} Outcome=Success
TID: [-1234] [2025-06-07 10:07:43,388]  INFO {AUDIT_LOG} - Initiator=w**************r Action=Get-User-Claim-Values Target=a***n Data={"Claims":{},"Profile":"default"} Outcome=Success
TID: [-1234] [2025-06-07 10:07:43,389]  INFO {AUDIT_LOG} - Initiator=w**************r Action=Get-User-Claim-Values Target=a***n Data={"Claims":{},"Profile":"default"} Outcome=Success
TID: [-1234] [2025-06-07 10:07:43,389]  INFO {AUDIT_LOG} - GET /api/am/publisher/apis user: 75777ff5-b74d-440b-a0bd-6c2ca0c89d89@carbon.super app: vOJ1PyTYOJKJlJCvyahU2z_G9C8a
TID: [-1234] [2025-06-07 10:07:43,439]  INFO {AUDIT_LOG} - Initiator=w**************r Action=Get-User-List Target=null Data={"Claim Value":"a***n","Users":["a***n"],"Claim":"http://wso2.org/claims/username"} Outcome=Success
TID: [-1234] [2025-06-07 10:07:43,440]  INFO {AUDIT_LOG} - Initiator=w**************r Action=Get-User-Claim-Values Target=a***n Data={"Claims":{},"Profile":"default"} Outcome=Success
TID: [-1234] [2025-06-07 10:07:43,441]  INFO {AUDIT_LOG} - Initiator=w**************r Action=Get-User-Claim-Values Target=a***n Data={"Claims":{},"Profile":"default"} Outcome=Success
TID: [-1234] [2025-06-07 10:07:43,441]  INFO {AUDIT_LOG} - Initiator=w**************r Action=Get-User-Claim-Values Target=a***n Data={"Claims":{},"Profile":"default"} Outcome=Success
TID: [-1234] [2025-06-07 10:07:43,449]  INFO {AUDIT_LOG} - Initiator : 75777ff5-b74d-440b-a0bd-6c2ca0c89d89 | Action : PostTokenIssue | Target : PasswordGrantAuditLogger | Data : { "AuthenticatedUser" : "75777ff5-b74d-440b-a0bd-6c2ca0c89d89","AuthenticatedUserStoreDomain" : "PRIMARY","AuthenticatedUserTenantDomain" : "carbon.super","ServiceProvider" : "admin_ea90ae31-c3d2-4fb9-9f0c-8c7ddae64655_PRODUCTION","RequestType" : "oauth2","RelyingParty" : "vOJ1PyTYOJKJlJCvyahU2z_G9C8a" } | Result : Success 
TID: [-1234] [2025-06-07 10:07:43,454]  INFO {AUDIT_LOG} - Initiator=w**************r Action=Get-User-Claim-Values Target=a***n Data={"Claims":{},"Profile":"default"} Outcome=Success
TID: [-1234] [2025-06-07 10:07:43,455]  INFO {AUDIT_LOG} - Initiator=w**************r Action=Get-User-Claim-Values Target=a***n Data={"Claims":{},"Profile":"default"} Outcome=Success
TID: [-1234] [2025-06-07 10:07:43,455]  INFO {AUDIT_LOG} - Initiator=w**************r Action=Get-User-Claim-Values Target=a***n Data={"Claims":{},"Profile":"default"} Outcome=Success
TID: [-1234] [2025-06-07 10:07:43,456]  INFO {AUDIT_LOG} - GET /api/am/publisher/apis user: 75777ff5-b74d-440b-a0bd-6c2ca0c89d89@carbon.super app: vOJ1PyTYOJKJlJCvyahU2z_G9C8a
TID: [-1234] [2025-06-07 10:27:29,930]  INFO {AUDIT_LOG} - Initiator=w**************r Action=Get-User-List Target=null Data={"Claim Value":"a***n","Users":["a***n"],"Claim":"http://wso2.org/claims/username"} Outcome=Success
TID: [-1234] [2025-06-07 10:27:29,942]  INFO {AUDIT_LOG} - Initiator=w**************r Action=Get-User-Claim-Values Target=a***n Data={"Claims":{},"Profile":"default"} Outcome=Success
TID: [-1234] [2025-06-07 10:27:29,943]  INFO {AUDIT_LOG} - Initiator=w**************r Action=Get-User-Claim-Values Target=a***n Data={"Claims":{},"Profile":"default"} Outcome=Success
TID: [-1234] [2025-06-07 10:27:29,943]  INFO {AUDIT_LOG} - Initiator=w**************r Action=Get-User-Claim-Values Target=a***n Data={"Claims":{},"Profile":"default"} Outcome=Success
TID: [-1234] [2025-06-07 10:27:29,949]  INFO {AUDIT_LOG} - Initiator=w**************r Action=Get-Roles-of-User Target=a***n Data={"Filter":"*","Roles":["Internal/subscriber","Internal/creator","Internal/publisher","Internal/everyone","Internal/devops","admin","Internal/analytics","Internal/observer","Internal/integration_dev"]} Outcome=Success
TID: [-1234] [2025-06-07 10:27:29,962]  INFO {AUDIT_LOG} - Initiator : 75777ff5-b74d-440b-a0bd-6c2ca0c89d89 | Action : PostTokenIssue | Target : PasswordGrantAuditLogger | Data : { "AuthenticatedUser" : "75777ff5-b74d-440b-a0bd-6c2ca0c89d89","AuthenticatedUserStoreDomain" : "PRIMARY","AuthenticatedUserTenantDomain" : "carbon.super","ServiceProvider" : "admin_ea90ae31-c3d2-4fb9-9f0c-8c7ddae64655_PRODUCTION","RequestType" : "oauth2","RelyingParty" : "vOJ1PyTYOJKJlJCvyahU2z_G9C8a" } | Result : Success 
TID: [-1234] [2025-06-07 10:27:29,980]  INFO {AUDIT_LOG} - GET /api/am/publisher/apis user: 75777ff5-b74d-440b-a0bd-6c2ca0c89d89@carbon.super app: vOJ1PyTYOJKJlJCvyahU2z_G9C8a
TID: [-1234] [2025-06-07 10:27:29,986]  INFO {AUDIT_LOG} - Initiator=w**************r Action=Get-User-Claim-Values Target=a***n Data={"Claims":{},"Profile":"default"} Outcome=Success
TID: [-1234] [2025-06-07 10:27:29,987]  INFO {AUDIT_LOG} - Initiator=w**************r Action=Get-User-Claim-Values Target=a***n Data={"Claims":{},"Profile":"default"} Outcome=Success
TID: [-1234] [2025-06-07 10:27:29,987]  INFO {AUDIT_LOG} - Initiator=w**************r Action=Get-User-Claim-Values Target=a***n Data={"Claims":{},"Profile":"default"} Outcome=Success
TID: [] [2025-06-07 10:27:30,004]  INFO {AUDIT_LOG} - Initiator=w**************r Action=Get-User-Claim-Values Target=a***n Data={"Claims":{},"Profile":"default"} Outcome=Success
TID: [] [2025-06-07 10:27:30,006]  INFO {AUDIT_LOG} - Initiator=w**************r Action=Get-User-Claim-Values Target=a***n Data={"Claims":{},"Profile":"default"} Outcome=Success
TID: [] [2025-06-07 10:27:30,006]  INFO {AUDIT_LOG} - Initiator=w**************r Action=Get-User-Claim-Values Target=a***n Data={"Claims":{},"Profile":"default"} Outcome=Success
TID: [-1234] [2025-06-07 10:27:30,112]  INFO {AUDIT_LOG} - Initiator=w**************r Action=Get-User-List Target=null Data={"Claim Value":"a***n","Users":["a***n"],"Claim":"http://wso2.org/claims/username"} Outcome=Success
TID: [-1234] [2025-06-07 10:27:30,114]  INFO {AUDIT_LOG} - Initiator=w**************r Action=Get-User-Claim-Values Target=a***n Data={"Claims":{},"Profile":"default"} Outcome=Success
TID: [-1234] [2025-06-07 10:27:30,115]  INFO {AUDIT_LOG} - Initiator=w**************r Action=Get-User-Claim-Values Target=a***n Data={"Claims":{},"Profile":"default"} Outcome=Success
TID: [-1234] [2025-06-07 10:27:30,116]  INFO {AUDIT_LOG} - Initiator=w**************r Action=Get-User-Claim-Values Target=a***n Data={"Claims":{},"Profile":"default"} Outcome=Success
TID: [-1234] [2025-06-07 10:27:30,120]  INFO {AUDIT_LOG} - Initiator : 75777ff5-b74d-440b-a0bd-6c2ca0c89d89 | Action : PostTokenIssue | Target : PasswordGrantAuditLogger | Data : { "AuthenticatedUser" : "75777ff5-b74d-440b-a0bd-6c2ca0c89d89","AuthenticatedUserStoreDomain" : "PRIMARY","AuthenticatedUserTenantDomain" : "carbon.super","ServiceProvider" : "admin_ea90ae31-c3d2-4fb9-9f0c-8c7ddae64655_PRODUCTION","RequestType" : "oauth2","RelyingParty" : "vOJ1PyTYOJKJlJCvyahU2z_G9C8a" } | Result : Success 
TID: [-1234] [2025-06-07 10:27:30,135]  INFO {AUDIT_LOG} - GET /api/am/publisher/apis user: 75777ff5-b74d-440b-a0bd-6c2ca0c89d89@carbon.super app: vOJ1PyTYOJKJlJCvyahU2z_G9C8a
TID: [-1234] [2025-06-07 10:27:30,136]  INFO {AUDIT_LOG} - Initiator=w**************r Action=Get-User-Claim-Values Target=a***n Data={"Claims":{},"Profile":"default"} Outcome=Success
TID: [-1234] [2025-06-07 10:27:30,136]  INFO {AUDIT_LOG} - Initiator=w**************r Action=Get-User-Claim-Values Target=a***n Data={"Claims":{},"Profile":"default"} Outcome=Success
TID: [-1234] [2025-06-07 10:27:30,136]  INFO {AUDIT_LOG} - Initiator=w**************r Action=Get-User-Claim-Values Target=a***n Data={"Claims":{},"Profile":"default"} Outcome=Success
TID: [-1234] [2025-06-07 10:27:37,157]  INFO {AUDIT_LOG} - Initiator=w**************r Action=Get-User-List Target=null Data={"Claim Value":"a***n","Users":["a***n"],"Claim":"http://wso2.org/claims/username"} Outcome=Success
TID: [-1234] [2025-06-07 10:27:37,161]  INFO {AUDIT_LOG} - Initiator=w**************r Action=Get-User-Claim-Values Target=a***n Data={"Claims":{},"Profile":"default"} Outcome=Success
TID: [-1234] [2025-06-07 10:27:37,164]  INFO {AUDIT_LOG} - Initiator=w**************r Action=Get-User-Claim-Values Target=a***n Data={"Claims":{},"Profile":"default"} Outcome=Success
TID: [-1234] [2025-06-07 10:27:37,165]  INFO {AUDIT_LOG} - Initiator=w**************r Action=Get-User-Claim-Values Target=a***n Data={"Claims":{},"Profile":"default"} Outcome=Success
TID: [-1234] [2025-06-07 10:27:37,176]  INFO {AUDIT_LOG} - Initiator : 75777ff5-b74d-440b-a0bd-6c2ca0c89d89 | Action : PostTokenIssue | Target : PasswordGrantAuditLogger | Data : { "AuthenticatedUser" : "75777ff5-b74d-440b-a0bd-6c2ca0c89d89","AuthenticatedUserStoreDomain" : "PRIMARY","AuthenticatedUserTenantDomain" : "carbon.super","ServiceProvider" : "admin_ea90ae31-c3d2-4fb9-9f0c-8c7ddae64655_PRODUCTION","RequestType" : "oauth2","RelyingParty" : "vOJ1PyTYOJKJlJCvyahU2z_G9C8a" } | Result : Success 
TID: [-1234] [2025-06-07 10:27:37,197]  INFO {AUDIT_LOG} - Initiator=w**************r Action=Get-User-Claim-Values Target=a***n Data={"Claims":{},"Profile":"default"} Outcome=Success
TID: [-1234] [2025-06-07 10:27:37,199]  INFO {AUDIT_LOG} - Initiator=w**************r Action=Get-User-Claim-Values Target=a***n Data={"Claims":{},"Profile":"default"} Outcome=Success
TID: [-1234] [2025-06-07 10:27:37,199]  INFO {AUDIT_LOG} - GET /api/am/publisher/apis user: 75777ff5-b74d-440b-a0bd-6c2ca0c89d89@carbon.super app: vOJ1PyTYOJKJlJCvyahU2z_G9C8a
TID: [-1234] [2025-06-07 10:27:37,199]  INFO {AUDIT_LOG} - Initiator=w**************r Action=Get-User-Claim-Values Target=a***n Data={"Claims":{},"Profile":"default"} Outcome=Success
TID: [] [2025-06-07 10:27:37,226]  INFO {AUDIT_LOG} - Initiator=w**************r Action=Get-User-Claim-Values Target=a***n Data={"Claims":{},"Profile":"default"} Outcome=Success
TID: [] [2025-06-07 10:27:37,228]  INFO {AUDIT_LOG} - Initiator=w**************r Action=Get-User-Claim-Values Target=a***n Data={"Claims":{},"Profile":"default"} Outcome=Success
TID: [] [2025-06-07 10:27:37,229]  INFO {AUDIT_LOG} - Initiator=w**************r Action=Get-User-Claim-Values Target=a***n Data={"Claims":{},"Profile":"default"} Outcome=Success
TID: [-1234] [2025-06-07 10:27:37,276]  INFO {AUDIT_LOG} - Initiator=w**************r Action=Get-User-List Target=null Data={"Claim Value":"a***n","Users":["a***n"],"Claim":"http://wso2.org/claims/username"} Outcome=Success
TID: [-1234] [2025-06-07 10:27:37,279]  INFO {AUDIT_LOG} - Initiator=w**************r Action=Get-User-Claim-Values Target=a***n Data={"Claims":{},"Profile":"default"} Outcome=Success
TID: [-1234] [2025-06-07 10:27:37,282]  INFO {AUDIT_LOG} - Initiator=w**************r Action=Get-User-Claim-Values Target=a***n Data={"Claims":{},"Profile":"default"} Outcome=Success
TID: [-1234] [2025-06-07 10:27:37,283]  INFO {AUDIT_LOG} - Initiator=w**************r Action=Get-User-Claim-Values Target=a***n Data={"Claims":{},"Profile":"default"} Outcome=Success
TID: [-1234] [2025-06-07 10:27:37,293]  INFO {AUDIT_LOG} - Initiator : 75777ff5-b74d-440b-a0bd-6c2ca0c89d89 | Action : PostTokenIssue | Target : PasswordGrantAuditLogger | Data : { "AuthenticatedUser" : "75777ff5-b74d-440b-a0bd-6c2ca0c89d89","AuthenticatedUserStoreDomain" : "PRIMARY","AuthenticatedUserTenantDomain" : "carbon.super","ServiceProvider" : "admin_ea90ae31-c3d2-4fb9-9f0c-8c7ddae64655_PRODUCTION","RequestType" : "oauth2","RelyingParty" : "vOJ1PyTYOJKJlJCvyahU2z_G9C8a" } | Result : Success 
TID: [-1234] [2025-06-07 10:27:37,302]  INFO {AUDIT_LOG} - Initiator=w**************r Action=Get-User-Claim-Values Target=a***n Data={"Claims":{},"Profile":"default"} Outcome=Success
TID: [-1234] [2025-06-07 10:27:37,303]  INFO {AUDIT_LOG} - Initiator=w**************r Action=Get-User-Claim-Values Target=a***n Data={"Claims":{},"Profile":"default"} Outcome=Success
TID: [-1234] [2025-06-07 10:27:37,303]  INFO {AUDIT_LOG} - Initiator=w**************r Action=Get-User-Claim-Values Target=a***n Data={"Claims":{},"Profile":"default"} Outcome=Success
TID: [-1234] [2025-06-07 10:27:37,304]  INFO {AUDIT_LOG} - GET /api/am/publisher/apis user: 75777ff5-b74d-440b-a0bd-6c2ca0c89d89@carbon.super app: vOJ1PyTYOJKJlJCvyahU2z_G9C8a
TID: [-1234] [2025-06-07 10:28:05,423]  INFO {AUDIT_LOG} - Initiator=w**************r Action=Get-User-List Target=null Data={"Claim Value":"a***n","Users":["a***n"],"Claim":"http://wso2.org/claims/username"} Outcome=Success
TID: [-1234] [2025-06-07 10:28:05,429]  INFO {AUDIT_LOG} - Initiator=w**************r Action=Get-User-Claim-Values Target=a***n Data={"Claims":{},"Profile":"default"} Outcome=Success
TID: [-1234] [2025-06-07 10:28:05,430]  INFO {AUDIT_LOG} - Initiator=w**************r Action=Get-User-Claim-Values Target=a***n Data={"Claims":{},"Profile":"default"} Outcome=Success
TID: [-1234] [2025-06-07 10:28:05,430]  INFO {AUDIT_LOG} - Initiator=w**************r Action=Get-User-Claim-Values Target=a***n Data={"Claims":{},"Profile":"default"} Outcome=Success
TID: [-1234] [2025-06-07 10:28:05,445]  INFO {AUDIT_LOG} - Initiator : 75777ff5-b74d-440b-a0bd-6c2ca0c89d89 | Action : PostTokenIssue | Target : PasswordGrantAuditLogger | Data : { "AuthenticatedUser" : "75777ff5-b74d-440b-a0bd-6c2ca0c89d89","AuthenticatedUserStoreDomain" : "PRIMARY","AuthenticatedUserTenantDomain" : "carbon.super","ServiceProvider" : "admin_ea90ae31-c3d2-4fb9-9f0c-8c7ddae64655_PRODUCTION","RequestType" : "oauth2","RelyingParty" : "vOJ1PyTYOJKJlJCvyahU2z_G9C8a" } | Result : Success 
TID: [-1234] [2025-06-07 10:28:05,454]  INFO {AUDIT_LOG} - Initiator=w**************r Action=Get-User-Claim-Values Target=a***n Data={"Claims":{},"Profile":"default"} Outcome=Success
TID: [-1234] [2025-06-07 10:28:05,455]  INFO {AUDIT_LOG} - GET /api/am/publisher/apis user: 75777ff5-b74d-440b-a0bd-6c2ca0c89d89@carbon.super app: vOJ1PyTYOJKJlJCvyahU2z_G9C8a
TID: [-1234] [2025-06-07 10:28:05,455]  INFO {AUDIT_LOG} - Initiator=w**************r Action=Get-User-Claim-Values Target=a***n Data={"Claims":{},"Profile":"default"} Outcome=Success
TID: [-1234] [2025-06-07 10:28:05,455]  INFO {AUDIT_LOG} - Initiator=w**************r Action=Get-User-Claim-Values Target=a***n Data={"Claims":{},"Profile":"default"} Outcome=Success
TID: [] [2025-06-07 10:28:05,471]  INFO {AUDIT_LOG} - Initiator=w**************r Action=Get-User-Claim-Values Target=a***n Data={"Claims":{},"Profile":"default"} Outcome=Success
TID: [] [2025-06-07 10:28:05,472]  INFO {AUDIT_LOG} - Initiator=w**************r Action=Get-User-Claim-Values Target=a***n Data={"Claims":{},"Profile":"default"} Outcome=Success
TID: [] [2025-06-07 10:28:05,472]  INFO {AUDIT_LOG} - Initiator=w**************r Action=Get-User-Claim-Values Target=a***n Data={"Claims":{},"Profile":"default"} Outcome=Success
TID: [-1234] [2025-06-07 10:28:05,500]  INFO {AUDIT_LOG} - Initiator=w**************r Action=Get-User-List Target=null Data={"Claim Value":"a***n","Users":["a***n"],"Claim":"http://wso2.org/claims/username"} Outcome=Success
TID: [-1234] [2025-06-07 10:28:05,501]  INFO {AUDIT_LOG} - Initiator=w**************r Action=Get-User-Claim-Values Target=a***n Data={"Claims":{},"Profile":"default"} Outcome=Success
TID: [-1234] [2025-06-07 10:28:05,502]  INFO {AUDIT_LOG} - Initiator=w**************r Action=Get-User-Claim-Values Target=a***n Data={"Claims":{},"Profile":"default"} Outcome=Success
TID: [-1234] [2025-06-07 10:28:05,502]  INFO {AUDIT_LOG} - Initiator=w**************r Action=Get-User-Claim-Values Target=a***n Data={"Claims":{},"Profile":"default"} Outcome=Success
TID: [-1234] [2025-06-07 10:28:05,505]  INFO {AUDIT_LOG} - Initiator : 75777ff5-b74d-440b-a0bd-6c2ca0c89d89 | Action : PostTokenIssue | Target : PasswordGrantAuditLogger | Data : { "AuthenticatedUser" : "75777ff5-b74d-440b-a0bd-6c2ca0c89d89","AuthenticatedUserStoreDomain" : "PRIMARY","AuthenticatedUserTenantDomain" : "carbon.super","ServiceProvider" : "admin_ea90ae31-c3d2-4fb9-9f0c-8c7ddae64655_PRODUCTION","RequestType" : "oauth2","RelyingParty" : "vOJ1PyTYOJKJlJCvyahU2z_G9C8a" } | Result : Success 
TID: [-1234] [2025-06-07 10:28:05,517]  INFO {AUDIT_LOG} - GET /api/am/publisher/apis user: 75777ff5-b74d-440b-a0bd-6c2ca0c89d89@carbon.super app: vOJ1PyTYOJKJlJCvyahU2z_G9C8a
TID: [-1234] [2025-06-07 10:28:05,520]  INFO {AUDIT_LOG} - Initiator=w**************r Action=Get-User-Claim-Values Target=a***n Data={"Claims":{},"Profile":"default"} Outcome=Success
TID: [-1234] [2025-06-07 10:28:05,521]  INFO {AUDIT_LOG} - Initiator=w**************r Action=Get-User-Claim-Values Target=a***n Data={"Claims":{},"Profile":"default"} Outcome=Success
TID: [-1234] [2025-06-07 10:28:05,521]  INFO {AUDIT_LOG} - Initiator=w**************r Action=Get-User-Claim-Values Target=a***n Data={"Claims":{},"Profile":"default"} Outcome=Success
TID: [-1234] [2025-06-07 10:28:07,832]  INFO {AUDIT_LOG} - Initiator=w**************r Action=Get-User-List Target=null Data={"Claim Value":"a***n","Users":["a***n"],"Claim":"http://wso2.org/claims/username"} Outcome=Success
TID: [-1234] [2025-06-07 10:28:07,847]  INFO {AUDIT_LOG} - Initiator=w**************r Action=Get-User-Claim-Values Target=a***n Data={"Claims":{},"Profile":"default"} Outcome=Success
TID: [-1234] [2025-06-07 10:28:07,849]  INFO {AUDIT_LOG} - Initiator=w**************r Action=Get-User-Claim-Values Target=a***n Data={"Claims":{},"Profile":"default"} Outcome=Success
TID: [-1234] [2025-06-07 10:28:07,849]  INFO {AUDIT_LOG} - Initiator=w**************r Action=Get-User-Claim-Values Target=a***n Data={"Claims":{},"Profile":"default"} Outcome=Success
TID: [-1234] [2025-06-07 10:28:07,890]  INFO {AUDIT_LOG} - Initiator : 75777ff5-b74d-440b-a0bd-6c2ca0c89d89 | Action : PostTokenIssue | Target : PasswordGrantAuditLogger | Data : { "AuthenticatedUser" : "75777ff5-b74d-440b-a0bd-6c2ca0c89d89","AuthenticatedUserStoreDomain" : "PRIMARY","AuthenticatedUserTenantDomain" : "carbon.super","ServiceProvider" : "admin_ea90ae31-c3d2-4fb9-9f0c-8c7ddae64655_PRODUCTION","RequestType" : "oauth2","RelyingParty" : "vOJ1PyTYOJKJlJCvyahU2z_G9C8a" } | Result : Success 
TID: [-1234] [2025-06-07 10:28:07,911]  INFO {AUDIT_LOG} - Initiator=w**************r Action=Get-User-Claim-Values Target=a***n Data={"Claims":{},"Profile":"default"} Outcome=Success
TID: [-1234] [2025-06-07 10:28:07,915]  INFO {AUDIT_LOG} - Initiator=w**************r Action=Get-User-Claim-Values Target=a***n Data={"Claims":{},"Profile":"default"} Outcome=Success
TID: [-1234] [2025-06-07 10:28:07,916]  INFO {AUDIT_LOG} - Initiator=w**************r Action=Get-User-Claim-Values Target=a***n Data={"Claims":{},"Profile":"default"} Outcome=Success
TID: [-1234] [2025-06-07 10:28:07,919]  INFO {AUDIT_LOG} - GET /api/am/publisher/apis user: 75777ff5-b74d-440b-a0bd-6c2ca0c89d89@carbon.super app: vOJ1PyTYOJKJlJCvyahU2z_G9C8a
TID: [-1234] [2025-06-07 10:28:08,004]  INFO {AUDIT_LOG} - Initiator=w**************r Action=Get-User-List Target=null Data={"Claim Value":"a***n","Users":["a***n"],"Claim":"http://wso2.org/claims/username"} Outcome=Success
TID: [-1234] [2025-06-07 10:28:08,013]  INFO {AUDIT_LOG} - Initiator=w**************r Action=Get-User-Claim-Values Target=a***n Data={"Claims":{},"Profile":"default"} Outcome=Success
TID: [-1234] [2025-06-07 10:28:08,013]  INFO {AUDIT_LOG} - Initiator=w**************r Action=Get-User-Claim-Values Target=a***n Data={"Claims":{},"Profile":"default"} Outcome=Success
TID: [-1234] [2025-06-07 10:28:08,014]  INFO {AUDIT_LOG} - Initiator=w**************r Action=Get-User-Claim-Values Target=a***n Data={"Claims":{},"Profile":"default"} Outcome=Success
TID: [-1234] [2025-06-07 10:28:08,024]  INFO {AUDIT_LOG} - Initiator : 75777ff5-b74d-440b-a0bd-6c2ca0c89d89 | Action : PostTokenIssue | Target : PasswordGrantAuditLogger | Data : { "AuthenticatedUser" : "75777ff5-b74d-440b-a0bd-6c2ca0c89d89","AuthenticatedUserStoreDomain" : "PRIMARY","AuthenticatedUserTenantDomain" : "carbon.super","ServiceProvider" : "admin_ea90ae31-c3d2-4fb9-9f0c-8c7ddae64655_PRODUCTION","RequestType" : "oauth2","RelyingParty" : "vOJ1PyTYOJKJlJCvyahU2z_G9C8a" } | Result : Success 
TID: [-1234] [2025-06-07 10:28:08,048]  INFO {AUDIT_LOG} - GET /api/am/publisher/apis user: 75777ff5-b74d-440b-a0bd-6c2ca0c89d89@carbon.super app: vOJ1PyTYOJKJlJCvyahU2z_G9C8a
TID: [-1234] [2025-06-07 10:28:08,048]  INFO {AUDIT_LOG} - Initiator=w**************r Action=Get-User-Claim-Values Target=a***n Data={"Claims":{},"Profile":"default"} Outcome=Success
TID: [-1234] [2025-06-07 10:28:08,049]  INFO {AUDIT_LOG} - Initiator=w**************r Action=Get-User-Claim-Values Target=a***n Data={"Claims":{},"Profile":"default"} Outcome=Success
TID: [-1234] [2025-06-07 10:28:08,049]  INFO {AUDIT_LOG} - Initiator=w**************r Action=Get-User-Claim-Values Target=a***n Data={"Claims":{},"Profile":"default"} Outcome=Success
TID: [-1234] [2025-06-07 10:31:02,892]  INFO {AUDIT_LOG} - Initiator=w**************r Action=Get-User-List Target=null Data={"Claim Value":"a***n","Users":["a***n"],"Claim":"http://wso2.org/claims/username"} Outcome=Success
TID: [-1234] [2025-06-07 10:31:02,965]  INFO {AUDIT_LOG} - Initiator=w**************r Action=Get-User-Claim-Values Target=a***n Data={"Claims":{},"Profile":"default"} Outcome=Success
TID: [-1234] [2025-06-07 10:31:02,966]  INFO {AUDIT_LOG} - Initiator=w**************r Action=Get-User-Claim-Values Target=a***n Data={"Claims":{},"Profile":"default"} Outcome=Success
TID: [-1234] [2025-06-07 10:31:02,966]  INFO {AUDIT_LOG} - Initiator=w**************r Action=Get-User-Claim-Values Target=a***n Data={"Claims":{},"Profile":"default"} Outcome=Success
TID: [-1234] [2025-06-07 10:31:02,981]  INFO {AUDIT_LOG} - Initiator : 75777ff5-b74d-440b-a0bd-6c2ca0c89d89 | Action : PostTokenIssue | Target : PasswordGrantAuditLogger | Data : { "AuthenticatedUser" : "75777ff5-b74d-440b-a0bd-6c2ca0c89d89","AuthenticatedUserStoreDomain" : "PRIMARY","AuthenticatedUserTenantDomain" : "carbon.super","ServiceProvider" : "admin_ea90ae31-c3d2-4fb9-9f0c-8c7ddae64655_PRODUCTION","RequestType" : "oauth2","RelyingParty" : "vOJ1PyTYOJKJlJCvyahU2z_G9C8a" } | Result : Success 
TID: [-1234] [2025-06-07 10:31:02,999]  INFO {AUDIT_LOG} - Initiator=w**************r Action=Get-User-Claim-Values Target=a***n Data={"Claims":{},"Profile":"default"} Outcome=Success
TID: [-1234] [2025-06-07 10:31:03,000]  INFO {AUDIT_LOG} - GET /api/am/publisher/apis user: 75777ff5-b74d-440b-a0bd-6c2ca0c89d89@carbon.super app: vOJ1PyTYOJKJlJCvyahU2z_G9C8a
TID: [-1234] [2025-06-07 10:31:03,000]  INFO {AUDIT_LOG} - Initiator=w**************r Action=Get-User-Claim-Values Target=a***n Data={"Claims":{},"Profile":"default"} Outcome=Success
TID: [-1234] [2025-06-07 10:31:03,001]  INFO {AUDIT_LOG} - Initiator=w**************r Action=Get-User-Claim-Values Target=a***n Data={"Claims":{},"Profile":"default"} Outcome=Success
TID: [] [2025-06-07 10:31:03,023]  INFO {AUDIT_LOG} - Initiator=w**************r Action=Get-User-Claim-Values Target=a***n Data={"Claims":{},"Profile":"default"} Outcome=Success
TID: [] [2025-06-07 10:31:03,023]  INFO {AUDIT_LOG} - Initiator=w**************r Action=Get-User-Claim-Values Target=a***n Data={"Claims":{},"Profile":"default"} Outcome=Success
TID: [] [2025-06-07 10:31:03,024]  INFO {AUDIT_LOG} - Initiator=w**************r Action=Get-User-Claim-Values Target=a***n Data={"Claims":{},"Profile":"default"} Outcome=Success
TID: [-1234] [2025-06-07 10:31:03,076]  INFO {AUDIT_LOG} - Initiator=w**************r Action=Get-User-List Target=null Data={"Claim Value":"a***n","Users":["a***n"],"Claim":"http://wso2.org/claims/username"} Outcome=Success
TID: [-1234] [2025-06-07 10:31:03,077]  INFO {AUDIT_LOG} - Initiator=w**************r Action=Get-User-Claim-Values Target=a***n Data={"Claims":{},"Profile":"default"} Outcome=Success
TID: [-1234] [2025-06-07 10:31:03,077]  INFO {AUDIT_LOG} - Initiator=w**************r Action=Get-User-Claim-Values Target=a***n Data={"Claims":{},"Profile":"default"} Outcome=Success
TID: [-1234] [2025-06-07 10:31:03,078]  INFO {AUDIT_LOG} - Initiator=w**************r Action=Get-User-Claim-Values Target=a***n Data={"Claims":{},"Profile":"default"} Outcome=Success
TID: [-1234] [2025-06-07 10:31:03,084]  INFO {AUDIT_LOG} - Initiator : 75777ff5-b74d-440b-a0bd-6c2ca0c89d89 | Action : PostTokenIssue | Target : PasswordGrantAuditLogger | Data : { "AuthenticatedUser" : "75777ff5-b74d-440b-a0bd-6c2ca0c89d89","AuthenticatedUserStoreDomain" : "PRIMARY","AuthenticatedUserTenantDomain" : "carbon.super","ServiceProvider" : "admin_ea90ae31-c3d2-4fb9-9f0c-8c7ddae64655_PRODUCTION","RequestType" : "oauth2","RelyingParty" : "vOJ1PyTYOJKJlJCvyahU2z_G9C8a" } | Result : Success 
TID: [-1234] [2025-06-07 10:31:03,089]  INFO {AUDIT_LOG} - Initiator=w**************r Action=Get-User-Claim-Values Target=a***n Data={"Claims":{},"Profile":"default"} Outcome=Success
TID: [-1234] [2025-06-07 10:31:03,090]  INFO {AUDIT_LOG} - Initiator=w**************r Action=Get-User-Claim-Values Target=a***n Data={"Claims":{},"Profile":"default"} Outcome=Success
TID: [-1234] [2025-06-07 10:31:03,090]  INFO {AUDIT_LOG} - Initiator=w**************r Action=Get-User-Claim-Values Target=a***n Data={"Claims":{},"Profile":"default"} Outcome=Success
TID: [-1234] [2025-06-07 10:31:03,092]  INFO {AUDIT_LOG} - GET /api/am/publisher/apis user: 75777ff5-b74d-440b-a0bd-6c2ca0c89d89@carbon.super app: vOJ1PyTYOJKJlJCvyahU2z_G9C8a
TID: [-1234] [2025-06-07 10:31:05,938]  INFO {AUDIT_LOG} - Initiator=w**************r Action=Get-User-List Target=null Data={"Claim Value":"a***n","Users":["a***n"],"Claim":"http://wso2.org/claims/username"} Outcome=Success
TID: [-1234] [2025-06-07 10:31:05,944]  INFO {AUDIT_LOG} - Initiator=w**************r Action=Get-User-Claim-Values Target=a***n Data={"Claims":{},"Profile":"default"} Outcome=Success
TID: [-1234] [2025-06-07 10:31:05,946]  INFO {AUDIT_LOG} - Initiator=w**************r Action=Get-User-Claim-Values Target=a***n Data={"Claims":{},"Profile":"default"} Outcome=Success
TID: [-1234] [2025-06-07 10:31:05,947]  INFO {AUDIT_LOG} - Initiator=w**************r Action=Get-User-Claim-Values Target=a***n Data={"Claims":{},"Profile":"default"} Outcome=Success
TID: [-1234] [2025-06-07 10:31:05,956]  INFO {AUDIT_LOG} - Initiator : 75777ff5-b74d-440b-a0bd-6c2ca0c89d89 | Action : PostTokenIssue | Target : PasswordGrantAuditLogger | Data : { "AuthenticatedUser" : "75777ff5-b74d-440b-a0bd-6c2ca0c89d89","AuthenticatedUserStoreDomain" : "PRIMARY","AuthenticatedUserTenantDomain" : "carbon.super","ServiceProvider" : "admin_ea90ae31-c3d2-4fb9-9f0c-8c7ddae64655_PRODUCTION","RequestType" : "oauth2","RelyingParty" : "vOJ1PyTYOJKJlJCvyahU2z_G9C8a" } | Result : Success 
TID: [-1234] [2025-06-07 10:31:05,974]  INFO {AUDIT_LOG} - GET /api/am/publisher/apis user: 75777ff5-b74d-440b-a0bd-6c2ca0c89d89@carbon.super app: vOJ1PyTYOJKJlJCvyahU2z_G9C8a
TID: [-1234] [2025-06-07 10:31:05,979]  INFO {AUDIT_LOG} - Initiator=w**************r Action=Get-User-Claim-Values Target=a***n Data={"Claims":{},"Profile":"default"} Outcome=Success
TID: [-1234] [2025-06-07 10:31:05,980]  INFO {AUDIT_LOG} - Initiator=w**************r Action=Get-User-Claim-Values Target=a***n Data={"Claims":{},"Profile":"default"} Outcome=Success
TID: [-1234] [2025-06-07 10:31:05,981]  INFO {AUDIT_LOG} - Initiator=w**************r Action=Get-User-Claim-Values Target=a***n Data={"Claims":{},"Profile":"default"} Outcome=Success
TID: [-1234] [2025-06-07 10:31:06,041]  INFO {AUDIT_LOG} - Initiator=w**************r Action=Get-User-List Target=null Data={"Claim Value":"a***n","Users":["a***n"],"Claim":"http://wso2.org/claims/username"} Outcome=Success
TID: [-1234] [2025-06-07 10:31:06,048]  INFO {AUDIT_LOG} - Initiator=w**************r Action=Get-User-Claim-Values Target=a***n Data={"Claims":{},"Profile":"default"} Outcome=Success
TID: [-1234] [2025-06-07 10:31:06,049]  INFO {AUDIT_LOG} - Initiator=w**************r Action=Get-User-Claim-Values Target=a***n Data={"Claims":{},"Profile":"default"} Outcome=Success
TID: [-1234] [2025-06-07 10:31:06,049]  INFO {AUDIT_LOG} - Initiator=w**************r Action=Get-User-Claim-Values Target=a***n Data={"Claims":{},"Profile":"default"} Outcome=Success
TID: [-1234] [2025-06-07 10:31:06,066]  INFO {AUDIT_LOG} - Initiator : 75777ff5-b74d-440b-a0bd-6c2ca0c89d89 | Action : PostTokenIssue | Target : PasswordGrantAuditLogger | Data : { "AuthenticatedUser" : "75777ff5-b74d-440b-a0bd-6c2ca0c89d89","AuthenticatedUserStoreDomain" : "PRIMARY","AuthenticatedUserTenantDomain" : "carbon.super","ServiceProvider" : "admin_ea90ae31-c3d2-4fb9-9f0c-8c7ddae64655_PRODUCTION","RequestType" : "oauth2","RelyingParty" : "vOJ1PyTYOJKJlJCvyahU2z_G9C8a" } | Result : Success 
TID: [-1234] [2025-06-07 10:31:06,087]  INFO {AUDIT_LOG} - GET /api/am/publisher/apis user: 75777ff5-b74d-440b-a0bd-6c2ca0c89d89@carbon.super app: vOJ1PyTYOJKJlJCvyahU2z_G9C8a
TID: [-1234] [2025-06-07 10:31:06,092]  INFO {AUDIT_LOG} - Initiator=w**************r Action=Get-User-Claim-Values Target=a***n Data={"Claims":{},"Profile":"default"} Outcome=Success
TID: [-1234] [2025-06-07 10:31:06,098]  INFO {AUDIT_LOG} - Initiator=w**************r Action=Get-User-Claim-Values Target=a***n Data={"Claims":{},"Profile":"default"} Outcome=Success
TID: [-1234] [2025-06-07 10:31:06,099]  INFO {AUDIT_LOG} - Initiator=w**************r Action=Get-User-Claim-Values Target=a***n Data={"Claims":{},"Profile":"default"} Outcome=Success
