TID: [-1234] [2025-05-07 13:52:40,551]  INFO {AUDIT_LOG} - Initiator=w**************r Action=Get-User-List Target=null Data={"ServiceProviderName":"apim_publisher","Claim Value":"a***n","Users":["a***n"],"Claim":"http://wso2.org/claims/username"} Outcome=Success
TID: [-1234] [2025-05-07 13:52:40,577]  INFO {AUDIT_LOG} - Initiator=w**************r Action=Get-User-Claim-Values Target=a***n Data={"ServiceProviderName":"apim_publisher","Claims":{},"Profile":"default"} Outcome=Success
TID: [-1234] [2025-05-07 13:52:40,578]  INFO {AUDIT_LOG} - Initiator=w**************r Action=Get-User-Claim-Values Target=a***n Data={"ServiceProviderName":"apim_publisher","Claims":{},"Profile":"default"} Outcome=Success
TID: [-1234] [2025-05-07 13:52:40,580]  INFO {AUDIT_LOG} - Initiator=w**************r Action=Get-User-Claim-Values Target=a***n Data={"ServiceProviderName":"apim_publisher","Claims":{},"Profile":"default"} Outcome=Success
TID: [-1234] [2025-05-07 13:52:40,588]  INFO {AUDIT_LOG} - Initiator : a***n | Action : LoginStepSuccess | Target : ApplicationAuthenticationFramework | Data : { "ContextIdentifier" : "6d1c88c2-ccc0-4a0d-a9a6-3997f6b727e4","AuthenticatedUser" : "a***n","AuthenticatedUserTenantDomain" : "carbon.super","ServiceProviderName" : "apim_publisher","RequestType" : "oidc","RelyingParty" : "y3vyR8tiJmvfXsdGZfwvaSpvK7Qa","AuthenticatedIdP" : "LOCAL","User Agent" : "null","RemoteAddress" : "null","UserStoreDomain" : "PRIMARY" } | Result : Success 
TID: [-1234] [2025-05-07 13:52:40,601]  INFO {AUDIT_LOG} - Initiator : a****************r | Action : Authenticate | Target : ApplicationAuthenticationFramework | Data : { Step: 1, IDP: LOCAL, Authenticator:BasicAuthenticator } | Result : Success 
TID: [-1234] [2025-05-07 13:52:40,612]  INFO {AUDIT_LOG} - Initiator=w**************r Action=Get-Roles-of-User Target=a***n Data={"ServiceProviderName":"apim_publisher","Filter":"*","Roles":["Internal/subscriber","Internal/creator","Internal/publisher","Internal/everyone","Internal/devops","admin","Internal/analytics","Internal/observer","Internal/integration_dev"]} Outcome=Success
TID: [-1234] [2025-05-07 13:52:40,614]  INFO {AUDIT_LOG} - Initiator=w**************r Action=Get-User-Claim-Values Target=a***n Data={"ServiceProviderName":"apim_publisher","Claims":{"http://wso2.org/claims/username":"a***n","http://wso2.org/claims/userid":"75777ff5-b74d-440b-a0bd-6c2ca0c89d89","http://wso2.org/claims/role":"I***********************************************************************************************************************************************************v","http://wso2.org/claims/userprincipal":"a***n"}} Outcome=Success
TID: [-1234] [2025-05-07 13:52:40,723]  INFO {AUDIT_LOG} - Initiator : 75777ff5-b74d-440b-a0bd-6c2ca0c89d89 | Action : StoreSession | Data : { {"traceId":"bb63364a-6866-412c-a601-d1d9b173719b","RememberMe":false,"sessionContextId":"228abda50cc9447fb97e5df0749ce46df6b59939f2f8572b765f9f8cb2d98e55","AuthenticatedUserTenantDomain":"carbon.super","AuthenticatedUser":"a***n","LastAccessedTimestamp":1746625960630} } | Result : Success 
TID: [-1234] [2025-05-07 13:52:40,753]  INFO {AUDIT_LOG} - Initiator : 75777ff5-b74d-440b-a0bd-6c2ca0c89d89 | Action : Login | Target : ApplicationAuthenticationFramework | Data : { "ContextIdentifier" : "6d1c88c2-ccc0-4a0d-a9a6-3997f6b727e4","AuthenticatedUser" : "a***n","AuthenticatedUserTenantDomain" : "carbon.super","ServiceProviderName" : "apim_publisher","RequestType" : "oidc","RelyingParty" : "y3vyR8tiJmvfXsdGZfwvaSpvK7Qa","AuthenticatedIdPs" : "eyJ0eXAiOiJKV1QiLCJhbGciOiJIUzI1NiJ9.eyJpc3MiOiJ3c28yIiwiZXhwIjoxNzQ2NjI1OTYzNjAxLCJpYXQiOjE3NDY2MjU5NjA2MDEsImlkcHMiOlt7ImlkcCI6IkxPQ0FMIiwiYXV0aGVudGljYXRvciI6IkJhc2ljQXV0aGVudGljYXRvciJ9XX0.n4YhhkL1OG8atHNvnaXqUpRYKvM2w2Pn1lgGCUPYeXY","User Agent" : "null","RemoteAddress" : "null","UserStoreDomain" : "PRIMARY" } | Result : Success 
TID: [-1234] [2025-05-07 13:52:41,531]  INFO {AUDIT_LOG} - Initiator=w**************r Action=Get-User-List Target=null Data={"Claim Value":"a***n","Users":["a***n"],"Claim":"http://wso2.org/claims/username"} Outcome=Success
TID: [-1234] [2025-05-07 13:52:41,536]  INFO {AUDIT_LOG} - Initiator=w**************r Action=Get-User-Claim-Values Target=a***n Data={"Claims":{},"Profile":"default"} Outcome=Success
TID: [-1234] [2025-05-07 13:52:41,537]  INFO {AUDIT_LOG} - Initiator=w**************r Action=Get-User-Claim-Values Target=a***n Data={"Claims":{},"Profile":"default"} Outcome=Success
TID: [-1234] [2025-05-07 13:52:41,538]  INFO {AUDIT_LOG} - Initiator=w**************r Action=Get-User-Claim-Values Target=a***n Data={"Claims":{},"Profile":"default"} Outcome=Success
TID: [-1234] [2025-05-07 13:52:43,705]  INFO {AUDIT_LOG} - Initiator=w**************r Action=Get-User-Claim-Value Target=a***n Data={"Claim":"http://wso2.org/claims/organization"} Outcome=Success
TID: [-1234] [2025-05-07 13:52:43,705]  INFO {AUDIT_LOG} - Initiator=w**************r Action=Get-User-Claim-Value Target=a***n Data={"Claim":"http://wso2.org/claims/organization"} Outcome=Success
TID: [-1234] [2025-05-07 13:52:44,040]  INFO {AUDIT_LOG} - GET /api/am/publisher/settings user: admin@carbon.super app: y3vyR8tiJmvfXsdGZfwvaSpvK7Qa
TID: [-1234] [2025-05-07 13:52:44,040]  INFO {AUDIT_LOG} - GET /api/am/publisher/apis?limit=10&offset=0 user: admin@carbon.super app: y3vyR8tiJmvfXsdGZfwvaSpvK7Qa
TID: [-1234] [2025-05-07 13:52:48,475]  INFO {AUDIT_LOG} - GET /api/am/publisher/tenants?state=active user: admin@carbon.super app: y3vyR8tiJmvfXsdGZfwvaSpvK7Qa
TID: [-1234] [2025-05-07 13:52:48,478]  INFO {AUDIT_LOG} - GET /api/am/publisher/apis/3e9c8bfa-e0d3-4922-984e-cd99bd95a7c8 user: admin@carbon.super app: y3vyR8tiJmvfXsdGZfwvaSpvK7Qa
TID: [-1234] [2025-05-07 13:52:48,841]  INFO {AUDIT_LOG} - GET /api/am/publisher/apis/3e9c8bfa-e0d3-4922-984e-cd99bd95a7c8/swagger user: admin@carbon.super app: y3vyR8tiJmvfXsdGZfwvaSpvK7Qa
TID: [-1234] [2025-05-07 13:52:48,841]  INFO {AUDIT_LOG} - GET /api/am/publisher/me/organization-information user: admin@carbon.super app: y3vyR8tiJmvfXsdGZfwvaSpvK7Qa
TID: [-1234] [2025-05-07 13:52:48,843]  INFO {AUDIT_LOG} - GET /api/am/publisher/apis/3e9c8bfa-e0d3-4922-984e-cd99bd95a7c8/revisions?query=deployed%3Atrue user: admin@carbon.super app: y3vyR8tiJmvfXsdGZfwvaSpvK7Qa
TID: [-1234] [2025-05-07 13:52:48,846]  INFO {AUDIT_LOG} - GET /api/am/publisher/apis/3e9c8bfa-e0d3-4922-984e-cd99bd95a7c8/revisions user: admin@carbon.super app: y3vyR8tiJmvfXsdGZfwvaSpvK7Qa
TID: [-1234] [2025-05-07 13:52:49,007]  INFO {AUDIT_LOG} - GET /api/am/publisher/apis/3e9c8bfa-e0d3-4922-984e-cd99bd95a7c8/revisions?query=deployed%3Atrue user: admin@carbon.super app: y3vyR8tiJmvfXsdGZfwvaSpvK7Qa
TID: [-1234] [2025-05-07 13:52:49,077]  INFO {AUDIT_LOG} - GET /api/am/publisher/apis/3e9c8bfa-e0d3-4922-984e-cd99bd95a7c8/revisions?query=deployed%3Atrue user: admin@carbon.super app: y3vyR8tiJmvfXsdGZfwvaSpvK7Qa
TID: [-1234] [2025-05-07 13:52:49,077]  INFO {AUDIT_LOG} - GET /api/am/publisher/apis/3e9c8bfa-e0d3-4922-984e-cd99bd95a7c8/swagger user: admin@carbon.super app: y3vyR8tiJmvfXsdGZfwvaSpvK7Qa
TID: [-1234] [2025-05-07 13:52:49,142]  INFO {AUDIT_LOG} - GET /api/am/publisher/apis/3e9c8bfa-e0d3-4922-984e-cd99bd95a7c8/swagger user: admin@carbon.super app: y3vyR8tiJmvfXsdGZfwvaSpvK7Qa
TID: [-1234] [2025-05-07 13:52:49,143]  INFO {AUDIT_LOG} - GET /api/am/publisher/apis/3e9c8bfa-e0d3-4922-984e-cd99bd95a7c8/revisions?query=deployed%3Atrue user: admin@carbon.super app: y3vyR8tiJmvfXsdGZfwvaSpvK7Qa
TID: [-1234] [2025-05-07 13:52:53,201]  INFO {AUDIT_LOG} - GET /api/am/publisher/apis/3e9c8bfa-e0d3-4922-984e-cd99bd95a7c8/swagger user: admin@carbon.super app: y3vyR8tiJmvfXsdGZfwvaSpvK7Qa
TID: [-1234] [2025-05-07 13:52:53,202]  INFO {AUDIT_LOG} - GET /api/am/publisher/apis/3e9c8bfa-e0d3-4922-984e-cd99bd95a7c8/deployments user: admin@carbon.super app: y3vyR8tiJmvfXsdGZfwvaSpvK7Qa
TID: [-1234] [2025-05-07 13:52:53,204]  INFO {AUDIT_LOG} - POST /api/am/publisher/apis/3e9c8bfa-e0d3-4922-984e-cd99bd95a7c8/generate-key user: admin@carbon.super app: y3vyR8tiJmvfXsdGZfwvaSpvK7Qa
TID: [] [2025-05-07 13:53:01,976]  INFO {AUDIT_LOG} - Initiator=w**************r Action=Get-User-Claim-Values Target=a***n Data={"Claims":{},"Profile":"default"} Outcome=Success
TID: [] [2025-05-07 13:53:01,977]  INFO {AUDIT_LOG} - Initiator=w**************r Action=Get-User-Claim-Values Target=a***n Data={"Claims":{},"Profile":"default"} Outcome=Success
TID: [] [2025-05-07 13:53:01,977]  INFO {AUDIT_LOG} - Initiator=w**************r Action=Get-User-Claim-Values Target=a***n Data={"Claims":{},"Profile":"default"} Outcome=Success
