TID: [-1234] [2025-07-14 08:17:39,789]  INFO {AUDIT_LOG} - Initiator=w**************r Action=Get-User-List Target=null Data={"ServiceProviderName":"apim_devportal","Claim Value":"a***n","Users":["a***n"],"Claim":"http://wso2.org/claims/username"} Outcome=Success
TID: [-1234] [2025-07-14 08:17:39,814]  INFO {AUDIT_LOG} - Initiator=w**************r Action=Get-User-Claim-Values Target=a***n Data={"ServiceProviderName":"apim_devportal","Claims":{},"Profile":"default"} Outcome=Success
TID: [-1234] [2025-07-14 08:17:39,818]  INFO {AUDIT_LOG} - Initiator=w**************r Action=Get-User-Claim-Values Target=a***n Data={"ServiceProviderName":"apim_devportal","Claims":{},"Profile":"default"} Outcome=Success
TID: [-1234] [2025-07-14 08:17:39,819]  INFO {AUDIT_LOG} - Initiator=w**************r Action=Get-User-Claim-Values Target=a***n Data={"ServiceProviderName":"apim_devportal","Claims":{},"Profile":"default"} Outcome=Success
TID: [-1234] [2025-07-14 08:17:39,822]  INFO {AUDIT_LOG} - Initiator : a***n | Action : LoginStepSuccess | Target : ApplicationAuthenticationFramework | Data : { "ContextIdentifier" : "f733a2b0-6655-4090-8d9a-b148d68e1458","AuthenticatedUser" : "a***n","AuthenticatedUserTenantDomain" : "carbon.super","ServiceProviderName" : "apim_devportal","RequestType" : "oidc","RelyingParty" : "8YNcwtyaHxWPUT9xJgLZDwrd4sUa","AuthenticatedIdP" : "LOCAL","User Agent" : "null","RemoteAddress" : "null","UserStoreDomain" : "PRIMARY" } | Result : Success 
TID: [-1234] [2025-07-14 08:17:39,825]  INFO {AUDIT_LOG} - Initiator : a****************r | Action : Authenticate | Target : ApplicationAuthenticationFramework | Data : { Step: 1, IDP: LOCAL, Authenticator:BasicAuthenticator } | Result : Success 
TID: [-1234] [2025-07-14 08:17:39,830]  INFO {AUDIT_LOG} - Initiator=w**************r Action=Get-Roles-of-User Target=a***n Data={"ServiceProviderName":"apim_devportal","Filter":"*","Roles":["Internal/subscriber","Internal/creator","Internal/publisher","Internal/everyone","Internal/devops","admin","Internal/analytics","Internal/observer","Internal/integration_dev"]} Outcome=Success
TID: [-1234] [2025-07-14 08:17:39,831]  INFO {AUDIT_LOG} - Initiator=w**************r Action=Get-User-Claim-Values Target=a***n Data={"ServiceProviderName":"apim_devportal","Claims":{"http://wso2.org/claims/username":"a***n","http://wso2.org/claims/userid":"75777ff5-b74d-440b-a0bd-6c2ca0c89d89","http://wso2.org/claims/role":"I***********************************************************************************************************************************************************v","http://wso2.org/claims/userprincipal":"a***n"}} Outcome=Success
TID: [-1234] [2025-07-14 08:17:39,850]  INFO {AUDIT_LOG} - Initiator : 75777ff5-b74d-440b-a0bd-6c2ca0c89d89 | Action : StoreSession | Data : { {"traceId":"e1161ae8-19cc-43b4-afce-89b96ec56087","RememberMe":false,"sessionContextId":"38edef8406fd5f06c236ea87e4144ceef91f4529bf9b9a1addd088d74eb47ded","AuthenticatedUserTenantDomain":"carbon.super","AuthenticatedUser":"a***n","LastAccessedTimestamp":1752481059843} } | Result : Success 
TID: [-1234] [2025-07-14 08:17:39,858]  INFO {AUDIT_LOG} - Initiator : 75777ff5-b74d-440b-a0bd-6c2ca0c89d89 | Action : Login | Target : ApplicationAuthenticationFramework | Data : { "ContextIdentifier" : "f733a2b0-6655-4090-8d9a-b148d68e1458","AuthenticatedUser" : "a***n","AuthenticatedUserTenantDomain" : "carbon.super","ServiceProviderName" : "apim_devportal","RequestType" : "oidc","RelyingParty" : "8YNcwtyaHxWPUT9xJgLZDwrd4sUa","AuthenticatedIdPs" : "eyJ0eXAiOiJKV1QiLCJhbGciOiJIUzI1NiJ9.eyJpc3MiOiJ3c28yIiwiZXhwIjoxNzUyNDgxMDYyODI1LCJpYXQiOjE3NTI0ODEwNTk4MjUsImlkcHMiOlt7ImlkcCI6IkxPQ0FMIiwiYXV0aGVudGljYXRvciI6IkJhc2ljQXV0aGVudGljYXRvciJ9XX0.yTAAwBlZ3nOI-TtNn9GdnSJnhhGgjEkLMPgaNfmGTF8","User Agent" : "null","RemoteAddress" : "null","UserStoreDomain" : "PRIMARY" } | Result : Success 
TID: [-1234] [2025-07-14 08:17:40,525]  INFO {AUDIT_LOG} - Initiator=w**************r Action=Get-User-List Target=null Data={"Claim Value":"a***n","Users":["a***n"],"Claim":"http://wso2.org/claims/username"} Outcome=Success
TID: [-1234] [2025-07-14 08:17:40,529]  INFO {AUDIT_LOG} - Initiator=w**************r Action=Get-User-Claim-Values Target=a***n Data={"Claims":{},"Profile":"default"} Outcome=Success
TID: [-1234] [2025-07-14 08:17:40,532]  INFO {AUDIT_LOG} - Initiator=w**************r Action=Get-User-Claim-Values Target=a***n Data={"Claims":{},"Profile":"default"} Outcome=Success
TID: [-1234] [2025-07-14 08:17:40,532]  INFO {AUDIT_LOG} - Initiator=w**************r Action=Get-User-Claim-Values Target=a***n Data={"Claims":{},"Profile":"default"} Outcome=Success
TID: [-1234] [2025-07-14 08:17:40,563]  INFO {AUDIT_LOG} - Initiator=w**************r Action=Get-User-Claim-Value Target=a***n Data={"Claim":"http://wso2.org/claims/organization"} Outcome=Success
TID: [-1234] [2025-07-14 08:17:40,578]  INFO {AUDIT_LOG} - GET /api/am/devportal/settings user: admin@carbon.super app: 8YNcwtyaHxWPUT9xJgLZDwrd4sUa
TID: [-1234] [2025-07-14 08:17:40,635]  INFO {AUDIT_LOG} - GET /api/am/devportal/me/organization-information user: admin@carbon.super app: 8YNcwtyaHxWPUT9xJgLZDwrd4sUa
TID: [-1234] [2025-07-14 08:17:41,029]  INFO {AUDIT_LOG} - GET /api/am/devportal/applications?sortBy=name&sortOrder=asc&limit=10&offset=0 user: admin@carbon.super app: 8YNcwtyaHxWPUT9xJgLZDwrd4sUa
TID: [-1234] [2025-07-14 08:17:43,474]  INFO {AUDIT_LOG} - GET /api/am/devportal/applications/539d6b5f-186c-4ccb-bc4a-34c980dcdbbd user: admin@carbon.super app: 8YNcwtyaHxWPUT9xJgLZDwrd4sUa
TID: [-1234] [2025-07-14 08:17:43,584]  INFO {AUDIT_LOG} - GET /api/am/devportal/applications/539d6b5f-186c-4ccb-bc4a-34c980dcdbbd user: admin@carbon.super app: 8YNcwtyaHxWPUT9xJgLZDwrd4sUa
TID: [-1234] [2025-07-14 08:17:43,624]  INFO {AUDIT_LOG} - GET /api/am/devportal/throttling-policies/application/Unlimited user: admin@carbon.super app: 8YNcwtyaHxWPUT9xJgLZDwrd4sUa
TID: [-1234] [2025-07-14 08:17:44,909]  INFO {AUDIT_LOG} - GET /api/am/devportal/subscriptions?applicationId=539d6b5f-186c-4ccb-bc4a-34c980dcdbbd&limit=1000 user: admin@carbon.super app: 8YNcwtyaHxWPUT9xJgLZDwrd4sUa
TID: [-1234] [2025-07-14 08:17:44,993]  INFO {AUDIT_LOG} - GET /api/am/devportal/subscriptions/2547596d-d0e2-4c23-a3a1-c47925c7b7c2 user: admin@carbon.super app: 8YNcwtyaHxWPUT9xJgLZDwrd4sUa
TID: [-1234] [2025-07-14 08:17:44,993]  INFO {AUDIT_LOG} - GET /api/am/devportal/subscriptions/fcf2d4f2-04cd-47b9-8c2f-5f55bc311e16 user: admin@carbon.super app: 8YNcwtyaHxWPUT9xJgLZDwrd4sUa
TID: [-1234] [2025-07-14 08:17:44,998]  INFO {AUDIT_LOG} - GET /api/am/devportal/apis/3e9c8bfa-e0d3-4922-984e-cd99bd95a7c8 user: admin@carbon.super app: 8YNcwtyaHxWPUT9xJgLZDwrd4sUa
TID: [-1234] [2025-07-14 08:17:44,998]  INFO {AUDIT_LOG} - GET /api/am/devportal/apis/3d25892b-b9a4-4295-bdc9-6528d8d6b900 user: admin@carbon.super app: 8YNcwtyaHxWPUT9xJgLZDwrd4sUa
TID: [-1234] [2025-07-14 08:17:45,024]  INFO {AUDIT_LOG} - GET /api/am/devportal/throttling-policies/subscription/Unlimited user: admin@carbon.super app: 8YNcwtyaHxWPUT9xJgLZDwrd4sUa
TID: [-1234] [2025-07-14 08:17:45,031]  INFO {AUDIT_LOG} - GET /api/am/devportal/apis/3d25892b-b9a4-4295-bdc9-6528d8d6b900 user: admin@carbon.super app: 8YNcwtyaHxWPUT9xJgLZDwrd4sUa
TID: [-1234] [2025-07-14 08:17:45,036]  INFO {AUDIT_LOG} - GET /api/am/devportal/throttling-policies/subscription/Unlimited user: admin@carbon.super app: 8YNcwtyaHxWPUT9xJgLZDwrd4sUa
TID: [-1234] [2025-07-14 08:17:45,036]  INFO {AUDIT_LOG} - GET /api/am/devportal/apis/3e9c8bfa-e0d3-4922-984e-cd99bd95a7c8 user: admin@carbon.super app: 8YNcwtyaHxWPUT9xJgLZDwrd4sUa
TID: [-1234] [2025-07-14 08:17:46,416]  INFO {AUDIT_LOG} - GET /api/am/devportal/settings user: admin@carbon.super app: 8YNcwtyaHxWPUT9xJgLZDwrd4sUa
TID: [-1234] [2025-07-14 08:17:46,416]  INFO {AUDIT_LOG} - GET /api/am/devportal/subscriptions?apiId=3d25892b-b9a4-4295-bdc9-6528d8d6b900&limit=25 user: admin@carbon.super app: 8YNcwtyaHxWPUT9xJgLZDwrd4sUa
TID: [-1234] [2025-07-14 08:17:46,417]  INFO {AUDIT_LOG} - GET /api/am/devportal/subscriptions?apiId=3d25892b-b9a4-4295-bdc9-6528d8d6b900&limit=5000 user: admin@carbon.super app: 8YNcwtyaHxWPUT9xJgLZDwrd4sUa
TID: [-1234] [2025-07-14 08:17:46,417]  INFO {AUDIT_LOG} - GET /api/am/devportal/applications?limit=5000 user: admin@carbon.super app: 8YNcwtyaHxWPUT9xJgLZDwrd4sUa
TID: [-1234] [2025-07-14 08:17:46,418]  INFO {AUDIT_LOG} - GET /api/am/devportal/apis/3d25892b-b9a4-4295-bdc9-6528d8d6b900 user: admin@carbon.super app: 8YNcwtyaHxWPUT9xJgLZDwrd4sUa
TID: [-1234] [2025-07-14 08:17:47,075]  INFO {AUDIT_LOG} - GET /api/am/devportal/throttling-policies/subscription user: admin@carbon.super app: 8YNcwtyaHxWPUT9xJgLZDwrd4sUa
TID: [-1234] [2025-07-14 08:17:47,074]  INFO {AUDIT_LOG} - GET /api/am/devportal/apis/3d25892b-b9a4-4295-bdc9-6528d8d6b900/documents user: admin@carbon.super app: 8YNcwtyaHxWPUT9xJgLZDwrd4sUa
TID: [-1234] [2025-07-14 08:17:47,094]  INFO {AUDIT_LOG} - GET /api/am/devportal/throttling-policies/subscription user: admin@carbon.super app: 8YNcwtyaHxWPUT9xJgLZDwrd4sUa
TID: [-1234] [2025-07-14 08:17:47,102]  INFO {AUDIT_LOG} - GET /api/am/devportal/apis/3d25892b-b9a4-4295-bdc9-6528d8d6b900/documents user: admin@carbon.super app: 8YNcwtyaHxWPUT9xJgLZDwrd4sUa
TID: [-1234] [2025-07-14 08:17:47,144]  INFO {AUDIT_LOG} - GET /api/am/devportal/apis/3d25892b-b9a4-4295-bdc9-6528d8d6b900/thumbnail user: admin@carbon.super app: 8YNcwtyaHxWPUT9xJgLZDwrd4sUa
TID: [-1234] [2025-07-14 08:17:47,144]  INFO {AUDIT_LOG} - GET /api/am/devportal/apis/3d25892b-b9a4-4295-bdc9-6528d8d6b900/ratings user: admin@carbon.super app: 8YNcwtyaHxWPUT9xJgLZDwrd4sUa
TID: [-1234] [2025-07-14 08:17:47,144]  INFO {AUDIT_LOG} - GET /api/am/devportal/apis/3d25892b-b9a4-4295-bdc9-6528d8d6b900/comments?limit=5&offset=0 user: admin@carbon.super app: 8YNcwtyaHxWPUT9xJgLZDwrd4sUa
TID: [-1234] [2025-07-14 08:17:48,417]  INFO {AUDIT_LOG} - GET /api/am/devportal/apis/3d25892b-b9a4-4295-bdc9-6528d8d6b900 user: admin@carbon.super app: 8YNcwtyaHxWPUT9xJgLZDwrd4sUa
TID: [-1234] [2025-07-14 08:17:48,427]  INFO {AUDIT_LOG} - GET /api/am/devportal/subscriptions?apiId=3d25892b-b9a4-4295-bdc9-6528d8d6b900&limit=25 user: admin@carbon.super app: 8YNcwtyaHxWPUT9xJgLZDwrd4sUa
TID: [-1234] [2025-07-14 08:17:48,428]  INFO {AUDIT_LOG} - GET /api/am/devportal/subscriptions?apiId=3d25892b-b9a4-4295-bdc9-6528d8d6b900&limit=5000 user: admin@carbon.super app: 8YNcwtyaHxWPUT9xJgLZDwrd4sUa
TID: [-1234] [2025-07-14 08:17:48,432]  INFO {AUDIT_LOG} - GET /api/am/devportal/applications?limit=5000 user: admin@carbon.super app: 8YNcwtyaHxWPUT9xJgLZDwrd4sUa
TID: [-1234] [2025-07-14 08:17:49,034]  INFO {AUDIT_LOG} - GET /api/am/devportal/apis/3d25892b-b9a4-4295-bdc9-6528d8d6b900 user: admin@carbon.super app: 8YNcwtyaHxWPUT9xJgLZDwrd4sUa
TID: [-1234] [2025-07-14 08:17:49,061]  INFO {AUDIT_LOG} - GET /api/am/devportal/apis/3d25892b-b9a4-4295-bdc9-6528d8d6b900/swagger?environmentName=Default user: admin@carbon.super app: 8YNcwtyaHxWPUT9xJgLZDwrd4sUa
TID: [-1234] [2025-07-14 08:17:49,106]  INFO {AUDIT_LOG} - GET /api/am/devportal/subscriptions?apiId=3d25892b-b9a4-4295-bdc9-6528d8d6b900&limit=25 user: admin@carbon.super app: 8YNcwtyaHxWPUT9xJgLZDwrd4sUa
TID: [-1234] [2025-07-14 08:17:49,208]  INFO {AUDIT_LOG} - GET /api/am/devportal/key-managers user: admin@carbon.super app: 8YNcwtyaHxWPUT9xJgLZDwrd4sUa
TID: [-1234] [2025-07-14 08:17:49,219]  INFO {AUDIT_LOG} - GET /api/am/devportal/subscriptions?apiId=3d25892b-b9a4-4295-bdc9-6528d8d6b900&limit=25 user: admin@carbon.super app: 8YNcwtyaHxWPUT9xJgLZDwrd4sUa
TID: [-1234] [2025-07-14 08:17:49,582]  INFO {AUDIT_LOG} - GET /api/am/devportal/applications/ user: admin@carbon.super app: 8YNcwtyaHxWPUT9xJgLZDwrd4sUa
TID: [-1234] [2025-07-14 08:17:49,711]  INFO {AUDIT_LOG} - GET /api/am/devportal/applications/539d6b5f-186c-4ccb-bc4a-34c980dcdbbd user: admin@carbon.super app: 8YNcwtyaHxWPUT9xJgLZDwrd4sUa
TID: [-1234] [2025-07-14 08:17:49,732]  INFO {AUDIT_LOG} - GET /api/am/devportal/applications/539d6b5f-186c-4ccb-bc4a-34c980dcdbbd/oauth-keys user: admin@carbon.super app: 8YNcwtyaHxWPUT9xJgLZDwrd4sUa
TID: [-1234] [2025-07-14 08:17:49,851]  INFO {AUDIT_LOG} - GET /api/am/devportal/applications/539d6b5f-186c-4ccb-bc4a-34c980dcdbbd user: admin@carbon.super app: 8YNcwtyaHxWPUT9xJgLZDwrd4sUa
TID: [-1234] [2025-07-14 08:17:49,875]  INFO {AUDIT_LOG} - GET /api/am/devportal/applications/539d6b5f-186c-4ccb-bc4a-34c980dcdbbd/oauth-keys user: admin@carbon.super app: 8YNcwtyaHxWPUT9xJgLZDwrd4sUa
TID: [-1234] [2025-07-14 08:17:51,073]  INFO {AUDIT_LOG} - GET /api/am/devportal/applications/539d6b5f-186c-4ccb-bc4a-34c980dcdbbd user: admin@carbon.super app: 8YNcwtyaHxWPUT9xJgLZDwrd4sUa
TID: [-1234] [2025-07-14 08:17:51,094]  INFO {AUDIT_LOG} - GET /api/am/devportal/applications/539d6b5f-186c-4ccb-bc4a-34c980dcdbbd/oauth-keys user: admin@carbon.super app: 8YNcwtyaHxWPUT9xJgLZDwrd4sUa
TID: [-1234] [2025-07-14 08:17:51,168]  INFO {AUDIT_LOG} - POST /api/am/devportal/applications/539d6b5f-186c-4ccb-bc4a-34c980dcdbbd/oauth-keys/5161b079-ecf2-402f-9ee6-b91bcf0aaeec/generate-token user: admin@carbon.super app: 8YNcwtyaHxWPUT9xJgLZDwrd4sUa
TID: [-1234] [2025-07-14 08:17:51,246]  INFO {AUDIT_LOG} - {"performedBy":"admin","action":"updated","type":"Application","info":{"Re-Generated Keys for application with client Id":"S4mS41IwhE2SR_OLP0ObGsuHjbIa"}}
TID: [-1234] [2025-07-14 08:17:51,346]  INFO {AUDIT_LOG} - Initiator=w**************r Action=Get-User-Claim-Values Target=a***n Data={"Claims":{},"Profile":"default"} Outcome=Success
TID: [-1234] [2025-07-14 08:17:51,347]  INFO {AUDIT_LOG} - Initiator=w**************r Action=Get-User-Claim-Values Target=a***n Data={"Claims":{},"Profile":"default"} Outcome=Success
TID: [-1234] [2025-07-14 08:17:51,348]  INFO {AUDIT_LOG} - Initiator=w**************r Action=Get-User-Claim-Values Target=a***n Data={"Claims":{},"Profile":"default"} Outcome=Success
TID: [] [2025-07-14 08:17:51,435]  INFO {AUDIT_LOG} - Initiator=w**************r Action=Get-User-Claim-Values Target=a***n Data={"Claims":{},"Profile":"default"} Outcome=Success
TID: [] [2025-07-14 08:17:51,438]  INFO {AUDIT_LOG} - Initiator=w**************r Action=Get-User-Claim-Values Target=a***n Data={"Claims":{},"Profile":"default"} Outcome=Success
TID: [] [2025-07-14 08:17:51,440]  INFO {AUDIT_LOG} - Initiator=w**************r Action=Get-User-Claim-Values Target=a***n Data={"Claims":{},"Profile":"default"} Outcome=Success
TID: [] [2025-07-14 08:17:55,064]  INFO {AUDIT_LOG} - Initiator=w**************r Action=Get-User-Claim-Values Target=a***n Data={"Claims":{},"Profile":"default"} Outcome=Success
TID: [] [2025-07-14 08:17:55,066]  INFO {AUDIT_LOG} - Initiator=w**************r Action=Get-User-Claim-Values Target=a***n Data={"Claims":{},"Profile":"default"} Outcome=Success
TID: [] [2025-07-14 08:17:55,067]  INFO {AUDIT_LOG} - Initiator=w**************r Action=Get-User-Claim-Values Target=a***n Data={"Claims":{},"Profile":"default"} Outcome=Success
TID: [-1234] [2025-07-14 09:50:12,832]  INFO {AUDIT_LOG} - Initiator=w**************r Action=Get-User-List Target=null Data={"ServiceProviderName":"apim_devportal","Claim Value":"a***n","Users":["a***n"],"Claim":"http://wso2.org/claims/username"} Outcome=Success
TID: [-1234] [2025-07-14 09:50:12,844]  INFO {AUDIT_LOG} - Initiator=w**************r Action=Get-User-Claim-Values Target=a***n Data={"ServiceProviderName":"apim_devportal","Claims":{},"Profile":"default"} Outcome=Success
TID: [-1234] [2025-07-14 09:50:12,847]  INFO {AUDIT_LOG} - Initiator=w**************r Action=Get-User-Claim-Values Target=a***n Data={"ServiceProviderName":"apim_devportal","Claims":{},"Profile":"default"} Outcome=Success
TID: [-1234] [2025-07-14 09:50:12,847]  INFO {AUDIT_LOG} - Initiator=w**************r Action=Get-User-Claim-Values Target=a***n Data={"ServiceProviderName":"apim_devportal","Claims":{},"Profile":"default"} Outcome=Success
TID: [-1234] [2025-07-14 09:50:12,849]  INFO {AUDIT_LOG} - Initiator : a***n | Action : LoginStepSuccess | Target : ApplicationAuthenticationFramework | Data : { "ContextIdentifier" : "d566c618-db91-49ac-8c08-2d0417403f93","AuthenticatedUser" : "a***n","AuthenticatedUserTenantDomain" : "carbon.super","ServiceProviderName" : "apim_devportal","RequestType" : "oidc","RelyingParty" : "8YNcwtyaHxWPUT9xJgLZDwrd4sUa","AuthenticatedIdP" : "LOCAL","User Agent" : "null","RemoteAddress" : "null","UserStoreDomain" : "PRIMARY" } | Result : Success 
TID: [-1234] [2025-07-14 09:50:12,850]  INFO {AUDIT_LOG} - Initiator : a****************r | Action : Authenticate | Target : ApplicationAuthenticationFramework | Data : { Step: 1, IDP: LOCAL, Authenticator:BasicAuthenticator } | Result : Success 
TID: [-1234] [2025-07-14 09:50:12,855]  INFO {AUDIT_LOG} - Initiator=w**************r Action=Get-Roles-of-User Target=a***n Data={"ServiceProviderName":"apim_devportal","Filter":"*","Roles":["Internal/subscriber","Internal/creator","Internal/publisher","Internal/everyone","Internal/devops","admin","Internal/analytics","Internal/observer","Internal/integration_dev"]} Outcome=Success
TID: [-1234] [2025-07-14 09:50:12,855]  INFO {AUDIT_LOG} - Initiator=w**************r Action=Get-User-Claim-Values Target=a***n Data={"ServiceProviderName":"apim_devportal","Claims":{"http://wso2.org/claims/username":"a***n","http://wso2.org/claims/userid":"75777ff5-b74d-440b-a0bd-6c2ca0c89d89","http://wso2.org/claims/role":"I***********************************************************************************************************************************************************v","http://wso2.org/claims/userprincipal":"a***n"}} Outcome=Success
TID: [-1234] [2025-07-14 09:50:12,864]  INFO {AUDIT_LOG} - Initiator : 75777ff5-b74d-440b-a0bd-6c2ca0c89d89 | Action : StoreSession | Data : { {"traceId":"c7dcf44e-ffa9-4d45-ac9b-0ca8cdbe1bfb","RememberMe":false,"sessionContextId":"e923c9ca0a676c24cc0109cc2869fb562f226ad03ee5d5de88071d0d10cb612e","AuthenticatedUserTenantDomain":"carbon.super","AuthenticatedUser":"a***n","LastAccessedTimestamp":1752486612860} } | Result : Success 
TID: [-1234] [2025-07-14 09:50:12,869]  INFO {AUDIT_LOG} - Initiator : 75777ff5-b74d-440b-a0bd-6c2ca0c89d89 | Action : Login | Target : ApplicationAuthenticationFramework | Data : { "ContextIdentifier" : "d566c618-db91-49ac-8c08-2d0417403f93","AuthenticatedUser" : "a***n","AuthenticatedUserTenantDomain" : "carbon.super","ServiceProviderName" : "apim_devportal","RequestType" : "oidc","RelyingParty" : "8YNcwtyaHxWPUT9xJgLZDwrd4sUa","AuthenticatedIdPs" : "eyJ0eXAiOiJKV1QiLCJhbGciOiJIUzI1NiJ9.eyJpc3MiOiJ3c28yIiwiZXhwIjoxNzUyNDg2NjE1ODUwLCJpYXQiOjE3NTI0ODY2MTI4NTAsImlkcHMiOlt7ImlkcCI6IkxPQ0FMIiwiYXV0aGVudGljYXRvciI6IkJhc2ljQXV0aGVudGljYXRvciJ9XX0.t-P6HBd33Cc9aDcpetFOfq8dWh_gj2waeR00tH398MQ","User Agent" : "null","RemoteAddress" : "null","UserStoreDomain" : "PRIMARY" } | Result : Success 
TID: [-1234] [2025-07-14 09:50:13,584]  INFO {AUDIT_LOG} - Initiator=w**************r Action=Get-User-List Target=null Data={"Claim Value":"a***n","Users":["a***n"],"Claim":"http://wso2.org/claims/username"} Outcome=Success
TID: [-1234] [2025-07-14 09:50:13,588]  INFO {AUDIT_LOG} - Initiator=w**************r Action=Get-User-Claim-Values Target=a***n Data={"Claims":{},"Profile":"default"} Outcome=Success
TID: [-1234] [2025-07-14 09:50:13,589]  INFO {AUDIT_LOG} - Initiator=w**************r Action=Get-User-Claim-Values Target=a***n Data={"Claims":{},"Profile":"default"} Outcome=Success
TID: [-1234] [2025-07-14 09:50:13,590]  INFO {AUDIT_LOG} - Initiator=w**************r Action=Get-User-Claim-Values Target=a***n Data={"Claims":{},"Profile":"default"} Outcome=Success
TID: [-1234] [2025-07-14 09:50:13,616]  INFO {AUDIT_LOG} - Initiator=w**************r Action=Get-User-Claim-Value Target=a***n Data={"Claim":"http://wso2.org/claims/organization"} Outcome=Success
TID: [-1234] [2025-07-14 09:50:13,632]  INFO {AUDIT_LOG} - GET /api/am/devportal/settings user: admin@carbon.super app: 8YNcwtyaHxWPUT9xJgLZDwrd4sUa
TID: [-1234] [2025-07-14 09:50:13,673]  INFO {AUDIT_LOG} - GET /api/am/devportal/me/organization-information user: admin@carbon.super app: 8YNcwtyaHxWPUT9xJgLZDwrd4sUa
TID: [-1234] [2025-07-14 09:50:14,190]  INFO {AUDIT_LOG} - GET /api/am/devportal/applications?sortBy=name&sortOrder=asc&limit=10&offset=0 user: admin@carbon.super app: 8YNcwtyaHxWPUT9xJgLZDwrd4sUa
TID: [-1234] [2025-07-14 09:50:15,713]  INFO {AUDIT_LOG} - GET /api/am/devportal/applications/539d6b5f-186c-4ccb-bc4a-34c980dcdbbd user: admin@carbon.super app: 8YNcwtyaHxWPUT9xJgLZDwrd4sUa
TID: [-1234] [2025-07-14 09:50:15,797]  INFO {AUDIT_LOG} - GET /api/am/devportal/applications/539d6b5f-186c-4ccb-bc4a-34c980dcdbbd user: admin@carbon.super app: 8YNcwtyaHxWPUT9xJgLZDwrd4sUa
TID: [-1234] [2025-07-14 09:50:15,832]  INFO {AUDIT_LOG} - GET /api/am/devportal/throttling-policies/application/Unlimited user: admin@carbon.super app: 8YNcwtyaHxWPUT9xJgLZDwrd4sUa
TID: [-1234] [2025-07-14 09:50:16,783]  INFO {AUDIT_LOG} - GET /api/am/devportal/subscriptions?applicationId=539d6b5f-186c-4ccb-bc4a-34c980dcdbbd&limit=1000 user: admin@carbon.super app: 8YNcwtyaHxWPUT9xJgLZDwrd4sUa
TID: [-1234] [2025-07-14 09:50:16,848]  INFO {AUDIT_LOG} - GET /api/am/devportal/apis/3e9c8bfa-e0d3-4922-984e-cd99bd95a7c8 user: admin@carbon.super app: 8YNcwtyaHxWPUT9xJgLZDwrd4sUa
TID: [-1234] [2025-07-14 09:50:16,848]  INFO {AUDIT_LOG} - GET /api/am/devportal/subscriptions/2547596d-d0e2-4c23-a3a1-c47925c7b7c2 user: admin@carbon.super app: 8YNcwtyaHxWPUT9xJgLZDwrd4sUa
TID: [-1234] [2025-07-14 09:50:16,869]  INFO {AUDIT_LOG} - GET /api/am/devportal/apis/3d25892b-b9a4-4295-bdc9-6528d8d6b900 user: admin@carbon.super app: 8YNcwtyaHxWPUT9xJgLZDwrd4sUa
TID: [-1234] [2025-07-14 09:50:16,870]  INFO {AUDIT_LOG} - GET /api/am/devportal/subscriptions/fcf2d4f2-04cd-47b9-8c2f-5f55bc311e16 user: admin@carbon.super app: 8YNcwtyaHxWPUT9xJgLZDwrd4sUa
TID: [-1234] [2025-07-14 09:50:16,880]  INFO {AUDIT_LOG} - GET /api/am/devportal/throttling-policies/subscription/Unlimited user: admin@carbon.super app: 8YNcwtyaHxWPUT9xJgLZDwrd4sUa
TID: [-1234] [2025-07-14 09:50:16,887]  INFO {AUDIT_LOG} - GET /api/am/devportal/apis/3e9c8bfa-e0d3-4922-984e-cd99bd95a7c8 user: admin@carbon.super app: 8YNcwtyaHxWPUT9xJgLZDwrd4sUa
TID: [-1234] [2025-07-14 09:50:16,897]  INFO {AUDIT_LOG} - GET /api/am/devportal/apis/3d25892b-b9a4-4295-bdc9-6528d8d6b900 user: admin@carbon.super app: 8YNcwtyaHxWPUT9xJgLZDwrd4sUa
TID: [-1234] [2025-07-14 09:50:16,899]  INFO {AUDIT_LOG} - GET /api/am/devportal/throttling-policies/subscription/Unlimited user: admin@carbon.super app: 8YNcwtyaHxWPUT9xJgLZDwrd4sUa
TID: [-1234] [2025-07-14 09:50:17,964]  INFO {AUDIT_LOG} - GET /api/am/devportal/applications?limit=5000 user: admin@carbon.super app: 8YNcwtyaHxWPUT9xJgLZDwrd4sUa
TID: [-1234] [2025-07-14 09:50:17,964]  INFO {AUDIT_LOG} - GET /api/am/devportal/subscriptions?apiId=3d25892b-b9a4-4295-bdc9-6528d8d6b900&limit=5000 user: admin@carbon.super app: 8YNcwtyaHxWPUT9xJgLZDwrd4sUa
TID: [-1234] [2025-07-14 09:50:17,965]  INFO {AUDIT_LOG} - GET /api/am/devportal/subscriptions?apiId=3d25892b-b9a4-4295-bdc9-6528d8d6b900&limit=25 user: admin@carbon.super app: 8YNcwtyaHxWPUT9xJgLZDwrd4sUa
TID: [-1234] [2025-07-14 09:50:17,965]  INFO {AUDIT_LOG} - GET /api/am/devportal/settings user: admin@carbon.super app: 8YNcwtyaHxWPUT9xJgLZDwrd4sUa
TID: [-1234] [2025-07-14 09:50:17,968]  INFO {AUDIT_LOG} - GET /api/am/devportal/apis/3d25892b-b9a4-4295-bdc9-6528d8d6b900 user: admin@carbon.super app: 8YNcwtyaHxWPUT9xJgLZDwrd4sUa
TID: [-1234] [2025-07-14 09:50:18,502]  INFO {AUDIT_LOG} - GET /api/am/devportal/apis/3d25892b-b9a4-4295-bdc9-6528d8d6b900/documents user: admin@carbon.super app: 8YNcwtyaHxWPUT9xJgLZDwrd4sUa
TID: [-1234] [2025-07-14 09:50:18,503]  INFO {AUDIT_LOG} - GET /api/am/devportal/throttling-policies/subscription user: admin@carbon.super app: 8YNcwtyaHxWPUT9xJgLZDwrd4sUa
TID: [-1234] [2025-07-14 09:50:18,515]  INFO {AUDIT_LOG} - GET /api/am/devportal/throttling-policies/subscription user: admin@carbon.super app: 8YNcwtyaHxWPUT9xJgLZDwrd4sUa
TID: [-1234] [2025-07-14 09:50:18,525]  INFO {AUDIT_LOG} - GET /api/am/devportal/apis/3d25892b-b9a4-4295-bdc9-6528d8d6b900/documents user: admin@carbon.super app: 8YNcwtyaHxWPUT9xJgLZDwrd4sUa
TID: [-1234] [2025-07-14 09:50:18,562]  INFO {AUDIT_LOG} - GET /api/am/devportal/apis/3d25892b-b9a4-4295-bdc9-6528d8d6b900/thumbnail user: admin@carbon.super app: 8YNcwtyaHxWPUT9xJgLZDwrd4sUa
TID: [-1234] [2025-07-14 09:50:18,562]  INFO {AUDIT_LOG} - GET /api/am/devportal/apis/3d25892b-b9a4-4295-bdc9-6528d8d6b900/comments?limit=5&offset=0 user: admin@carbon.super app: 8YNcwtyaHxWPUT9xJgLZDwrd4sUa
TID: [-1234] [2025-07-14 09:50:18,562]  INFO {AUDIT_LOG} - GET /api/am/devportal/apis/3d25892b-b9a4-4295-bdc9-6528d8d6b900/ratings user: admin@carbon.super app: 8YNcwtyaHxWPUT9xJgLZDwrd4sUa
TID: [-1234] [2025-07-14 09:50:20,690]  INFO {AUDIT_LOG} - GET /api/am/devportal/apis/3d25892b-b9a4-4295-bdc9-6528d8d6b900 user: admin@carbon.super app: 8YNcwtyaHxWPUT9xJgLZDwrd4sUa
TID: [-1234] [2025-07-14 09:50:20,698]  INFO {AUDIT_LOG} - GET /api/am/devportal/subscriptions?apiId=3d25892b-b9a4-4295-bdc9-6528d8d6b900&limit=25 user: admin@carbon.super app: 8YNcwtyaHxWPUT9xJgLZDwrd4sUa
TID: [-1234] [2025-07-14 09:50:20,701]  INFO {AUDIT_LOG} - GET /api/am/devportal/applications?limit=5000 user: admin@carbon.super app: 8YNcwtyaHxWPUT9xJgLZDwrd4sUa
TID: [-1234] [2025-07-14 09:50:20,717]  INFO {AUDIT_LOG} - GET /api/am/devportal/subscriptions?apiId=3d25892b-b9a4-4295-bdc9-6528d8d6b900&limit=5000 user: admin@carbon.super app: 8YNcwtyaHxWPUT9xJgLZDwrd4sUa
TID: [-1234] [2025-07-14 09:50:21,091]  INFO {AUDIT_LOG} - GET /api/am/devportal/apis/3d25892b-b9a4-4295-bdc9-6528d8d6b900 user: admin@carbon.super app: 8YNcwtyaHxWPUT9xJgLZDwrd4sUa
TID: [-1234] [2025-07-14 09:50:21,123]  INFO {AUDIT_LOG} - GET /api/am/devportal/apis/3d25892b-b9a4-4295-bdc9-6528d8d6b900/swagger?environmentName=Default user: admin@carbon.super app: 8YNcwtyaHxWPUT9xJgLZDwrd4sUa
TID: [-1234] [2025-07-14 09:50:21,175]  INFO {AUDIT_LOG} - GET /api/am/devportal/subscriptions?apiId=3d25892b-b9a4-4295-bdc9-6528d8d6b900&limit=25 user: admin@carbon.super app: 8YNcwtyaHxWPUT9xJgLZDwrd4sUa
TID: [-1234] [2025-07-14 09:50:21,245]  INFO {AUDIT_LOG} - GET /api/am/devportal/key-managers user: admin@carbon.super app: 8YNcwtyaHxWPUT9xJgLZDwrd4sUa
TID: [-1234] [2025-07-14 09:50:21,246]  INFO {AUDIT_LOG} - GET /api/am/devportal/subscriptions?apiId=3d25892b-b9a4-4295-bdc9-6528d8d6b900&limit=25 user: admin@carbon.super app: 8YNcwtyaHxWPUT9xJgLZDwrd4sUa
TID: [-1234] [2025-07-14 09:50:21,490]  INFO {AUDIT_LOG} - GET /api/am/devportal/applications/ user: admin@carbon.super app: 8YNcwtyaHxWPUT9xJgLZDwrd4sUa
TID: [-1234] [2025-07-14 09:50:21,602]  INFO {AUDIT_LOG} - GET /api/am/devportal/applications/539d6b5f-186c-4ccb-bc4a-34c980dcdbbd user: admin@carbon.super app: 8YNcwtyaHxWPUT9xJgLZDwrd4sUa
TID: [-1234] [2025-07-14 09:50:21,621]  INFO {AUDIT_LOG} - GET /api/am/devportal/applications/539d6b5f-186c-4ccb-bc4a-34c980dcdbbd/oauth-keys user: admin@carbon.super app: 8YNcwtyaHxWPUT9xJgLZDwrd4sUa
TID: [-1234] [2025-07-14 09:50:21,760]  INFO {AUDIT_LOG} - GET /api/am/devportal/applications/539d6b5f-186c-4ccb-bc4a-34c980dcdbbd user: admin@carbon.super app: 8YNcwtyaHxWPUT9xJgLZDwrd4sUa
TID: [-1234] [2025-07-14 09:50:21,781]  INFO {AUDIT_LOG} - GET /api/am/devportal/applications/539d6b5f-186c-4ccb-bc4a-34c980dcdbbd/oauth-keys user: admin@carbon.super app: 8YNcwtyaHxWPUT9xJgLZDwrd4sUa
TID: [-1234] [2025-07-14 09:50:22,790]  INFO {AUDIT_LOG} - GET /api/am/devportal/applications/539d6b5f-186c-4ccb-bc4a-34c980dcdbbd user: admin@carbon.super app: 8YNcwtyaHxWPUT9xJgLZDwrd4sUa
TID: [-1234] [2025-07-14 09:50:22,806]  INFO {AUDIT_LOG} - GET /api/am/devportal/applications/539d6b5f-186c-4ccb-bc4a-34c980dcdbbd/oauth-keys user: admin@carbon.super app: 8YNcwtyaHxWPUT9xJgLZDwrd4sUa
TID: [-1234] [2025-07-14 09:50:22,868]  INFO {AUDIT_LOG} - POST /api/am/devportal/applications/539d6b5f-186c-4ccb-bc4a-34c980dcdbbd/oauth-keys/5161b079-ecf2-402f-9ee6-b91bcf0aaeec/generate-token user: admin@carbon.super app: 8YNcwtyaHxWPUT9xJgLZDwrd4sUa
TID: [-1234] [2025-07-14 09:50:22,916]  INFO {AUDIT_LOG} - {"performedBy":"admin","action":"updated","type":"Application","info":{"Re-Generated Keys for application with client Id":"S4mS41IwhE2SR_OLP0ObGsuHjbIa"}}
TID: [-1234] [2025-07-14 09:50:22,957]  INFO {AUDIT_LOG} - Initiator=w**************r Action=Get-User-Claim-Values Target=a***n Data={"Claims":{},"Profile":"default"} Outcome=Success
TID: [-1234] [2025-07-14 09:50:22,959]  INFO {AUDIT_LOG} - Initiator=w**************r Action=Get-User-Claim-Values Target=a***n Data={"Claims":{},"Profile":"default"} Outcome=Success
TID: [-1234] [2025-07-14 09:50:22,959]  INFO {AUDIT_LOG} - Initiator=w**************r Action=Get-User-Claim-Values Target=a***n Data={"Claims":{},"Profile":"default"} Outcome=Success
TID: [] [2025-07-14 09:50:22,996]  INFO {AUDIT_LOG} - Initiator=w**************r Action=Get-User-Claim-Values Target=a***n Data={"Claims":{},"Profile":"default"} Outcome=Success
TID: [] [2025-07-14 09:50:22,997]  INFO {AUDIT_LOG} - Initiator=w**************r Action=Get-User-Claim-Values Target=a***n Data={"Claims":{},"Profile":"default"} Outcome=Success
TID: [] [2025-07-14 09:50:22,997]  INFO {AUDIT_LOG} - Initiator=w**************r Action=Get-User-Claim-Values Target=a***n Data={"Claims":{},"Profile":"default"} Outcome=Success
TID: [] [2025-07-14 09:50:27,319]  INFO {AUDIT_LOG} - Initiator=w**************r Action=Get-User-Claim-Values Target=a***n Data={"Claims":{},"Profile":"default"} Outcome=Success
TID: [] [2025-07-14 09:50:27,320]  INFO {AUDIT_LOG} - Initiator=w**************r Action=Get-User-Claim-Values Target=a***n Data={"Claims":{},"Profile":"default"} Outcome=Success
TID: [] [2025-07-14 09:50:27,320]  INFO {AUDIT_LOG} - Initiator=w**************r Action=Get-User-Claim-Values Target=a***n Data={"Claims":{},"Profile":"default"} Outcome=Success
TID: [-1234] [2025-07-14 10:13:42,946]  INFO {AUDIT_LOG} - Initiator=w**************r Action=Get-User-Claim-Value Target=a***n Data={"Claim":"http://wso2.org/claims/organization"} Outcome=Success
TID: [-1234] [2025-07-14 10:13:42,952]  INFO {AUDIT_LOG} - GET /api/am/devportal/applications?sortBy=name&sortOrder=asc&limit=10&offset=0 user: admin@carbon.super app: 8YNcwtyaHxWPUT9xJgLZDwrd4sUa
TID: [-1234] [2025-07-14 10:13:59,356]  INFO {AUDIT_LOG} - GET /api/am/devportal/throttling-policies/application user: admin@carbon.super app: 8YNcwtyaHxWPUT9xJgLZDwrd4sUa
TID: [-1234] [2025-07-14 10:13:59,357]  INFO {AUDIT_LOG} - GET /api/am/devportal/settings/application-attributes user: admin@carbon.super app: 8YNcwtyaHxWPUT9xJgLZDwrd4sUa
TID: [-1234] [2025-07-14 10:14:25,860]  INFO {AUDIT_LOG} - POST /api/am/devportal/applications user: admin@carbon.super app: 8YNcwtyaHxWPUT9xJgLZDwrd4sUa
TID: [-1234] [2025-07-14 10:14:26,035]  INFO {AUDIT_LOG} - {"performedBy":"admin","action":"created","type":"Application","info":{"owner":"admin","tier":"Unlimited","name":"atb","groups":null,"callbackURL":null}}
TID: [] [2025-07-14 10:14:26,288]  INFO {AUDIT_LOG} - Initiator=w**************r Action=Get-User-Claim-Values Target=a***n Data={"Claims":{},"Profile":"default"} Outcome=Success
TID: [] [2025-07-14 10:14:26,290]  INFO {AUDIT_LOG} - Initiator=w**************r Action=Get-User-Claim-Values Target=a***n Data={"Claims":{},"Profile":"default"} Outcome=Success
TID: [] [2025-07-14 10:14:26,292]  INFO {AUDIT_LOG} - Initiator=w**************r Action=Get-User-Claim-Values Target=a***n Data={"Claims":{},"Profile":"default"} Outcome=Success
TID: [] [2025-07-14 10:14:26,359]  INFO {AUDIT_LOG} - Initiator=w**************r Action=Get-User-Claim-Values Target=a***n Data={"Claims":{},"Profile":"default"} Outcome=Success
TID: [-1234] [2025-07-14 10:14:26,360]  INFO {AUDIT_LOG} - GET /api/am/devportal/applications/fad06452-19e3-4d94-bce8-e0d0a6f7b3ac user: admin@carbon.super app: 8YNcwtyaHxWPUT9xJgLZDwrd4sUa
TID: [] [2025-07-14 10:14:26,360]  INFO {AUDIT_LOG} - Initiator=w**************r Action=Get-User-Claim-Values Target=a***n Data={"Claims":{},"Profile":"default"} Outcome=Success
TID: [] [2025-07-14 10:14:26,364]  INFO {AUDIT_LOG} - Initiator=w**************r Action=Get-User-Claim-Values Target=a***n Data={"Claims":{},"Profile":"default"} Outcome=Success
TID: [-1234] [2025-07-14 10:14:26,434]  INFO {AUDIT_LOG} - GET /api/am/devportal/applications/fad06452-19e3-4d94-bce8-e0d0a6f7b3ac user: admin@carbon.super app: 8YNcwtyaHxWPUT9xJgLZDwrd4sUa
TID: [] [2025-07-14 10:14:26,453]  INFO {AUDIT_LOG} - Initiator=w**************r Action=Get-Roles-of-User Target=a***n Data={"Filter":"*","Roles":["Internal/subscriber","Internal/creator","Internal/publisher","Internal/everyone","Internal/devops","admin","Internal/analytics","Internal/observer","Internal/integration_dev"]} Outcome=Success
TID: [-1234] [2025-07-14 10:14:26,459]  INFO {AUDIT_LOG} - GET /api/am/devportal/throttling-policies/application/Unlimited user: admin@carbon.super app: 8YNcwtyaHxWPUT9xJgLZDwrd4sUa
TID: [-1234] [2025-07-14 10:14:28,210]  INFO {AUDIT_LOG} - GET /api/am/devportal/subscriptions?applicationId=fad06452-19e3-4d94-bce8-e0d0a6f7b3ac&limit=1000 user: admin@carbon.super app: 8YNcwtyaHxWPUT9xJgLZDwrd4sUa
TID: [-1234] [2025-07-14 10:14:30,224]  INFO {AUDIT_LOG} - GET /api/am/devportal/apis?limit=10&offset=0&query=status%3Apublished user: admin@carbon.super app: 8YNcwtyaHxWPUT9xJgLZDwrd4sUa
TID: [-1234] [2025-07-14 10:14:41,573]  INFO {AUDIT_LOG} - POST /api/am/devportal/subscriptions user: admin@carbon.super app: 8YNcwtyaHxWPUT9xJgLZDwrd4sUa
TID: [-1234] [2025-07-14 10:14:41,611]  INFO {AUDIT_LOG} - {"performedBy":"admin","action":"created","type":"Subscription","info":{"application_name":"atb","tier":"Unlimited","provider":"admin","api_name":"test","application_id":3}}
TID: [-1234] [2025-07-14 10:14:41,629]  INFO {AUDIT_LOG} - GET /api/am/devportal/applications/fad06452-19e3-4d94-bce8-e0d0a6f7b3ac user: admin@carbon.super app: 8YNcwtyaHxWPUT9xJgLZDwrd4sUa
TID: [-1234] [2025-07-14 10:14:41,629]  INFO {AUDIT_LOG} - GET /api/am/devportal/subscriptions?applicationId=fad06452-19e3-4d94-bce8-e0d0a6f7b3ac&limit=1000 user: admin@carbon.super app: 8YNcwtyaHxWPUT9xJgLZDwrd4sUa
TID: [] [2025-07-14 10:14:41,630]  INFO {AUDIT_LOG} - Initiator=w**************r Action=Get-User-Claim-Values Target=a***n Data={"Claims":{},"Profile":"default"} Outcome=Success
TID: [] [2025-07-14 10:14:41,631]  INFO {AUDIT_LOG} - Initiator=w**************r Action=Get-User-Claim-Values Target=a***n Data={"Claims":{},"Profile":"default"} Outcome=Success
TID: [] [2025-07-14 10:14:41,632]  INFO {AUDIT_LOG} - Initiator=w**************r Action=Get-User-Claim-Values Target=a***n Data={"Claims":{},"Profile":"default"} Outcome=Success
TID: [-1234] [2025-07-14 10:14:41,697]  INFO {AUDIT_LOG} - GET /api/am/devportal/apis/3d25892b-b9a4-4295-bdc9-6528d8d6b900 user: admin@carbon.super app: 8YNcwtyaHxWPUT9xJgLZDwrd4sUa
TID: [-1234] [2025-07-14 10:14:41,697]  INFO {AUDIT_LOG} - GET /api/am/devportal/subscriptions/4da3df82-d5b3-4320-9d69-d30e944da1b9 user: admin@carbon.super app: 8YNcwtyaHxWPUT9xJgLZDwrd4sUa
TID: [-1234] [2025-07-14 10:14:41,734]  INFO {AUDIT_LOG} - GET /api/am/devportal/apis/3d25892b-b9a4-4295-bdc9-6528d8d6b900 user: admin@carbon.super app: 8YNcwtyaHxWPUT9xJgLZDwrd4sUa
TID: [-1234] [2025-07-14 10:14:41,748]  INFO {AUDIT_LOG} - GET /api/am/devportal/throttling-policies/subscription/Unlimited user: admin@carbon.super app: 8YNcwtyaHxWPUT9xJgLZDwrd4sUa
TID: [-1234] [2025-07-14 10:14:41,768]  INFO {AUDIT_LOG} - GET /api/am/devportal/apis?limit=10&offset=0&query=status%3Apublished user: admin@carbon.super app: 8YNcwtyaHxWPUT9xJgLZDwrd4sUa
TID: [-1234] [2025-07-14 18:25:51,102]  INFO {AUDIT_LOG} - Initiator=w**************r Action=Get-User-List Target=null Data={"ServiceProviderName":"apim_devportal","Claim Value":"a***n","Users":["a***n"],"Claim":"http://wso2.org/claims/username"} Outcome=Success
TID: [-1234] [2025-07-14 18:25:51,111]  INFO {AUDIT_LOG} - Initiator=w**************r Action=Get-User-Claim-Values Target=a***n Data={"ServiceProviderName":"apim_devportal","Claims":{},"Profile":"default"} Outcome=Success
TID: [-1234] [2025-07-14 18:25:51,114]  INFO {AUDIT_LOG} - Initiator=w**************r Action=Get-User-Claim-Values Target=a***n Data={"ServiceProviderName":"apim_devportal","Claims":{},"Profile":"default"} Outcome=Success
TID: [-1234] [2025-07-14 18:25:51,115]  INFO {AUDIT_LOG} - Initiator=w**************r Action=Get-User-Claim-Values Target=a***n Data={"ServiceProviderName":"apim_devportal","Claims":{},"Profile":"default"} Outcome=Success
TID: [-1234] [2025-07-14 18:25:51,117]  INFO {AUDIT_LOG} - Initiator : a***n | Action : LoginStepSuccess | Target : ApplicationAuthenticationFramework | Data : { "ContextIdentifier" : "1dabc95c-ddee-4cca-afd6-c05244046172","AuthenticatedUser" : "a***n","AuthenticatedUserTenantDomain" : "carbon.super","ServiceProviderName" : "apim_devportal","RequestType" : "oidc","RelyingParty" : "8YNcwtyaHxWPUT9xJgLZDwrd4sUa","AuthenticatedIdP" : "LOCAL","User Agent" : "null","RemoteAddress" : "null","UserStoreDomain" : "PRIMARY" } | Result : Success 
TID: [-1234] [2025-07-14 18:25:51,118]  INFO {AUDIT_LOG} - Initiator : a****************r | Action : Authenticate | Target : ApplicationAuthenticationFramework | Data : { Step: 1, IDP: LOCAL, Authenticator:BasicAuthenticator } | Result : Success 
TID: [-1234] [2025-07-14 18:25:51,122]  INFO {AUDIT_LOG} - Initiator=w**************r Action=Get-Roles-of-User Target=a***n Data={"ServiceProviderName":"apim_devportal","Filter":"*","Roles":["Internal/subscriber","Internal/creator","Internal/publisher","Internal/everyone","Internal/devops","admin","Internal/analytics","Internal/observer","Internal/integration_dev"]} Outcome=Success
TID: [-1234] [2025-07-14 18:25:51,138]  INFO {AUDIT_LOG} - Initiator=w**************r Action=Get-User-Claim-Values Target=a***n Data={"ServiceProviderName":"apim_devportal","Claims":{"http://wso2.org/claims/username":"a***n","http://wso2.org/claims/userid":"75777ff5-b74d-440b-a0bd-6c2ca0c89d89","http://wso2.org/claims/role":"I***********************************************************************************************************************************************************v","http://wso2.org/claims/userprincipal":"a***n"}} Outcome=Success
TID: [-1234] [2025-07-14 18:25:51,146]  INFO {AUDIT_LOG} - Initiator : 75777ff5-b74d-440b-a0bd-6c2ca0c89d89 | Action : StoreSession | Data : { {"traceId":"2d02c4cd-cbd8-472b-aa6a-2eb43dc80044","RememberMe":false,"sessionContextId":"7d9ec2e413211adcaca7156ea32ac8cd38de31f7b887e17c3214a016268cba93","AuthenticatedUserTenantDomain":"carbon.super","AuthenticatedUser":"a***n","LastAccessedTimestamp":1752517551144} } | Result : Success 
TID: [-1234] [2025-07-14 18:25:51,150]  INFO {AUDIT_LOG} - Initiator : 75777ff5-b74d-440b-a0bd-6c2ca0c89d89 | Action : Login | Target : ApplicationAuthenticationFramework | Data : { "ContextIdentifier" : "1dabc95c-ddee-4cca-afd6-c05244046172","AuthenticatedUser" : "a***n","AuthenticatedUserTenantDomain" : "carbon.super","ServiceProviderName" : "apim_devportal","RequestType" : "oidc","RelyingParty" : "8YNcwtyaHxWPUT9xJgLZDwrd4sUa","AuthenticatedIdPs" : "eyJ0eXAiOiJKV1QiLCJhbGciOiJIUzI1NiJ9.eyJpc3MiOiJ3c28yIiwiZXhwIjoxNzUyNTE3NTU0MTE4LCJpYXQiOjE3NTI1MTc1NTExMTgsImlkcHMiOlt7ImlkcCI6IkxPQ0FMIiwiYXV0aGVudGljYXRvciI6IkJhc2ljQXV0aGVudGljYXRvciJ9XX0.KJQwWiwm_XCu3aWscgqlpIIOXPCvjSQhMrdF4PSSxXQ","User Agent" : "null","RemoteAddress" : "null","UserStoreDomain" : "PRIMARY" } | Result : Success 
TID: [-1234] [2025-07-14 18:25:51,918]  INFO {AUDIT_LOG} - Initiator=w**************r Action=Get-User-List Target=null Data={"Claim Value":"a***n","Users":["a***n"],"Claim":"http://wso2.org/claims/username"} Outcome=Success
TID: [-1234] [2025-07-14 18:25:51,922]  INFO {AUDIT_LOG} - Initiator=w**************r Action=Get-User-Claim-Values Target=a***n Data={"Claims":{},"Profile":"default"} Outcome=Success
TID: [-1234] [2025-07-14 18:25:51,922]  INFO {AUDIT_LOG} - Initiator=w**************r Action=Get-User-Claim-Values Target=a***n Data={"Claims":{},"Profile":"default"} Outcome=Success
TID: [-1234] [2025-07-14 18:25:51,922]  INFO {AUDIT_LOG} - Initiator=w**************r Action=Get-User-Claim-Values Target=a***n Data={"Claims":{},"Profile":"default"} Outcome=Success
TID: [-1234] [2025-07-14 18:25:51,940]  INFO {AUDIT_LOG} - Initiator=w**************r Action=Get-User-Claim-Value Target=a***n Data={"Claim":"http://wso2.org/claims/organization"} Outcome=Success
TID: [-1234] [2025-07-14 18:25:51,947]  INFO {AUDIT_LOG} - GET /api/am/devportal/settings user: admin@carbon.super app: 8YNcwtyaHxWPUT9xJgLZDwrd4sUa
TID: [-1234] [2025-07-14 18:25:51,978]  INFO {AUDIT_LOG} - GET /api/am/devportal/me/organization-information user: admin@carbon.super app: 8YNcwtyaHxWPUT9xJgLZDwrd4sUa
TID: [-1234] [2025-07-14 18:25:52,117]  INFO {AUDIT_LOG} - GET /api/am/devportal/applications?sortBy=name&sortOrder=asc&limit=10&offset=0 user: admin@carbon.super app: 8YNcwtyaHxWPUT9xJgLZDwrd4sUa
TID: [-1234] [2025-07-14 18:25:55,887]  INFO {AUDIT_LOG} - GET /api/am/devportal/applications/539d6b5f-186c-4ccb-bc4a-34c980dcdbbd user: admin@carbon.super app: 8YNcwtyaHxWPUT9xJgLZDwrd4sUa
TID: [-1234] [2025-07-14 18:25:55,953]  INFO {AUDIT_LOG} - GET /api/am/devportal/applications/539d6b5f-186c-4ccb-bc4a-34c980dcdbbd user: admin@carbon.super app: 8YNcwtyaHxWPUT9xJgLZDwrd4sUa
TID: [-1234] [2025-07-14 18:25:55,973]  INFO {AUDIT_LOG} - GET /api/am/devportal/throttling-policies/application/Unlimited user: admin@carbon.super app: 8YNcwtyaHxWPUT9xJgLZDwrd4sUa
TID: [-1234] [2025-07-14 18:25:57,409]  INFO {AUDIT_LOG} - GET /api/am/devportal/subscriptions?applicationId=539d6b5f-186c-4ccb-bc4a-34c980dcdbbd&limit=1000 user: admin@carbon.super app: 8YNcwtyaHxWPUT9xJgLZDwrd4sUa
TID: [-1234] [2025-07-14 18:25:57,458]  INFO {AUDIT_LOG} - GET /api/am/devportal/apis/3d25892b-b9a4-4295-bdc9-6528d8d6b900 user: admin@carbon.super app: 8YNcwtyaHxWPUT9xJgLZDwrd4sUa
TID: [-1234] [2025-07-14 18:25:57,458]  INFO {AUDIT_LOG} - GET /api/am/devportal/apis/3e9c8bfa-e0d3-4922-984e-cd99bd95a7c8 user: admin@carbon.super app: 8YNcwtyaHxWPUT9xJgLZDwrd4sUa
TID: [-1234] [2025-07-14 18:25:57,458]  INFO {AUDIT_LOG} - GET /api/am/devportal/subscriptions/2547596d-d0e2-4c23-a3a1-c47925c7b7c2 user: admin@carbon.super app: 8YNcwtyaHxWPUT9xJgLZDwrd4sUa
TID: [-1234] [2025-07-14 18:25:57,459]  INFO {AUDIT_LOG} - GET /api/am/devportal/subscriptions/fcf2d4f2-04cd-47b9-8c2f-5f55bc311e16 user: admin@carbon.super app: 8YNcwtyaHxWPUT9xJgLZDwrd4sUa
TID: [-1234] [2025-07-14 18:25:57,476]  INFO {AUDIT_LOG} - GET /api/am/devportal/apis/3d25892b-b9a4-4295-bdc9-6528d8d6b900 user: admin@carbon.super app: 8YNcwtyaHxWPUT9xJgLZDwrd4sUa
TID: [-1234] [2025-07-14 18:25:57,477]  INFO {AUDIT_LOG} - GET /api/am/devportal/apis/3e9c8bfa-e0d3-4922-984e-cd99bd95a7c8 user: admin@carbon.super app: 8YNcwtyaHxWPUT9xJgLZDwrd4sUa
TID: [-1234] [2025-07-14 18:25:57,492]  INFO {AUDIT_LOG} - GET /api/am/devportal/throttling-policies/subscription/Unlimited user: admin@carbon.super app: 8YNcwtyaHxWPUT9xJgLZDwrd4sUa
TID: [-1234] [2025-07-14 18:25:57,499]  INFO {AUDIT_LOG} - GET /api/am/devportal/throttling-policies/subscription/Unlimited user: admin@carbon.super app: 8YNcwtyaHxWPUT9xJgLZDwrd4sUa
TID: [-1234] [2025-07-14 18:25:58,806]  INFO {AUDIT_LOG} - GET /api/am/devportal/settings user: admin@carbon.super app: 8YNcwtyaHxWPUT9xJgLZDwrd4sUa
TID: [-1234] [2025-07-14 18:25:58,807]  INFO {AUDIT_LOG} - GET /api/am/devportal/subscriptions?apiId=3d25892b-b9a4-4295-bdc9-6528d8d6b900&limit=5000 user: admin@carbon.super app: 8YNcwtyaHxWPUT9xJgLZDwrd4sUa
TID: [-1234] [2025-07-14 18:25:58,807]  INFO {AUDIT_LOG} - GET /api/am/devportal/applications?limit=5000 user: admin@carbon.super app: 8YNcwtyaHxWPUT9xJgLZDwrd4sUa
TID: [-1234] [2025-07-14 18:25:58,807]  INFO {AUDIT_LOG} - GET /api/am/devportal/subscriptions?apiId=3d25892b-b9a4-4295-bdc9-6528d8d6b900&limit=25 user: admin@carbon.super app: 8YNcwtyaHxWPUT9xJgLZDwrd4sUa
TID: [-1234] [2025-07-14 18:25:58,807]  INFO {AUDIT_LOG} - GET /api/am/devportal/apis/3d25892b-b9a4-4295-bdc9-6528d8d6b900 user: admin@carbon.super app: 8YNcwtyaHxWPUT9xJgLZDwrd4sUa
TID: [-1234] [2025-07-14 18:25:59,026]  INFO {AUDIT_LOG} - GET /api/am/devportal/apis/3d25892b-b9a4-4295-bdc9-6528d8d6b900/documents user: admin@carbon.super app: 8YNcwtyaHxWPUT9xJgLZDwrd4sUa
TID: [-1234] [2025-07-14 18:25:59,026]  INFO {AUDIT_LOG} - GET /api/am/devportal/throttling-policies/subscription user: admin@carbon.super app: 8YNcwtyaHxWPUT9xJgLZDwrd4sUa
TID: [-1234] [2025-07-14 18:25:59,035]  INFO {AUDIT_LOG} - GET /api/am/devportal/throttling-policies/subscription user: admin@carbon.super app: 8YNcwtyaHxWPUT9xJgLZDwrd4sUa
TID: [-1234] [2025-07-14 18:25:59,039]  INFO {AUDIT_LOG} - GET /api/am/devportal/apis/3d25892b-b9a4-4295-bdc9-6528d8d6b900/documents user: admin@carbon.super app: 8YNcwtyaHxWPUT9xJgLZDwrd4sUa
TID: [-1234] [2025-07-14 18:25:59,066]  INFO {AUDIT_LOG} - GET /api/am/devportal/apis/3d25892b-b9a4-4295-bdc9-6528d8d6b900/comments?limit=5&offset=0 user: admin@carbon.super app: 8YNcwtyaHxWPUT9xJgLZDwrd4sUa
TID: [-1234] [2025-07-14 18:25:59,066]  INFO {AUDIT_LOG} - GET /api/am/devportal/apis/3d25892b-b9a4-4295-bdc9-6528d8d6b900/ratings user: admin@carbon.super app: 8YNcwtyaHxWPUT9xJgLZDwrd4sUa
TID: [-1234] [2025-07-14 18:25:59,066]  INFO {AUDIT_LOG} - GET /api/am/devportal/apis/3d25892b-b9a4-4295-bdc9-6528d8d6b900/thumbnail user: admin@carbon.super app: 8YNcwtyaHxWPUT9xJgLZDwrd4sUa
TID: [-1234] [2025-07-14 18:26:01,131]  INFO {AUDIT_LOG} - GET /api/am/devportal/apis/3d25892b-b9a4-4295-bdc9-6528d8d6b900 user: admin@carbon.super app: 8YNcwtyaHxWPUT9xJgLZDwrd4sUa
TID: [-1234] [2025-07-14 18:26:01,131]  INFO {AUDIT_LOG} - GET /api/am/devportal/subscriptions?apiId=3d25892b-b9a4-4295-bdc9-6528d8d6b900&limit=5000 user: admin@carbon.super app: 8YNcwtyaHxWPUT9xJgLZDwrd4sUa
TID: [-1234] [2025-07-14 18:26:01,131]  INFO {AUDIT_LOG} - GET /api/am/devportal/subscriptions?apiId=3d25892b-b9a4-4295-bdc9-6528d8d6b900&limit=25 user: admin@carbon.super app: 8YNcwtyaHxWPUT9xJgLZDwrd4sUa
TID: [-1234] [2025-07-14 18:26:01,131]  INFO {AUDIT_LOG} - GET /api/am/devportal/applications?limit=5000 user: admin@carbon.super app: 8YNcwtyaHxWPUT9xJgLZDwrd4sUa
TID: [-1234] [2025-07-14 18:26:01,287]  INFO {AUDIT_LOG} - GET /api/am/devportal/apis/3d25892b-b9a4-4295-bdc9-6528d8d6b900 user: admin@carbon.super app: 8YNcwtyaHxWPUT9xJgLZDwrd4sUa
TID: [-1234] [2025-07-14 18:26:01,301]  INFO {AUDIT_LOG} - GET /api/am/devportal/apis/3d25892b-b9a4-4295-bdc9-6528d8d6b900/swagger?environmentName=Default user: admin@carbon.super app: 8YNcwtyaHxWPUT9xJgLZDwrd4sUa
TID: [-1234] [2025-07-14 18:26:01,329]  INFO {AUDIT_LOG} - GET /api/am/devportal/subscriptions?apiId=3d25892b-b9a4-4295-bdc9-6528d8d6b900&limit=25 user: admin@carbon.super app: 8YNcwtyaHxWPUT9xJgLZDwrd4sUa
TID: [-1234] [2025-07-14 18:26:01,364]  INFO {AUDIT_LOG} - GET /api/am/devportal/key-managers user: admin@carbon.super app: 8YNcwtyaHxWPUT9xJgLZDwrd4sUa
TID: [-1234] [2025-07-14 18:26:01,376]  INFO {AUDIT_LOG} - GET /api/am/devportal/subscriptions?apiId=3d25892b-b9a4-4295-bdc9-6528d8d6b900&limit=25 user: admin@carbon.super app: 8YNcwtyaHxWPUT9xJgLZDwrd4sUa
TID: [-1234] [2025-07-14 18:26:01,502]  INFO {AUDIT_LOG} - GET /api/am/devportal/applications/ user: admin@carbon.super app: 8YNcwtyaHxWPUT9xJgLZDwrd4sUa
TID: [-1234] [2025-07-14 18:26:01,564]  INFO {AUDIT_LOG} - GET /api/am/devportal/applications/539d6b5f-186c-4ccb-bc4a-34c980dcdbbd user: admin@carbon.super app: 8YNcwtyaHxWPUT9xJgLZDwrd4sUa
TID: [-1234] [2025-07-14 18:26:01,580]  INFO {AUDIT_LOG} - GET /api/am/devportal/applications/539d6b5f-186c-4ccb-bc4a-34c980dcdbbd/oauth-keys user: admin@carbon.super app: 8YNcwtyaHxWPUT9xJgLZDwrd4sUa
TID: [-1234] [2025-07-14 18:26:01,660]  INFO {AUDIT_LOG} - GET /api/am/devportal/applications/539d6b5f-186c-4ccb-bc4a-34c980dcdbbd user: admin@carbon.super app: 8YNcwtyaHxWPUT9xJgLZDwrd4sUa
TID: [-1234] [2025-07-14 18:26:01,671]  INFO {AUDIT_LOG} - GET /api/am/devportal/applications/539d6b5f-186c-4ccb-bc4a-34c980dcdbbd/oauth-keys user: admin@carbon.super app: 8YNcwtyaHxWPUT9xJgLZDwrd4sUa
TID: [-1234] [2025-07-14 18:26:05,663]  INFO {AUDIT_LOG} - GET /api/am/devportal/applications/539d6b5f-186c-4ccb-bc4a-34c980dcdbbd user: admin@carbon.super app: 8YNcwtyaHxWPUT9xJgLZDwrd4sUa
TID: [-1234] [2025-07-14 18:26:05,677]  INFO {AUDIT_LOG} - GET /api/am/devportal/applications/539d6b5f-186c-4ccb-bc4a-34c980dcdbbd/oauth-keys user: admin@carbon.super app: 8YNcwtyaHxWPUT9xJgLZDwrd4sUa
TID: [-1234] [2025-07-14 18:26:05,735]  INFO {AUDIT_LOG} - POST /api/am/devportal/applications/539d6b5f-186c-4ccb-bc4a-34c980dcdbbd/oauth-keys/5161b079-ecf2-402f-9ee6-b91bcf0aaeec/generate-token user: admin@carbon.super app: 8YNcwtyaHxWPUT9xJgLZDwrd4sUa
TID: [-1234] [2025-07-14 18:26:05,765]  INFO {AUDIT_LOG} - {"performedBy":"admin","action":"updated","type":"Application","info":{"Re-Generated Keys for application with client Id":"S4mS41IwhE2SR_OLP0ObGsuHjbIa"}}
TID: [-1234] [2025-07-14 18:26:05,807]  INFO {AUDIT_LOG} - Initiator=w**************r Action=Get-User-Claim-Values Target=a***n Data={"Claims":{},"Profile":"default"} Outcome=Success
TID: [-1234] [2025-07-14 18:26:05,808]  INFO {AUDIT_LOG} - Initiator=w**************r Action=Get-User-Claim-Values Target=a***n Data={"Claims":{},"Profile":"default"} Outcome=Success
TID: [-1234] [2025-07-14 18:26:05,808]  INFO {AUDIT_LOG} - Initiator=w**************r Action=Get-User-Claim-Values Target=a***n Data={"Claims":{},"Profile":"default"} Outcome=Success
TID: [] [2025-07-14 18:26:05,849]  INFO {AUDIT_LOG} - Initiator=w**************r Action=Get-User-Claim-Values Target=a***n Data={"Claims":{},"Profile":"default"} Outcome=Success
TID: [] [2025-07-14 18:26:05,849]  INFO {AUDIT_LOG} - Initiator=w**************r Action=Get-User-Claim-Values Target=a***n Data={"Claims":{},"Profile":"default"} Outcome=Success
TID: [] [2025-07-14 18:26:05,849]  INFO {AUDIT_LOG} - Initiator=w**************r Action=Get-User-Claim-Values Target=a***n Data={"Claims":{},"Profile":"default"} Outcome=Success
TID: [] [2025-07-14 18:26:10,911]  INFO {AUDIT_LOG} - Initiator=w**************r Action=Get-User-Claim-Values Target=a***n Data={"Claims":{},"Profile":"default"} Outcome=Success
TID: [] [2025-07-14 18:26:10,912]  INFO {AUDIT_LOG} - Initiator=w**************r Action=Get-User-Claim-Values Target=a***n Data={"Claims":{},"Profile":"default"} Outcome=Success
TID: [] [2025-07-14 18:26:10,912]  INFO {AUDIT_LOG} - Initiator=w**************r Action=Get-User-Claim-Values Target=a***n Data={"Claims":{},"Profile":"default"} Outcome=Success
TID: [] [2025-07-14 19:18:49,509]  INFO {AUDIT_LOG} - Initiator=w**************r Action=Get-User-Claim-Values Target=a***n Data={"Claims":{},"Profile":"default"} Outcome=Success
TID: [] [2025-07-14 19:18:49,521]  INFO {AUDIT_LOG} - Initiator=w**************r Action=Get-User-Claim-Values Target=a***n Data={"Claims":{},"Profile":"default"} Outcome=Success
TID: [] [2025-07-14 19:18:49,522]  INFO {AUDIT_LOG} - Initiator=w**************r Action=Get-User-Claim-Values Target=a***n Data={"Claims":{},"Profile":"default"} Outcome=Success
