TID: [] [2025-06-30 08:32:35,579]  INFO {AUDIT_LOG} - {"performedBy":"SYSTEM: carbon.super","action":"deployed","type":"API"}
TID: [] [2025-06-30 08:32:35,592]  INFO {AUDIT_LOG} - {"performedBy":"SYSTEM: carbon.super","action":"deployed","type":"API"}
TID: [] [2025-06-30 08:32:36,370]  INFO {AUDIT_LOG} - Initiator=w**************r Action=Get-User-Claim-Values Target=a***n Data={"Claims":{},"Profile":"default"} Outcome=Success
TID: [] [2025-06-30 08:32:36,370]  INFO {AUDIT_LOG} - Initiator=w**************r Action=Get-User-Claim-Values Target=a***n Data={"Claims":{},"Profile":"default"} Outcome=Success
TID: [] [2025-06-30 08:32:36,371]  INFO {AUDIT_LOG} - Initiator=w**************r Action=Get-User-Claim-Values Target=a***n Data={"Claims":{},"Profile":"default"} Outcome=Success
TID: [] [2025-06-30 08:32:36,371]  INFO {AUDIT_LOG} - Initiator=w**************r Action=Get-User-Claim-Values Target=a***n Data={"Claims":{},"Profile":"default"} Outcome=Success
TID: [] [2025-06-30 08:32:36,371]  INFO {AUDIT_LOG} - Initiator=w**************r Action=Get-User-Claim-Values Target=a***n Data={"Claims":{},"Profile":"default"} Outcome=Success
TID: [] [2025-06-30 08:32:36,371]  INFO {AUDIT_LOG} - Initiator=w**************r Action=Get-User-Claim-Values Target=a***n Data={"Claims":{},"Profile":"default"} Outcome=Success
TID: [] [2025-06-30 08:32:36,371]  INFO {AUDIT_LOG} - Initiator=w**************r Action=Get-User-Claim-Values Target=a***n Data={"Claims":{},"Profile":"default"} Outcome=Success
TID: [] [2025-06-30 08:32:36,371]  INFO {AUDIT_LOG} - Initiator=w**************r Action=Get-User-Claim-Values Target=a***n Data={"Claims":{},"Profile":"default"} Outcome=Success
TID: [] [2025-06-30 08:32:36,379]  INFO {AUDIT_LOG} - Initiator=w**************r Action=Get-User-Claim-Values Target=a***n Data={"Claims":{},"Profile":"default"} Outcome=Success
TID: [] [2025-06-30 08:32:36,380]  INFO {AUDIT_LOG} - Initiator=w**************r Action=Get-User-Claim-Values Target=a***n Data={"Claims":{},"Profile":"default"} Outcome=Success
TID: [] [2025-06-30 08:32:36,380]  INFO {AUDIT_LOG} - Initiator=w**************r Action=Get-User-Claim-Values Target=a***n Data={"Claims":{},"Profile":"default"} Outcome=Success
TID: [] [2025-06-30 08:32:36,380]  INFO {AUDIT_LOG} - Initiator=w**************r Action=Get-User-Claim-Values Target=a***n Data={"Claims":{},"Profile":"default"} Outcome=Success
TID: [] [2025-06-30 08:32:36,381]  INFO {AUDIT_LOG} - Initiator=w**************r Action=Get-User-Claim-Values Target=a***n Data={"Claims":{},"Profile":"default"} Outcome=Success
TID: [] [2025-06-30 08:32:36,381]  INFO {AUDIT_LOG} - Initiator=w**************r Action=Get-User-Claim-Values Target=a***n Data={"Claims":{},"Profile":"default"} Outcome=Success
TID: [] [2025-06-30 08:32:36,382]  INFO {AUDIT_LOG} - Initiator=w**************r Action=Get-User-Claim-Values Target=a***n Data={"Claims":{},"Profile":"default"} Outcome=Success
TID: [] [2025-06-30 08:32:36,383]  INFO {AUDIT_LOG} - Initiator=w**************r Action=Get-User-Claim-Values Target=a***n Data={"Claims":{},"Profile":"default"} Outcome=Success
TID: [] [2025-06-30 08:32:36,383]  INFO {AUDIT_LOG} - Initiator=w**************r Action=Get-User-Claim-Values Target=a***n Data={"Claims":{},"Profile":"default"} Outcome=Success
TID: [] [2025-06-30 08:32:36,383]  INFO {AUDIT_LOG} - Initiator=w**************r Action=Get-User-Claim-Values Target=a***n Data={"Claims":{},"Profile":"default"} Outcome=Success
TID: [] [2025-06-30 08:32:36,383]  INFO {AUDIT_LOG} - Initiator=w**************r Action=Get-User-Claim-Values Target=a***n Data={"Claims":{},"Profile":"default"} Outcome=Success
TID: [] [2025-06-30 08:32:36,389]  INFO {AUDIT_LOG} - Initiator=w**************r Action=Get-User-Claim-Values Target=a***n Data={"Claims":{},"Profile":"default"} Outcome=Success
TID: [] [2025-06-30 08:32:36,389]  INFO {AUDIT_LOG} - Initiator=w**************r Action=Get-User-Claim-Values Target=a***n Data={"Claims":{},"Profile":"default"} Outcome=Success
TID: [] [2025-06-30 08:32:36,390]  INFO {AUDIT_LOG} - Initiator=w**************r Action=Get-User-Claim-Values Target=a***n Data={"Claims":{},"Profile":"default"} Outcome=Success
TID: [] [2025-06-30 08:32:36,394]  INFO {AUDIT_LOG} - Initiator=w**************r Action=Get-User-Claim-Values Target=a***n Data={"Claims":{},"Profile":"default"} Outcome=Success
TID: [] [2025-06-30 08:32:36,395]  INFO {AUDIT_LOG} - Initiator=w**************r Action=Get-User-Claim-Values Target=a***n Data={"Claims":{},"Profile":"default"} Outcome=Success
TID: [] [2025-06-30 08:32:36,398]  INFO {AUDIT_LOG} - Initiator=w**************r Action=Get-User-Claim-Values Target=a***n Data={"Claims":{},"Profile":"default"} Outcome=Success
TID: [] [2025-06-30 08:32:36,400]  INFO {AUDIT_LOG} - Initiator=w**************r Action=Get-User-Claim-Values Target=a***n Data={"Claims":{},"Profile":"default"} Outcome=Success
TID: [] [2025-06-30 08:32:36,402]  INFO {AUDIT_LOG} - Initiator=w**************r Action=Get-User-Claim-Values Target=a***n Data={"Claims":{},"Profile":"default"} Outcome=Success
TID: [] [2025-06-30 08:32:36,415]  INFO {AUDIT_LOG} - Initiator=w**************r Action=Get-User-Claim-Values Target=a***n Data={"Claims":{},"Profile":"default"} Outcome=Success
TID: [] [2025-06-30 08:32:36,407]  INFO {AUDIT_LOG} - Initiator=w**************r Action=Get-User-Claim-Values Target=a***n Data={"Claims":{},"Profile":"default"} Outcome=Success
TID: [] [2025-06-30 08:32:36,407]  INFO {AUDIT_LOG} - Initiator=w**************r Action=Get-User-Claim-Values Target=a***n Data={"Claims":{},"Profile":"default"} Outcome=Success
TID: [] [2025-06-30 08:32:36,544]  INFO {AUDIT_LOG} - Initiator=w**************r Action=Get-User-Claim-Values Target=a***n Data={"Claims":{},"Profile":"default"} Outcome=Success
TID: [] [2025-06-30 08:32:36,546]  INFO {AUDIT_LOG} - Initiator=w**************r Action=Get-User-Claim-Values Target=a***n Data={"Claims":{},"Profile":"default"} Outcome=Success
TID: [] [2025-06-30 08:32:36,546]  INFO {AUDIT_LOG} - Initiator=w**************r Action=Get-User-Claim-Values Target=a***n Data={"Claims":{},"Profile":"default"} Outcome=Success
TID: [] [2025-06-30 08:32:36,547]  INFO {AUDIT_LOG} - Initiator=w**************r Action=Get-User-Claim-Values Target=a***n Data={"Claims":{},"Profile":"default"} Outcome=Success
TID: [] [2025-06-30 08:32:36,553]  INFO {AUDIT_LOG} - Initiator=w**************r Action=Get-User-Claim-Values Target=a***n Data={"Claims":{},"Profile":"default"} Outcome=Success
TID: [] [2025-06-30 08:32:36,554]  INFO {AUDIT_LOG} - Initiator=w**************r Action=Get-User-Claim-Values Target=a***n Data={"Claims":{},"Profile":"default"} Outcome=Success
TID: [] [2025-06-30 08:32:36,555]  INFO {AUDIT_LOG} - Initiator=w**************r Action=Get-User-Claim-Values Target=a***n Data={"Claims":{},"Profile":"default"} Outcome=Success
TID: [] [2025-06-30 08:32:36,557]  INFO {AUDIT_LOG} - Initiator=w**************r Action=Get-User-Claim-Values Target=a***n Data={"Claims":{},"Profile":"default"} Outcome=Success
TID: [] [2025-06-30 08:32:36,559]  INFO {AUDIT_LOG} - Initiator=w**************r Action=Get-User-Claim-Values Target=a***n Data={"Claims":{},"Profile":"default"} Outcome=Success
TID: [] [2025-06-30 08:32:36,559]  INFO {AUDIT_LOG} - Initiator=w**************r Action=Get-User-Claim-Values Target=a***n Data={"Claims":{},"Profile":"default"} Outcome=Success
TID: [] [2025-06-30 08:32:36,560]  INFO {AUDIT_LOG} - Initiator=w**************r Action=Get-User-Claim-Values Target=a***n Data={"Claims":{},"Profile":"default"} Outcome=Success
TID: [] [2025-06-30 08:32:36,561]  INFO {AUDIT_LOG} - Initiator=w**************r Action=Get-User-Claim-Values Target=a***n Data={"Claims":{},"Profile":"default"} Outcome=Success
TID: [] [2025-06-30 08:32:36,561]  INFO {AUDIT_LOG} - Initiator=w**************r Action=Get-User-Claim-Values Target=a***n Data={"Claims":{},"Profile":"default"} Outcome=Success
TID: [] [2025-06-30 08:32:36,569]  INFO {AUDIT_LOG} - Initiator=w**************r Action=Get-User-Claim-Values Target=a***n Data={"Claims":{},"Profile":"default"} Outcome=Success
TID: [] [2025-06-30 08:32:36,571]  INFO {AUDIT_LOG} - Initiator=w**************r Action=Get-User-Claim-Values Target=a***n Data={"Claims":{},"Profile":"default"} Outcome=Success
TID: [] [2025-06-30 08:32:36,573]  INFO {AUDIT_LOG} - Initiator=w**************r Action=Get-User-Claim-Values Target=a***n Data={"Claims":{},"Profile":"default"} Outcome=Success
TID: [] [2025-06-30 08:32:36,573]  INFO {AUDIT_LOG} - Initiator=w**************r Action=Get-User-Claim-Values Target=a***n Data={"Claims":{},"Profile":"default"} Outcome=Success
TID: [] [2025-06-30 08:32:36,575]  INFO {AUDIT_LOG} - Initiator=w**************r Action=Get-User-Claim-Values Target=a***n Data={"Claims":{},"Profile":"default"} Outcome=Success
TID: [] [2025-06-30 08:32:36,579]  INFO {AUDIT_LOG} - Initiator=w**************r Action=Get-User-Claim-Values Target=a***n Data={"Claims":{},"Profile":"default"} Outcome=Success
TID: [] [2025-06-30 08:32:36,585]  INFO {AUDIT_LOG} - Initiator=w**************r Action=Get-User-Claim-Values Target=a***n Data={"Claims":{},"Profile":"default"} Outcome=Success
TID: [] [2025-06-30 08:32:36,587]  INFO {AUDIT_LOG} - Initiator=w**************r Action=Get-User-Claim-Values Target=a***n Data={"Claims":{},"Profile":"default"} Outcome=Success
TID: [] [2025-06-30 08:32:36,587]  INFO {AUDIT_LOG} - Initiator=w**************r Action=Get-User-Claim-Values Target=a***n Data={"Claims":{},"Profile":"default"} Outcome=Success
TID: [] [2025-06-30 08:32:36,589]  INFO {AUDIT_LOG} - Initiator=w**************r Action=Get-User-Claim-Values Target=a***n Data={"Claims":{},"Profile":"default"} Outcome=Success
TID: [] [2025-06-30 08:32:36,591]  INFO {AUDIT_LOG} - Initiator=w**************r Action=Get-User-Claim-Values Target=a***n Data={"Claims":{},"Profile":"default"} Outcome=Success
TID: [] [2025-06-30 08:32:36,591]  INFO {AUDIT_LOG} - Initiator=w**************r Action=Get-User-Claim-Values Target=a***n Data={"Claims":{},"Profile":"default"} Outcome=Success
TID: [] [2025-06-30 08:32:36,592]  INFO {AUDIT_LOG} - Initiator=w**************r Action=Get-User-Claim-Values Target=a***n Data={"Claims":{},"Profile":"default"} Outcome=Success
TID: [] [2025-06-30 08:32:36,603]  INFO {AUDIT_LOG} - Initiator=w**************r Action=Get-User-Claim-Values Target=a***n Data={"Claims":{},"Profile":"default"} Outcome=Success
TID: [] [2025-06-30 08:32:36,645]  INFO {AUDIT_LOG} - Initiator=w**************r Action=Get-User-Claim-Values Target=a***n Data={"Claims":{},"Profile":"default"} Outcome=Success
TID: [] [2025-06-30 08:32:36,656]  INFO {AUDIT_LOG} - Initiator=w**************r Action=Get-User-Claim-Values Target=a***n Data={"Claims":{},"Profile":"default"} Outcome=Success
TID: [] [2025-06-30 08:32:36,659]  INFO {AUDIT_LOG} - Initiator=w**************r Action=Get-User-Claim-Values Target=a***n Data={"Claims":{},"Profile":"default"} Outcome=Success
TID: [] [2025-06-30 08:32:36,755]  INFO {AUDIT_LOG} - Initiator=w**************r Action=Get-User-Claim-Values Target=a***n Data={"Claims":{},"Profile":"default"} Outcome=Success
TID: [] [2025-06-30 08:32:36,758]  INFO {AUDIT_LOG} - Initiator=w**************r Action=Get-User-Claim-Values Target=a***n Data={"Claims":{},"Profile":"default"} Outcome=Success
TID: [] [2025-06-30 08:32:36,759]  INFO {AUDIT_LOG} - Initiator=w**************r Action=Get-User-Claim-Values Target=a***n Data={"Claims":{},"Profile":"default"} Outcome=Success
TID: [] [2025-06-30 08:32:36,766]  INFO {AUDIT_LOG} - Initiator=w**************r Action=Get-Roles-of-User Target=a***n Data={"Filter":"*","Roles":["Internal/subscriber","Internal/creator","Internal/publisher","Internal/everyone","Internal/devops","admin","Internal/analytics","Internal/observer","Internal/integration_dev"]} Outcome=Success
TID: [-1234] [2025-06-30 08:32:36,769]  INFO {AUDIT_LOG} - Initiator=w**************r Action=Get-User-Claim-Values Target=a***n Data={"Claims":{},"Profile":"default"} Outcome=Success
TID: [-1234] [2025-06-30 08:32:36,774]  INFO {AUDIT_LOG} - Initiator=w**************r Action=Get-User-Claim-Values Target=a***n Data={"Claims":{},"Profile":"default"} Outcome=Success
TID: [-1234] [2025-06-30 08:32:36,778]  INFO {AUDIT_LOG} - Initiator=w**************r Action=Get-User-Claim-Values Target=a***n Data={"Claims":{},"Profile":"default"} Outcome=Success
TID: [-1234] [2025-06-30 08:32:36,779]  INFO {AUDIT_LOG} - Initiator=w**************r Action=Get-User-Claim-Values Target=a***n Data={"Claims":{},"Profile":"default"} Outcome=Success
TID: [-1234] [2025-06-30 08:32:36,780]  INFO {AUDIT_LOG} - Initiator=w**************r Action=Get-User-Claim-Values Target=a***n Data={"Claims":{},"Profile":"default"} Outcome=Success
TID: [-1234] [2025-06-30 08:32:36,780]  INFO {AUDIT_LOG} - Initiator=w**************r Action=Get-User-Claim-Values Target=a***n Data={"Claims":{},"Profile":"default"} Outcome=Success
TID: [-1234] [2025-06-30 08:32:36,781]  INFO {AUDIT_LOG} - Initiator=w**************r Action=Get-User-Claim-Values Target=a***n Data={"Claims":{},"Profile":"default"} Outcome=Success
TID: [-1234] [2025-06-30 08:32:36,781]  INFO {AUDIT_LOG} - Initiator=w**************r Action=Get-User-Claim-Values Target=a***n Data={"Claims":{},"Profile":"default"} Outcome=Success
TID: [-1234] [2025-06-30 08:32:36,781]  INFO {AUDIT_LOG} - Initiator=w**************r Action=Get-User-Claim-Values Target=a***n Data={"Claims":{},"Profile":"default"} Outcome=Success
TID: [-1234] [2025-06-30 08:32:36,781]  INFO {AUDIT_LOG} - Initiator=w**************r Action=Get-User-Claim-Values Target=a***n Data={"Claims":{},"Profile":"default"} Outcome=Success
TID: [-1234] [2025-06-30 08:32:36,783]  INFO {AUDIT_LOG} - Initiator=w**************r Action=Get-User-Claim-Values Target=a***n Data={"Claims":{},"Profile":"default"} Outcome=Success
TID: [-1234] [2025-06-30 08:32:36,785]  INFO {AUDIT_LOG} - Initiator=w**************r Action=Get-User-Claim-Values Target=a***n Data={"Claims":{},"Profile":"default"} Outcome=Success
TID: [-1234] [2025-06-30 08:32:36,787]  INFO {AUDIT_LOG} - Initiator=w**************r Action=Get-User-Claim-Values Target=a***n Data={"Claims":{},"Profile":"default"} Outcome=Success
TID: [-1234] [2025-06-30 08:32:36,787]  INFO {AUDIT_LOG} - Initiator=w**************r Action=Get-User-Claim-Values Target=a***n Data={"Claims":{},"Profile":"default"} Outcome=Success
TID: [-1234] [2025-06-30 08:32:36,789]  INFO {AUDIT_LOG} - Initiator=w**************r Action=Get-User-Claim-Values Target=a***n Data={"Claims":{},"Profile":"default"} Outcome=Success
TID: [-1234] [2025-06-30 08:32:36,791]  INFO {AUDIT_LOG} - Initiator=w**************r Action=Get-User-Claim-Values Target=a***n Data={"Claims":{},"Profile":"default"} Outcome=Success
TID: [-1234] [2025-06-30 08:32:36,795]  INFO {AUDIT_LOG} - Initiator=w**************r Action=Get-User-Claim-Values Target=a***n Data={"Claims":{},"Profile":"default"} Outcome=Success
TID: [-1234] [2025-06-30 08:32:36,796]  INFO {AUDIT_LOG} - Initiator=w**************r Action=Get-User-Claim-Values Target=a***n Data={"Claims":{},"Profile":"default"} Outcome=Success
TID: [-1234] [2025-06-30 08:32:36,799]  INFO {AUDIT_LOG} - Initiator=w**************r Action=Get-User-Claim-Values Target=a***n Data={"Claims":{},"Profile":"default"} Outcome=Success
TID: [-1234] [2025-06-30 08:32:36,802]  INFO {AUDIT_LOG} - Initiator=w**************r Action=Get-User-Claim-Values Target=a***n Data={"Claims":{},"Profile":"default"} Outcome=Success
TID: [-1234] [2025-06-30 08:32:36,803]  INFO {AUDIT_LOG} - Initiator=w**************r Action=Get-User-Claim-Values Target=a***n Data={"Claims":{},"Profile":"default"} Outcome=Success
TID: [-1234] [2025-06-30 08:32:36,804]  INFO {AUDIT_LOG} - Initiator=w**************r Action=Get-User-Claim-Values Target=a***n Data={"Claims":{},"Profile":"default"} Outcome=Success
TID: [-1234] [2025-06-30 08:32:36,810]  INFO {AUDIT_LOG} - Initiator=w**************r Action=Get-User-Claim-Values Target=a***n Data={"Claims":{},"Profile":"default"} Outcome=Success
TID: [-1234] [2025-06-30 08:32:36,814]  INFO {AUDIT_LOG} - Initiator=w**************r Action=Get-User-Claim-Values Target=a***n Data={"Claims":{},"Profile":"default"} Outcome=Success
TID: [-1234] [2025-06-30 08:32:36,824]  INFO {AUDIT_LOG} - Initiator=w**************r Action=Get-User-Claim-Values Target=a***n Data={"Claims":{},"Profile":"default"} Outcome=Success
TID: [-1234] [2025-06-30 08:32:36,824]  INFO {AUDIT_LOG} - Initiator=w**************r Action=Get-User-Claim-Values Target=a***n Data={"Claims":{},"Profile":"default"} Outcome=Success
TID: [-1234] [2025-06-30 08:32:36,829]  INFO {AUDIT_LOG} - Initiator=w**************r Action=Get-User-Claim-Values Target=a***n Data={"Claims":{},"Profile":"default"} Outcome=Success
TID: [-1234] [2025-06-30 08:32:36,829]  INFO {AUDIT_LOG} - Initiator=w**************r Action=Get-User-Claim-Values Target=a***n Data={"Claims":{},"Profile":"default"} Outcome=Success
TID: [-1234] [2025-06-30 08:32:36,832]  INFO {AUDIT_LOG} - Initiator=w**************r Action=Get-User-Claim-Values Target=a***n Data={"Claims":{},"Profile":"default"} Outcome=Success
TID: [-1234] [2025-06-30 08:32:36,833]  INFO {AUDIT_LOG} - Initiator=w**************r Action=Get-User-Claim-Values Target=a***n Data={"Claims":{},"Profile":"default"} Outcome=Success
TID: [-1234] [2025-06-30 08:32:36,835]  INFO {AUDIT_LOG} - Initiator=w**************r Action=Get-User-Claim-Values Target=a***n Data={"Claims":{},"Profile":"default"} Outcome=Success
TID: [-1234] [2025-06-30 08:32:36,836]  INFO {AUDIT_LOG} - Initiator=w**************r Action=Get-User-Claim-Values Target=a***n Data={"Claims":{},"Profile":"default"} Outcome=Success
TID: [-1234] [2025-06-30 08:32:36,838]  INFO {AUDIT_LOG} - Initiator=w**************r Action=Get-User-Claim-Values Target=a***n Data={"Claims":{},"Profile":"default"} Outcome=Success
TID: [-1234] [2025-06-30 08:32:36,839]  INFO {AUDIT_LOG} - Initiator=w**************r Action=Get-User-Claim-Values Target=a***n Data={"Claims":{},"Profile":"default"} Outcome=Success
TID: [-1234] [2025-06-30 08:32:36,839]  INFO {AUDIT_LOG} - Initiator=w**************r Action=Get-User-Claim-Values Target=a***n Data={"Claims":{},"Profile":"default"} Outcome=Success
TID: [-1234] [2025-06-30 08:32:36,839]  INFO {AUDIT_LOG} - Initiator=w**************r Action=Get-User-Claim-Values Target=a***n Data={"Claims":{},"Profile":"default"} Outcome=Success
TID: [-1234] [2025-06-30 08:32:36,843]  INFO {AUDIT_LOG} - Initiator=w**************r Action=Get-User-Claim-Values Target=a***n Data={"Claims":{},"Profile":"default"} Outcome=Success
TID: [-1234] [2025-06-30 08:32:36,844]  INFO {AUDIT_LOG} - Initiator=w**************r Action=Get-User-Claim-Values Target=a***n Data={"Claims":{},"Profile":"default"} Outcome=Success
TID: [-1234] [2025-06-30 08:32:36,845]  INFO {AUDIT_LOG} - Initiator=w**************r Action=Get-User-Claim-Values Target=a***n Data={"Claims":{},"Profile":"default"} Outcome=Success
TID: [-1234] [2025-06-30 08:32:36,847]  INFO {AUDIT_LOG} - Initiator=w**************r Action=Get-User-Claim-Values Target=a***n Data={"Claims":{},"Profile":"default"} Outcome=Success
TID: [-1234] [2025-06-30 08:32:36,849]  INFO {AUDIT_LOG} - Initiator=w**************r Action=Get-User-Claim-Values Target=a***n Data={"Claims":{},"Profile":"default"} Outcome=Success
TID: [-1234] [2025-06-30 08:32:36,852]  INFO {AUDIT_LOG} - Initiator=w**************r Action=Get-User-Claim-Values Target=a***n Data={"Claims":{},"Profile":"default"} Outcome=Success
TID: [-1234] [2025-06-30 08:32:36,854]  INFO {AUDIT_LOG} - Initiator=w**************r Action=Get-User-Claim-Values Target=a***n Data={"Claims":{},"Profile":"default"} Outcome=Success
TID: [-1234] [2025-06-30 08:32:36,859]  INFO {AUDIT_LOG} - Initiator=w**************r Action=Get-User-Claim-Values Target=a***n Data={"Claims":{},"Profile":"default"} Outcome=Success
TID: [-1234] [2025-06-30 08:32:36,862]  INFO {AUDIT_LOG} - Initiator=w**************r Action=Get-User-Claim-Values Target=a***n Data={"Claims":{},"Profile":"default"} Outcome=Success
TID: [-1234] [2025-06-30 08:32:36,897]  INFO {AUDIT_LOG} - Initiator=w**************r Action=Get-User-Claim-Values Target=a***n Data={"Claims":{},"Profile":"default"} Outcome=Success
TID: [-1234] [2025-06-30 08:32:36,900]  INFO {AUDIT_LOG} - Initiator=w**************r Action=Get-User-Claim-Values Target=a***n Data={"Claims":{},"Profile":"default"} Outcome=Success
TID: [-1234] [2025-06-30 08:32:36,901]  INFO {AUDIT_LOG} - Initiator=w**************r Action=Get-User-Claim-Values Target=a***n Data={"Claims":{},"Profile":"default"} Outcome=Success
TID: [-1234] [2025-06-30 08:32:36,943]  INFO {AUDIT_LOG} - Initiator=w**************r Action=Get-User-Claim-Values Target=a***n Data={"Claims":{},"Profile":"default"} Outcome=Success
TID: [-1234] [2025-06-30 08:32:36,957]  INFO {AUDIT_LOG} - Initiator=w**************r Action=Get-User-Claim-Values Target=a***n Data={"Claims":{},"Profile":"default"} Outcome=Success
TID: [-1234] [2025-06-30 08:32:36,958]  INFO {AUDIT_LOG} - Initiator=w**************r Action=Get-User-Claim-Values Target=a***n Data={"Claims":{},"Profile":"default"} Outcome=Success
TID: [-1234] [2025-06-30 08:32:37,080]  INFO {AUDIT_LOG} - Initiator=w**************r Action=Get-User-Claim-Values Target=a***n Data={"Claims":{},"Profile":"default"} Outcome=Success
TID: [-1234] [2025-06-30 08:32:37,081]  INFO {AUDIT_LOG} - Initiator=w**************r Action=Get-User-Claim-Values Target=a***n Data={"Claims":{},"Profile":"default"} Outcome=Success
TID: [-1234] [2025-06-30 08:32:37,083]  INFO {AUDIT_LOG} - Initiator=w**************r Action=Get-User-Claim-Values Target=a***n Data={"Claims":{},"Profile":"default"} Outcome=Success
TID: [-1234] [2025-06-30 08:32:37,215]  INFO {AUDIT_LOG} - Initiator=w**************r Action=Get-User-Claim-Values Target=a***n Data={"Claims":{},"Profile":"default"} Outcome=Success
TID: [-1234] [2025-06-30 08:32:37,216]  INFO {AUDIT_LOG} - Initiator=w**************r Action=Get-User-Claim-Values Target=a***n Data={"Claims":{},"Profile":"default"} Outcome=Success
TID: [-1234] [2025-06-30 08:32:37,218]  INFO {AUDIT_LOG} - Initiator=w**************r Action=Get-User-Claim-Values Target=a***n Data={"Claims":{},"Profile":"default"} Outcome=Success
TID: [-1234] [2025-06-30 08:32:37,219]  INFO {AUDIT_LOG} - Initiator=w**************r Action=Get-User-Claim-Values Target=a***n Data={"Claims":{},"Profile":"default"} Outcome=Success
TID: [-1234] [2025-06-30 08:32:37,231]  INFO {AUDIT_LOG} - Initiator=w**************r Action=Get-User-Claim-Values Target=a***n Data={"Claims":{},"Profile":"default"} Outcome=Success
TID: [-1234] [2025-06-30 08:32:37,233]  INFO {AUDIT_LOG} - Initiator=w**************r Action=Get-User-Claim-Values Target=a***n Data={"Claims":{},"Profile":"default"} Outcome=Success
TID: [-1234] [2025-06-30 08:32:38,678]  INFO {AUDIT_LOG} - Initiator=w**************r Action=Get-User-Claim-Values Target=a***n Data={"Claims":{},"Profile":"default"} Outcome=Success
TID: [-1234] [2025-06-30 08:32:38,679]  INFO {AUDIT_LOG} - Initiator=w**************r Action=Get-User-Claim-Values Target=a***n Data={"Claims":{},"Profile":"default"} Outcome=Success
TID: [-1234] [2025-06-30 08:32:38,681]  INFO {AUDIT_LOG} - Initiator=w**************r Action=Get-User-Claim-Values Target=a***n Data={"Claims":{},"Profile":"default"} Outcome=Success
TID: [-1234] [2025-06-30 08:32:38,685]  INFO {AUDIT_LOG} - Initiator=w**************r Action=Get-User-Claim-Values Target=a***n Data={"Claims":{},"Profile":"default"} Outcome=Success
TID: [-1234] [2025-06-30 08:32:38,687]  INFO {AUDIT_LOG} - Initiator=w**************r Action=Get-User-Claim-Values Target=a***n Data={"Claims":{},"Profile":"default"} Outcome=Success
TID: [-1234] [2025-06-30 08:32:38,688]  INFO {AUDIT_LOG} - Initiator=w**************r Action=Get-User-Claim-Values Target=a***n Data={"Claims":{},"Profile":"default"} Outcome=Success
TID: [-1234] [2025-06-30 08:32:38,715]  INFO {AUDIT_LOG} - Initiator=w**************r Action=Get-User-Claim-Values Target=a***n Data={"Claims":{},"Profile":"default"} Outcome=Success
TID: [-1234] [2025-06-30 08:32:38,717]  INFO {AUDIT_LOG} - Initiator=w**************r Action=Get-User-Claim-Values Target=a***n Data={"Claims":{},"Profile":"default"} Outcome=Success
TID: [-1234] [2025-06-30 08:32:38,717]  INFO {AUDIT_LOG} - Initiator=w**************r Action=Get-User-Claim-Values Target=a***n Data={"Claims":{},"Profile":"default"} Outcome=Success
TID: [-1234] [2025-06-30 08:32:38,777]  INFO {AUDIT_LOG} - Initiator=w**************r Action=Get-User-Claim-Values Target=a***n Data={"Claims":{},"Profile":"default"} Outcome=Success
TID: [-1234] [2025-06-30 08:32:38,784]  INFO {AUDIT_LOG} - Initiator=w**************r Action=Get-User-Claim-Values Target=a***n Data={"Claims":{},"Profile":"default"} Outcome=Success
TID: [-1234] [2025-06-30 08:32:38,785]  INFO {AUDIT_LOG} - Initiator=w**************r Action=Get-User-Claim-Values Target=a***n Data={"Claims":{},"Profile":"default"} Outcome=Success
TID: [-1234] [2025-06-30 08:32:38,829]  INFO {AUDIT_LOG} - Initiator=w**************r Action=Get-User-Claim-Values Target=a***n Data={"Claims":{},"Profile":"default"} Outcome=Success
TID: [-1234] [2025-06-30 08:32:38,831]  INFO {AUDIT_LOG} - Initiator=w**************r Action=Get-User-Claim-Values Target=a***n Data={"Claims":{},"Profile":"default"} Outcome=Success
TID: [-1234] [2025-06-30 08:32:38,832]  INFO {AUDIT_LOG} - Initiator=w**************r Action=Get-User-Claim-Values Target=a***n Data={"Claims":{},"Profile":"default"} Outcome=Success
TID: [] [2025-06-30 08:32:40,226]  INFO {AUDIT_LOG} - {"performedBy":"SYSTEM: carbon.super","action":"deployed","type":"API","info":"3d25892b-b9a4-4295-bdc9-6528d8d6b900"}
TID: [] [2025-06-30 08:32:40,252]  INFO {AUDIT_LOG} - {"performedBy":"SYSTEM: carbon.super","action":"deployed","type":"API","info":"3e9c8bfa-e0d3-4922-984e-cd99bd95a7c8"}
TID: [-1234] [2025-06-30 08:35:12,401]  INFO {AUDIT_LOG} - Initiator=w**************r Action=Get-User-List Target=null Data={"Claim Value":"a***n","Users":["a***n"],"Claim":"http://wso2.org/claims/username"} Outcome=Success
TID: [-1234] [2025-06-30 08:35:12,411]  INFO {AUDIT_LOG} - Initiator=w**************r Action=Get-User-Claim-Values Target=a***n Data={"Claims":{},"Profile":"default"} Outcome=Success
TID: [-1234] [2025-06-30 08:35:12,412]  INFO {AUDIT_LOG} - Initiator=w**************r Action=Get-User-Claim-Values Target=a***n Data={"Claims":{},"Profile":"default"} Outcome=Success
TID: [-1234] [2025-06-30 08:35:12,412]  INFO {AUDIT_LOG} - Initiator=w**************r Action=Get-User-Claim-Values Target=a***n Data={"Claims":{},"Profile":"default"} Outcome=Success
TID: [-1234] [2025-06-30 08:35:12,520]  INFO {AUDIT_LOG} - Initiator=w**************r Action=Get-User-Claim-Values Target=a***n Data={"Claims":{},"Profile":"default"} Outcome=Success
TID: [-1234] [2025-06-30 08:35:12,521]  INFO {AUDIT_LOG} - Initiator=w**************r Action=Get-User-Claim-Values Target=a***n Data={"Claims":{},"Profile":"default"} Outcome=Success
TID: [-1234] [2025-06-30 08:35:12,522]  INFO {AUDIT_LOG} - Initiator=w**************r Action=Get-User-Claim-Values Target=a***n Data={"Claims":{},"Profile":"default"} Outcome=Success
TID: [-1234] [2025-06-30 08:35:12,561]  INFO {AUDIT_LOG} - Initiator : 75777ff5-b74d-440b-a0bd-6c2ca0c89d89 | Action : PostTokenIssue | Target : PasswordGrantAuditLogger | Data : { "AuthenticatedUser" : "75777ff5-b74d-440b-a0bd-6c2ca0c89d89","AuthenticatedUserStoreDomain" : "PRIMARY","AuthenticatedUserTenantDomain" : "carbon.super","ServiceProvider" : "admin_ea90ae31-c3d2-4fb9-9f0c-8c7ddae64655_PRODUCTION","RequestType" : "oauth2","RelyingParty" : "vOJ1PyTYOJKJlJCvyahU2z_G9C8a" } | Result : Success 
TID: [] [2025-06-30 08:35:12,694]  INFO {AUDIT_LOG} - Initiator=w**************r Action=Get-User-Claim-Values Target=a***n Data={"Claims":{},"Profile":"default"} Outcome=Success
TID: [] [2025-06-30 08:35:12,696]  INFO {AUDIT_LOG} - Initiator=w**************r Action=Get-User-Claim-Values Target=a***n Data={"Claims":{},"Profile":"default"} Outcome=Success
TID: [] [2025-06-30 08:35:12,696]  INFO {AUDIT_LOG} - Initiator=w**************r Action=Get-User-Claim-Values Target=a***n Data={"Claims":{},"Profile":"default"} Outcome=Success
TID: [-1234] [2025-06-30 08:35:13,393]  INFO {AUDIT_LOG} - GET /api/am/publisher/apis user: 75777ff5-b74d-440b-a0bd-6c2ca0c89d89@carbon.super app: vOJ1PyTYOJKJlJCvyahU2z_G9C8a
TID: [-1234] [2025-06-30 08:35:14,017]  INFO {AUDIT_LOG} - Initiator=w**************r Action=Get-User-List Target=null Data={"Claim Value":"a***n","Users":["a***n"],"Claim":"http://wso2.org/claims/username"} Outcome=Success
TID: [-1234] [2025-06-30 08:35:14,018]  INFO {AUDIT_LOG} - Initiator=w**************r Action=Get-User-Claim-Values Target=a***n Data={"Claims":{},"Profile":"default"} Outcome=Success
TID: [-1234] [2025-06-30 08:35:14,019]  INFO {AUDIT_LOG} - Initiator=w**************r Action=Get-User-Claim-Values Target=a***n Data={"Claims":{},"Profile":"default"} Outcome=Success
TID: [-1234] [2025-06-30 08:35:14,019]  INFO {AUDIT_LOG} - Initiator=w**************r Action=Get-User-Claim-Values Target=a***n Data={"Claims":{},"Profile":"default"} Outcome=Success
TID: [-1234] [2025-06-30 08:35:14,026]  INFO {AUDIT_LOG} - Initiator : 75777ff5-b74d-440b-a0bd-6c2ca0c89d89 | Action : PostTokenIssue | Target : PasswordGrantAuditLogger | Data : { "AuthenticatedUser" : "75777ff5-b74d-440b-a0bd-6c2ca0c89d89","AuthenticatedUserStoreDomain" : "PRIMARY","AuthenticatedUserTenantDomain" : "carbon.super","ServiceProvider" : "admin_ea90ae31-c3d2-4fb9-9f0c-8c7ddae64655_PRODUCTION","RequestType" : "oauth2","RelyingParty" : "vOJ1PyTYOJKJlJCvyahU2z_G9C8a" } | Result : Success 
TID: [-1234] [2025-06-30 08:35:14,035]  INFO {AUDIT_LOG} - Initiator=w**************r Action=Get-User-Claim-Values Target=a***n Data={"Claims":{},"Profile":"default"} Outcome=Success
TID: [-1234] [2025-06-30 08:35:14,036]  INFO {AUDIT_LOG} - Initiator=w**************r Action=Get-User-Claim-Values Target=a***n Data={"Claims":{},"Profile":"default"} Outcome=Success
TID: [-1234] [2025-06-30 08:35:14,036]  INFO {AUDIT_LOG} - Initiator=w**************r Action=Get-User-Claim-Values Target=a***n Data={"Claims":{},"Profile":"default"} Outcome=Success
TID: [-1234] [2025-06-30 08:35:14,038]  INFO {AUDIT_LOG} - GET /api/am/publisher/apis user: 75777ff5-b74d-440b-a0bd-6c2ca0c89d89@carbon.super app: vOJ1PyTYOJKJlJCvyahU2z_G9C8a
TID: [-1234] [2025-06-30 13:45:12,032]  INFO {AUDIT_LOG} - Initiator=w**************r Action=Get-User-List Target=null Data={"Claim Value":"a***n","Users":["a***n"],"Claim":"http://wso2.org/claims/username"} Outcome=Success
TID: [-1234] [2025-06-30 13:45:12,052]  INFO {AUDIT_LOG} - Initiator=w**************r Action=Get-User-Claim-Values Target=a***n Data={"Claims":{},"Profile":"default"} Outcome=Success
TID: [-1234] [2025-06-30 13:45:12,055]  INFO {AUDIT_LOG} - Initiator=w**************r Action=Get-User-Claim-Values Target=a***n Data={"Claims":{},"Profile":"default"} Outcome=Success
TID: [-1234] [2025-06-30 13:45:12,056]  INFO {AUDIT_LOG} - Initiator=w**************r Action=Get-User-Claim-Values Target=a***n Data={"Claims":{},"Profile":"default"} Outcome=Success
TID: [-1234] [2025-06-30 13:45:12,078]  INFO {AUDIT_LOG} - Initiator=w**************r Action=Get-Roles-of-User Target=a***n Data={"Filter":"*","Roles":["Internal/subscriber","Internal/creator","Internal/publisher","Internal/everyone","Internal/devops","admin","Internal/analytics","Internal/observer","Internal/integration_dev"]} Outcome=Success
TID: [-1234] [2025-06-30 13:45:12,105]  INFO {AUDIT_LOG} - Initiator : 75777ff5-b74d-440b-a0bd-6c2ca0c89d89 | Action : PostTokenIssue | Target : PasswordGrantAuditLogger | Data : { "AuthenticatedUser" : "75777ff5-b74d-440b-a0bd-6c2ca0c89d89","AuthenticatedUserStoreDomain" : "PRIMARY","AuthenticatedUserTenantDomain" : "carbon.super","ServiceProvider" : "admin_ea90ae31-c3d2-4fb9-9f0c-8c7ddae64655_PRODUCTION","RequestType" : "oauth2","RelyingParty" : "vOJ1PyTYOJKJlJCvyahU2z_G9C8a" } | Result : Success 
TID: [-1234] [2025-06-30 13:45:12,164]  INFO {AUDIT_LOG} - GET /api/am/publisher/apis user: 75777ff5-b74d-440b-a0bd-6c2ca0c89d89@carbon.super app: vOJ1PyTYOJKJlJCvyahU2z_G9C8a
TID: [-1234] [2025-06-30 13:45:12,168]  INFO {AUDIT_LOG} - Initiator=w**************r Action=Get-User-Claim-Values Target=a***n Data={"Claims":{},"Profile":"default"} Outcome=Success
TID: [-1234] [2025-06-30 13:45:12,170]  INFO {AUDIT_LOG} - Initiator=w**************r Action=Get-User-Claim-Values Target=a***n Data={"Claims":{},"Profile":"default"} Outcome=Success
TID: [-1234] [2025-06-30 13:45:12,171]  INFO {AUDIT_LOG} - Initiator=w**************r Action=Get-User-Claim-Values Target=a***n Data={"Claims":{},"Profile":"default"} Outcome=Success
TID: [] [2025-06-30 13:45:12,215]  INFO {AUDIT_LOG} - Initiator=w**************r Action=Get-User-Claim-Values Target=a***n Data={"Claims":{},"Profile":"default"} Outcome=Success
TID: [] [2025-06-30 13:45:12,217]  INFO {AUDIT_LOG} - Initiator=w**************r Action=Get-User-Claim-Values Target=a***n Data={"Claims":{},"Profile":"default"} Outcome=Success
TID: [] [2025-06-30 13:45:12,218]  INFO {AUDIT_LOG} - Initiator=w**************r Action=Get-User-Claim-Values Target=a***n Data={"Claims":{},"Profile":"default"} Outcome=Success
TID: [-1234] [2025-06-30 13:45:12,607]  INFO {AUDIT_LOG} - Initiator=w**************r Action=Get-User-List Target=null Data={"Claim Value":"a***n","Users":["a***n"],"Claim":"http://wso2.org/claims/username"} Outcome=Success
TID: [-1234] [2025-06-30 13:45:12,616]  INFO {AUDIT_LOG} - Initiator=w**************r Action=Get-User-Claim-Values Target=a***n Data={"Claims":{},"Profile":"default"} Outcome=Success
TID: [-1234] [2025-06-30 13:45:12,617]  INFO {AUDIT_LOG} - Initiator=w**************r Action=Get-User-Claim-Values Target=a***n Data={"Claims":{},"Profile":"default"} Outcome=Success
TID: [-1234] [2025-06-30 13:45:12,618]  INFO {AUDIT_LOG} - Initiator=w**************r Action=Get-User-Claim-Values Target=a***n Data={"Claims":{},"Profile":"default"} Outcome=Success
TID: [-1234] [2025-06-30 13:45:12,639]  INFO {AUDIT_LOG} - Initiator : 75777ff5-b74d-440b-a0bd-6c2ca0c89d89 | Action : PostTokenIssue | Target : PasswordGrantAuditLogger | Data : { "AuthenticatedUser" : "75777ff5-b74d-440b-a0bd-6c2ca0c89d89","AuthenticatedUserStoreDomain" : "PRIMARY","AuthenticatedUserTenantDomain" : "carbon.super","ServiceProvider" : "admin_ea90ae31-c3d2-4fb9-9f0c-8c7ddae64655_PRODUCTION","RequestType" : "oauth2","RelyingParty" : "vOJ1PyTYOJKJlJCvyahU2z_G9C8a" } | Result : Success 
TID: [-1234] [2025-06-30 13:45:12,649]  INFO {AUDIT_LOG} - Initiator=w**************r Action=Get-User-Claim-Values Target=a***n Data={"Claims":{},"Profile":"default"} Outcome=Success
TID: [-1234] [2025-06-30 13:45:12,650]  INFO {AUDIT_LOG} - Initiator=w**************r Action=Get-User-Claim-Values Target=a***n Data={"Claims":{},"Profile":"default"} Outcome=Success
TID: [-1234] [2025-06-30 13:45:12,651]  INFO {AUDIT_LOG} - Initiator=w**************r Action=Get-User-Claim-Values Target=a***n Data={"Claims":{},"Profile":"default"} Outcome=Success
TID: [-1234] [2025-06-30 13:45:12,656]  INFO {AUDIT_LOG} - GET /api/am/publisher/apis user: 75777ff5-b74d-440b-a0bd-6c2ca0c89d89@carbon.super app: vOJ1PyTYOJKJlJCvyahU2z_G9C8a
TID: [-1234] [2025-06-30 13:47:32,866]  INFO {AUDIT_LOG} - Initiator=w**************r Action=Get-User-List Target=null Data={"Claim Value":"a***n","Users":["a***n"],"Claim":"http://wso2.org/claims/username"} Outcome=Success
TID: [-1234] [2025-06-30 13:47:32,891]  INFO {AUDIT_LOG} - Initiator=w**************r Action=Get-User-Claim-Values Target=a***n Data={"Claims":{},"Profile":"default"} Outcome=Success
TID: [-1234] [2025-06-30 13:47:32,893]  INFO {AUDIT_LOG} - Initiator=w**************r Action=Get-User-Claim-Values Target=a***n Data={"Claims":{},"Profile":"default"} Outcome=Success
TID: [-1234] [2025-06-30 13:47:32,894]  INFO {AUDIT_LOG} - Initiator=w**************r Action=Get-User-Claim-Values Target=a***n Data={"Claims":{},"Profile":"default"} Outcome=Success
TID: [-1234] [2025-06-30 13:47:32,910]  INFO {AUDIT_LOG} - Initiator : 75777ff5-b74d-440b-a0bd-6c2ca0c89d89 | Action : PostTokenIssue | Target : PasswordGrantAuditLogger | Data : { "AuthenticatedUser" : "75777ff5-b74d-440b-a0bd-6c2ca0c89d89","AuthenticatedUserStoreDomain" : "PRIMARY","AuthenticatedUserTenantDomain" : "carbon.super","ServiceProvider" : "admin_ea90ae31-c3d2-4fb9-9f0c-8c7ddae64655_PRODUCTION","RequestType" : "oauth2","RelyingParty" : "vOJ1PyTYOJKJlJCvyahU2z_G9C8a" } | Result : Success 
TID: [-1234] [2025-06-30 13:47:32,923]  INFO {AUDIT_LOG} - Initiator=w**************r Action=Get-User-Claim-Values Target=a***n Data={"Claims":{},"Profile":"default"} Outcome=Success
TID: [-1234] [2025-06-30 13:47:32,923]  INFO {AUDIT_LOG} - Initiator=w**************r Action=Get-User-Claim-Values Target=a***n Data={"Claims":{},"Profile":"default"} Outcome=Success
TID: [-1234] [2025-06-30 13:47:32,925]  INFO {AUDIT_LOG} - Initiator=w**************r Action=Get-User-Claim-Values Target=a***n Data={"Claims":{},"Profile":"default"} Outcome=Success
TID: [-1234] [2025-06-30 13:47:32,929]  INFO {AUDIT_LOG} - GET /api/am/publisher/apis user: 75777ff5-b74d-440b-a0bd-6c2ca0c89d89@carbon.super app: vOJ1PyTYOJKJlJCvyahU2z_G9C8a
TID: [] [2025-06-30 13:47:32,948]  INFO {AUDIT_LOG} - Initiator=w**************r Action=Get-User-Claim-Values Target=a***n Data={"Claims":{},"Profile":"default"} Outcome=Success
TID: [] [2025-06-30 13:47:32,949]  INFO {AUDIT_LOG} - Initiator=w**************r Action=Get-User-Claim-Values Target=a***n Data={"Claims":{},"Profile":"default"} Outcome=Success
TID: [] [2025-06-30 13:47:32,949]  INFO {AUDIT_LOG} - Initiator=w**************r Action=Get-User-Claim-Values Target=a***n Data={"Claims":{},"Profile":"default"} Outcome=Success
TID: [-1234] [2025-06-30 13:47:33,078]  INFO {AUDIT_LOG} - Initiator=w**************r Action=Get-User-List Target=null Data={"Claim Value":"a***n","Users":["a***n"],"Claim":"http://wso2.org/claims/username"} Outcome=Success
TID: [-1234] [2025-06-30 13:47:33,081]  INFO {AUDIT_LOG} - Initiator=w**************r Action=Get-User-Claim-Values Target=a***n Data={"Claims":{},"Profile":"default"} Outcome=Success
TID: [-1234] [2025-06-30 13:47:33,082]  INFO {AUDIT_LOG} - Initiator=w**************r Action=Get-User-Claim-Values Target=a***n Data={"Claims":{},"Profile":"default"} Outcome=Success
TID: [-1234] [2025-06-30 13:47:33,083]  INFO {AUDIT_LOG} - Initiator=w**************r Action=Get-User-Claim-Values Target=a***n Data={"Claims":{},"Profile":"default"} Outcome=Success
TID: [-1234] [2025-06-30 13:47:33,097]  INFO {AUDIT_LOG} - Initiator : 75777ff5-b74d-440b-a0bd-6c2ca0c89d89 | Action : PostTokenIssue | Target : PasswordGrantAuditLogger | Data : { "AuthenticatedUser" : "75777ff5-b74d-440b-a0bd-6c2ca0c89d89","AuthenticatedUserStoreDomain" : "PRIMARY","AuthenticatedUserTenantDomain" : "carbon.super","ServiceProvider" : "admin_ea90ae31-c3d2-4fb9-9f0c-8c7ddae64655_PRODUCTION","RequestType" : "oauth2","RelyingParty" : "vOJ1PyTYOJKJlJCvyahU2z_G9C8a" } | Result : Success 
TID: [-1234] [2025-06-30 13:47:33,111]  INFO {AUDIT_LOG} - GET /api/am/publisher/apis user: 75777ff5-b74d-440b-a0bd-6c2ca0c89d89@carbon.super app: vOJ1PyTYOJKJlJCvyahU2z_G9C8a
TID: [-1234] [2025-06-30 13:47:33,114]  INFO {AUDIT_LOG} - Initiator=w**************r Action=Get-User-Claim-Values Target=a***n Data={"Claims":{},"Profile":"default"} Outcome=Success
TID: [-1234] [2025-06-30 13:47:33,116]  INFO {AUDIT_LOG} - Initiator=w**************r Action=Get-User-Claim-Values Target=a***n Data={"Claims":{},"Profile":"default"} Outcome=Success
TID: [-1234] [2025-06-30 13:47:33,117]  INFO {AUDIT_LOG} - Initiator=w**************r Action=Get-User-Claim-Values Target=a***n Data={"Claims":{},"Profile":"default"} Outcome=Success
TID: [-1234] [2025-06-30 15:15:50,850]  INFO {AUDIT_LOG} - Initiator=w**************r Action=Get-User-List Target=null Data={"ServiceProviderName":"apim_publisher","Claim Value":"a***n","Users":["a***n"],"Claim":"http://wso2.org/claims/username"} Outcome=Success
TID: [-1234] [2025-06-30 15:15:50,859]  INFO {AUDIT_LOG} - Initiator=w**************r Action=Get-User-Claim-Values Target=a***n Data={"ServiceProviderName":"apim_publisher","Claims":{},"Profile":"default"} Outcome=Success
TID: [-1234] [2025-06-30 15:15:50,861]  INFO {AUDIT_LOG} - Initiator=w**************r Action=Get-User-Claim-Values Target=a***n Data={"ServiceProviderName":"apim_publisher","Claims":{},"Profile":"default"} Outcome=Success
TID: [-1234] [2025-06-30 15:15:50,862]  INFO {AUDIT_LOG} - Initiator=w**************r Action=Get-User-Claim-Values Target=a***n Data={"ServiceProviderName":"apim_publisher","Claims":{},"Profile":"default"} Outcome=Success
TID: [-1234] [2025-06-30 15:15:50,870]  INFO {AUDIT_LOG} - Initiator : a***n | Action : LoginStepSuccess | Target : ApplicationAuthenticationFramework | Data : { "ContextIdentifier" : "b19170d3-c121-48df-81fc-e3965ccc93a2","AuthenticatedUser" : "a***n","AuthenticatedUserTenantDomain" : "carbon.super","ServiceProviderName" : "apim_publisher","RequestType" : "oidc","RelyingParty" : "y3vyR8tiJmvfXsdGZfwvaSpvK7Qa","AuthenticatedIdP" : "LOCAL","User Agent" : "null","RemoteAddress" : "null","UserStoreDomain" : "PRIMARY" } | Result : Success 
TID: [-1234] [2025-06-30 15:15:50,881]  INFO {AUDIT_LOG} - Initiator : a****************r | Action : Authenticate | Target : ApplicationAuthenticationFramework | Data : { Step: 1, IDP: LOCAL, Authenticator:BasicAuthenticator } | Result : Success 
TID: [-1234] [2025-06-30 15:15:50,888]  INFO {AUDIT_LOG} - Initiator=w**************r Action=Get-Roles-of-User Target=a***n Data={"ServiceProviderName":"apim_publisher","Filter":"*","Roles":["Internal/subscriber","Internal/creator","Internal/publisher","Internal/everyone","Internal/devops","admin","Internal/analytics","Internal/observer","Internal/integration_dev"]} Outcome=Success
TID: [-1234] [2025-06-30 15:15:50,889]  INFO {AUDIT_LOG} - Initiator=w**************r Action=Get-User-Claim-Values Target=a***n Data={"ServiceProviderName":"apim_publisher","Claims":{"http://wso2.org/claims/username":"a***n","http://wso2.org/claims/userid":"75777ff5-b74d-440b-a0bd-6c2ca0c89d89","http://wso2.org/claims/role":"I***********************************************************************************************************************************************************v","http://wso2.org/claims/userprincipal":"a***n"}} Outcome=Success
TID: [-1234] [2025-06-30 15:15:50,990]  INFO {AUDIT_LOG} - Initiator : 75777ff5-b74d-440b-a0bd-6c2ca0c89d89 | Action : StoreSession | Data : { {"traceId":"57a2e075-2c61-47c3-bb5e-42b341846100","RememberMe":false,"sessionContextId":"78297b4377662ebf4205215d28b106c3fe91cb5e8df1f4351f54198ad6e044be","AuthenticatedUserTenantDomain":"carbon.super","AuthenticatedUser":"a***n","LastAccessedTimestamp":1751296550902} } | Result : Success 
TID: [-1234] [2025-06-30 15:15:51,012]  INFO {AUDIT_LOG} - Initiator : 75777ff5-b74d-440b-a0bd-6c2ca0c89d89 | Action : Login | Target : ApplicationAuthenticationFramework | Data : { "ContextIdentifier" : "b19170d3-c121-48df-81fc-e3965ccc93a2","AuthenticatedUser" : "a***n","AuthenticatedUserTenantDomain" : "carbon.super","ServiceProviderName" : "apim_publisher","RequestType" : "oidc","RelyingParty" : "y3vyR8tiJmvfXsdGZfwvaSpvK7Qa","AuthenticatedIdPs" : "eyJ0eXAiOiJKV1QiLCJhbGciOiJIUzI1NiJ9.eyJpc3MiOiJ3c28yIiwiZXhwIjoxNzUxMjk2NTUzODgxLCJpYXQiOjE3NTEyOTY1NTA4ODEsImlkcHMiOlt7ImlkcCI6IkxPQ0FMIiwiYXV0aGVudGljYXRvciI6IkJhc2ljQXV0aGVudGljYXRvciJ9XX0.ENOxoCR5TizSNL8Ysm7Y5P1LYzDEiluqfsvwEn2nv6I","User Agent" : "null","RemoteAddress" : "null","UserStoreDomain" : "PRIMARY" } | Result : Success 
TID: [-1234] [2025-06-30 15:15:51,467]  INFO {AUDIT_LOG} - Initiator=w**************r Action=Get-User-List Target=null Data={"Claim Value":"a***n","Users":["a***n"],"Claim":"http://wso2.org/claims/username"} Outcome=Success
TID: [-1234] [2025-06-30 15:15:51,478]  INFO {AUDIT_LOG} - Initiator=w**************r Action=Get-User-Claim-Values Target=a***n Data={"Claims":{},"Profile":"default"} Outcome=Success
TID: [-1234] [2025-06-30 15:15:51,479]  INFO {AUDIT_LOG} - Initiator=w**************r Action=Get-User-Claim-Values Target=a***n Data={"Claims":{},"Profile":"default"} Outcome=Success
TID: [-1234] [2025-06-30 15:15:51,480]  INFO {AUDIT_LOG} - Initiator=w**************r Action=Get-User-Claim-Values Target=a***n Data={"Claims":{},"Profile":"default"} Outcome=Success
TID: [-1234] [2025-06-30 15:15:53,814]  INFO {AUDIT_LOG} - Initiator=w**************r Action=Get-User-Claim-Value Target=a***n Data={"Claim":"http://wso2.org/claims/organization"} Outcome=Success
TID: [-1234] [2025-06-30 15:15:53,814]  INFO {AUDIT_LOG} - Initiator=w**************r Action=Get-User-Claim-Value Target=a***n Data={"Claim":"http://wso2.org/claims/organization"} Outcome=Success
TID: [-1234] [2025-06-30 15:15:53,816]  INFO {AUDIT_LOG} - Initiator=w**************r Action=Get-User-Claim-Value Target=a***n Data={"Claim":"http://wso2.org/claims/organization"} Outcome=Success
TID: [-1234] [2025-06-30 15:15:53,822]  INFO {AUDIT_LOG} - GET /api/am/publisher/apis/f818fb14-194b-4a2d-a195-d9acd72a92df user: admin@carbon.super app: y3vyR8tiJmvfXsdGZfwvaSpvK7Qa
TID: [-1234] [2025-06-30 15:15:53,824]  INFO {AUDIT_LOG} - GET /api/am/publisher/settings user: admin@carbon.super app: y3vyR8tiJmvfXsdGZfwvaSpvK7Qa
TID: [-1234] [2025-06-30 15:15:53,825]  INFO {AUDIT_LOG} - GET /api/am/publisher/tenants?state=active user: admin@carbon.super app: y3vyR8tiJmvfXsdGZfwvaSpvK7Qa
TID: [-1234] [2025-06-30 15:15:57,194]  INFO {AUDIT_LOG} - GET /api/am/publisher/apis?limit=10&offset=0 user: admin@carbon.super app: y3vyR8tiJmvfXsdGZfwvaSpvK7Qa
TID: [-1234] [2025-06-30 15:16:56,717]  INFO {AUDIT_LOG} - GET /api/am/publisher/tenants?state=active user: admin@carbon.super app: y3vyR8tiJmvfXsdGZfwvaSpvK7Qa
TID: [-1234] [2025-06-30 15:16:56,720]  INFO {AUDIT_LOG} - GET /api/am/publisher/apis/3e9c8bfa-e0d3-4922-984e-cd99bd95a7c8 user: admin@carbon.super app: y3vyR8tiJmvfXsdGZfwvaSpvK7Qa
TID: [-1234] [2025-06-30 15:16:56,955]  INFO {AUDIT_LOG} - GET /api/am/publisher/apis/3e9c8bfa-e0d3-4922-984e-cd99bd95a7c8/swagger user: admin@carbon.super app: y3vyR8tiJmvfXsdGZfwvaSpvK7Qa
TID: [-1234] [2025-06-30 15:16:56,955]  INFO {AUDIT_LOG} - GET /api/am/publisher/apis/3e9c8bfa-e0d3-4922-984e-cd99bd95a7c8/revisions user: admin@carbon.super app: y3vyR8tiJmvfXsdGZfwvaSpvK7Qa
TID: [-1234] [2025-06-30 15:16:57,018]  INFO {AUDIT_LOG} - GET /api/am/publisher/apis/3e9c8bfa-e0d3-4922-984e-cd99bd95a7c8/revisions?query=deployed%3Atrue user: admin@carbon.super app: y3vyR8tiJmvfXsdGZfwvaSpvK7Qa
TID: [-1234] [2025-06-30 15:16:57,030]  INFO {AUDIT_LOG} - GET /api/am/publisher/me/organization-information user: admin@carbon.super app: y3vyR8tiJmvfXsdGZfwvaSpvK7Qa
TID: [-1234] [2025-06-30 15:16:57,084]  INFO {AUDIT_LOG} - GET /api/am/publisher/apis/3e9c8bfa-e0d3-4922-984e-cd99bd95a7c8/revisions?query=deployed%3Atrue user: admin@carbon.super app: y3vyR8tiJmvfXsdGZfwvaSpvK7Qa
TID: [-1234] [2025-06-30 15:16:57,138]  INFO {AUDIT_LOG} - GET /api/am/publisher/apis/3e9c8bfa-e0d3-4922-984e-cd99bd95a7c8/revisions?query=deployed%3Atrue user: admin@carbon.super app: y3vyR8tiJmvfXsdGZfwvaSpvK7Qa
TID: [-1234] [2025-06-30 15:16:57,138]  INFO {AUDIT_LOG} - GET /api/am/publisher/apis/3e9c8bfa-e0d3-4922-984e-cd99bd95a7c8/swagger user: admin@carbon.super app: y3vyR8tiJmvfXsdGZfwvaSpvK7Qa
TID: [-1234] [2025-06-30 15:16:57,217]  INFO {AUDIT_LOG} - GET /api/am/publisher/apis/3e9c8bfa-e0d3-4922-984e-cd99bd95a7c8/swagger user: admin@carbon.super app: y3vyR8tiJmvfXsdGZfwvaSpvK7Qa
TID: [-1234] [2025-06-30 15:16:57,217]  INFO {AUDIT_LOG} - GET /api/am/publisher/apis/3e9c8bfa-e0d3-4922-984e-cd99bd95a7c8/revisions?query=deployed%3Atrue user: admin@carbon.super app: y3vyR8tiJmvfXsdGZfwvaSpvK7Qa
TID: [-1234] [2025-06-30 15:21:27,782]  INFO {AUDIT_LOG} - Initiator=w**************r Action=Get-User-Claim-Value Target=a***n Data={"Claim":"http://wso2.org/claims/organization"} Outcome=Success
TID: [-1234] [2025-06-30 15:21:27,783]  INFO {AUDIT_LOG} - GET /api/am/publisher/apis?limit=10&offset=0 user: admin@carbon.super app: y3vyR8tiJmvfXsdGZfwvaSpvK7Qa
TID: [-1234] [2025-06-30 15:21:29,173]  INFO {AUDIT_LOG} - GET /api/am/publisher/search?limit=1&offset=0&query=name%3APizzaShackAPI%20version%3A1.0%20context%3Apizzashack user: admin@carbon.super app: y3vyR8tiJmvfXsdGZfwvaSpvK7Qa
TID: [-1234] [2025-06-30 15:21:36,001]  INFO {AUDIT_LOG} - POST /api/am/publisher/apis/validate?query=name%3Atest&limit=10&offset=0 user: admin@carbon.super app: y3vyR8tiJmvfXsdGZfwvaSpvK7Qa
TID: [-1234] [2025-06-30 15:21:39,807]  INFO {AUDIT_LOG} - POST /api/am/publisher/apis/validate?query=name%3Atest1&limit=10&offset=0 user: admin@carbon.super app: y3vyR8tiJmvfXsdGZfwvaSpvK7Qa
TID: [-1234] [2025-06-30 15:21:45,817]  INFO {AUDIT_LOG} - POST /api/am/publisher/apis/validate?query=context%3A%2Ftest1&limit=10&offset=0 user: admin@carbon.super app: y3vyR8tiJmvfXsdGZfwvaSpvK7Qa
TID: [-1234] [2025-06-30 15:28:22,356]  INFO {AUDIT_LOG} - Initiator=w**************r Action=Get-User-List Target=null Data={"ServiceProviderName":"apim_devportal","Claim Value":"a***n","Users":["a***n"],"Claim":"http://wso2.org/claims/username"} Outcome=Success
TID: [-1234] [2025-06-30 15:28:22,359]  INFO {AUDIT_LOG} - Initiator=w**************r Action=Get-User-Claim-Values Target=a***n Data={"ServiceProviderName":"apim_devportal","Claims":{},"Profile":"default"} Outcome=Success
TID: [-1234] [2025-06-30 15:28:22,359]  INFO {AUDIT_LOG} - Initiator=w**************r Action=Get-User-Claim-Values Target=a***n Data={"ServiceProviderName":"apim_devportal","Claims":{},"Profile":"default"} Outcome=Success
TID: [-1234] [2025-06-30 15:28:22,359]  INFO {AUDIT_LOG} - Initiator=w**************r Action=Get-User-Claim-Values Target=a***n Data={"ServiceProviderName":"apim_devportal","Claims":{},"Profile":"default"} Outcome=Success
TID: [-1234] [2025-06-30 15:28:22,359]  INFO {AUDIT_LOG} - Initiator : a***n | Action : LoginStepSuccess | Target : ApplicationAuthenticationFramework | Data : { "ContextIdentifier" : "fea9b4b3-df9c-4151-8533-5979282c929b","AuthenticatedUser" : "a***n","AuthenticatedUserTenantDomain" : "carbon.super","ServiceProviderName" : "apim_devportal","RequestType" : "oidc","RelyingParty" : "8YNcwtyaHxWPUT9xJgLZDwrd4sUa","AuthenticatedIdP" : "LOCAL","User Agent" : "null","RemoteAddress" : "null","UserStoreDomain" : "PRIMARY" } | Result : Success 
TID: [-1234] [2025-06-30 15:28:22,360]  INFO {AUDIT_LOG} - Initiator : a****************r | Action : Authenticate | Target : ApplicationAuthenticationFramework | Data : { Step: 1, IDP: LOCAL, Authenticator:BasicAuthenticator } | Result : Success 
TID: [-1234] [2025-06-30 15:28:22,361]  INFO {AUDIT_LOG} - Initiator=w**************r Action=Get-User-Claim-Values Target=a***n Data={"ServiceProviderName":"apim_devportal","Claims":{"http://wso2.org/claims/username":"a***n","http://wso2.org/claims/userid":"75777ff5-b74d-440b-a0bd-6c2ca0c89d89","http://wso2.org/claims/role":"I***********************************************************************************************************************************************************v","http://wso2.org/claims/userprincipal":"a***n"}} Outcome=Success
TID: [-1234] [2025-06-30 15:28:22,366]  INFO {AUDIT_LOG} - Initiator : 75777ff5-b74d-440b-a0bd-6c2ca0c89d89 | Action : StoreSession | Data : { {"traceId":"2a01d8e1-0e1d-4c3f-bb03-29f8e54fdb1b","RememberMe":false,"sessionContextId":"121f96e2b321e18bf937dfe338aa27cc50b7d3172249e407cbb74a75ef638f6a","AuthenticatedUserTenantDomain":"carbon.super","AuthenticatedUser":"a***n","LastAccessedTimestamp":1751297302362} } | Result : Success 
TID: [-1234] [2025-06-30 15:28:22,370]  INFO {AUDIT_LOG} - Initiator : 75777ff5-b74d-440b-a0bd-6c2ca0c89d89 | Action : Login | Target : ApplicationAuthenticationFramework | Data : { "ContextIdentifier" : "fea9b4b3-df9c-4151-8533-5979282c929b","AuthenticatedUser" : "a***n","AuthenticatedUserTenantDomain" : "carbon.super","ServiceProviderName" : "apim_devportal","RequestType" : "oidc","RelyingParty" : "8YNcwtyaHxWPUT9xJgLZDwrd4sUa","AuthenticatedIdPs" : "eyJ0eXAiOiJKV1QiLCJhbGciOiJIUzI1NiJ9.eyJpc3MiOiJ3c28yIiwiZXhwIjoxNzUxMjk3MzA1MzYwLCJpYXQiOjE3NTEyOTczMDIzNjAsImlkcHMiOlt7ImlkcCI6IkxPQ0FMIiwiYXV0aGVudGljYXRvciI6IkJhc2ljQXV0aGVudGljYXRvciJ9XX0.U7FevqjRpVt26RzEWL_Ne87WHPPITgRe0CrlRzDuPzg","User Agent" : "null","RemoteAddress" : "null","UserStoreDomain" : "PRIMARY" } | Result : Success 
TID: [-1234] [2025-06-30 15:28:22,993]  INFO {AUDIT_LOG} - Initiator=w**************r Action=Get-User-List Target=null Data={"Claim Value":"a***n","Users":["a***n"],"Claim":"http://wso2.org/claims/username"} Outcome=Success
TID: [-1234] [2025-06-30 15:28:23,000]  INFO {AUDIT_LOG} - Initiator=w**************r Action=Get-User-Claim-Values Target=a***n Data={"Claims":{},"Profile":"default"} Outcome=Success
TID: [-1234] [2025-06-30 15:28:23,001]  INFO {AUDIT_LOG} - Initiator=w**************r Action=Get-User-Claim-Values Target=a***n Data={"Claims":{},"Profile":"default"} Outcome=Success
TID: [-1234] [2025-06-30 15:28:23,002]  INFO {AUDIT_LOG} - Initiator=w**************r Action=Get-User-Claim-Values Target=a***n Data={"Claims":{},"Profile":"default"} Outcome=Success
TID: [-1234] [2025-06-30 15:28:23,027]  INFO {AUDIT_LOG} - Initiator=w**************r Action=Get-User-Claim-Value Target=a***n Data={"Claim":"http://wso2.org/claims/organization"} Outcome=Success
TID: [-1234] [2025-06-30 15:28:23,158]  INFO {AUDIT_LOG} - GET /api/am/devportal/settings user: admin@carbon.super app: 8YNcwtyaHxWPUT9xJgLZDwrd4sUa
TID: [-1234] [2025-06-30 15:28:23,181]  INFO {AUDIT_LOG} - GET /api/am/devportal/me/organization-information user: admin@carbon.super app: 8YNcwtyaHxWPUT9xJgLZDwrd4sUa
TID: [-1234] [2025-06-30 15:28:23,288]  INFO {AUDIT_LOG} - GET /api/am/devportal/applications?sortBy=name&sortOrder=asc&limit=10&offset=0 user: admin@carbon.super app: 8YNcwtyaHxWPUT9xJgLZDwrd4sUa
TID: [-1234] [2025-06-30 15:28:31,781]  INFO {AUDIT_LOG} - GET /api/am/devportal/applications/ea90ae31-c3d2-4fb9-9f0c-8c7ddae64655 user: admin@carbon.super app: 8YNcwtyaHxWPUT9xJgLZDwrd4sUa
TID: [-1234] [2025-06-30 15:28:32,144]  INFO {AUDIT_LOG} - GET /api/am/devportal/applications/ea90ae31-c3d2-4fb9-9f0c-8c7ddae64655 user: admin@carbon.super app: 8YNcwtyaHxWPUT9xJgLZDwrd4sUa
TID: [-1234] [2025-06-30 15:28:32,192]  INFO {AUDIT_LOG} - GET /api/am/devportal/throttling-policies/application/Unlimited user: admin@carbon.super app: 8YNcwtyaHxWPUT9xJgLZDwrd4sUa
TID: [-1234] [2025-06-30 15:28:34,110]  INFO {AUDIT_LOG} - GET /api/am/devportal/subscriptions?applicationId=ea90ae31-c3d2-4fb9-9f0c-8c7ddae64655&limit=1000 user: admin@carbon.super app: 8YNcwtyaHxWPUT9xJgLZDwrd4sUa
TID: [-1234] [2025-06-30 15:28:34,170]  INFO {AUDIT_LOG} - GET /api/am/devportal/apis/3e9c8bfa-e0d3-4922-984e-cd99bd95a7c8 user: admin@carbon.super app: 8YNcwtyaHxWPUT9xJgLZDwrd4sUa
TID: [-1234] [2025-06-30 15:28:34,170]  INFO {AUDIT_LOG} - GET /api/am/devportal/subscriptions/b11c7a8e-4122-4950-aedb-cfbd236eb919 user: admin@carbon.super app: 8YNcwtyaHxWPUT9xJgLZDwrd4sUa
TID: [-1234] [2025-06-30 15:28:34,171]  INFO {AUDIT_LOG} - GET /api/am/devportal/subscriptions/1adfae49-3490-4304-853d-404075da5e52 user: admin@carbon.super app: 8YNcwtyaHxWPUT9xJgLZDwrd4sUa
TID: [-1234] [2025-06-30 15:28:34,171]  INFO {AUDIT_LOG} - GET /api/am/devportal/apis/3d25892b-b9a4-4295-bdc9-6528d8d6b900 user: admin@carbon.super app: 8YNcwtyaHxWPUT9xJgLZDwrd4sUa
TID: [-1234] [2025-06-30 15:28:34,191]  INFO {AUDIT_LOG} - GET /api/am/devportal/apis/3d25892b-b9a4-4295-bdc9-6528d8d6b900 user: admin@carbon.super app: 8YNcwtyaHxWPUT9xJgLZDwrd4sUa
TID: [-1234] [2025-06-30 15:28:34,191]  INFO {AUDIT_LOG} - GET /api/am/devportal/apis/3e9c8bfa-e0d3-4922-984e-cd99bd95a7c8 user: admin@carbon.super app: 8YNcwtyaHxWPUT9xJgLZDwrd4sUa
TID: [-1234] [2025-06-30 15:28:34,195]  INFO {AUDIT_LOG} - GET /api/am/devportal/throttling-policies/subscription/Unlimited user: admin@carbon.super app: 8YNcwtyaHxWPUT9xJgLZDwrd4sUa
TID: [-1234] [2025-06-30 15:28:34,205]  INFO {AUDIT_LOG} - GET /api/am/devportal/throttling-policies/subscription/Unlimited user: admin@carbon.super app: 8YNcwtyaHxWPUT9xJgLZDwrd4sUa
TID: [-1234] [2025-06-30 15:35:20,166]  INFO {AUDIT_LOG} - Initiator=w**************r Action=Get-User-Claim-Value Target=a***n Data={"Claim":"http://wso2.org/claims/organization"} Outcome=Success
TID: [-1234] [2025-06-30 15:35:20,176]  INFO {AUDIT_LOG} - GET /api/am/devportal/key-managers user: admin@carbon.super app: 8YNcwtyaHxWPUT9xJgLZDwrd4sUa
TID: [-1234] [2025-06-30 15:35:20,226]  INFO {AUDIT_LOG} - GET /api/am/devportal/applications/ea90ae31-c3d2-4fb9-9f0c-8c7ddae64655 user: admin@carbon.super app: 8YNcwtyaHxWPUT9xJgLZDwrd4sUa
TID: [-1234] [2025-06-30 15:35:20,251]  INFO {AUDIT_LOG} - GET /api/am/devportal/applications/ea90ae31-c3d2-4fb9-9f0c-8c7ddae64655/oauth-keys user: admin@carbon.super app: 8YNcwtyaHxWPUT9xJgLZDwrd4sUa
TID: [-1234] [2025-06-30 15:35:20,370]  INFO {AUDIT_LOG} - GET /api/am/devportal/applications/ea90ae31-c3d2-4fb9-9f0c-8c7ddae64655 user: admin@carbon.super app: 8YNcwtyaHxWPUT9xJgLZDwrd4sUa
TID: [-1234] [2025-06-30 15:35:20,388]  INFO {AUDIT_LOG} - GET /api/am/devportal/applications/ea90ae31-c3d2-4fb9-9f0c-8c7ddae64655/oauth-keys user: admin@carbon.super app: 8YNcwtyaHxWPUT9xJgLZDwrd4sUa
TID: [-1234] [2025-06-30 15:35:43,231]  INFO {AUDIT_LOG} - Initiator=w**************r Action=Get-User-Claim-Value Target=a***n Data={"Claim":"http://wso2.org/claims/organization"} Outcome=Success
TID: [-1234] [2025-06-30 15:35:43,232]  INFO {AUDIT_LOG} - GET /api/am/publisher/apis?limit=10&offset=0 user: admin@carbon.super app: y3vyR8tiJmvfXsdGZfwvaSpvK7Qa
TID: [-1234] [2025-06-30 15:35:43,289]  INFO {AUDIT_LOG} - Initiator=75777ff5-b74d-440b-a0bd-6c2ca0c89d89 Action=Get-Roles-of-User Target=a***n Data={"Filter":"*","Roles":["Internal/subscriber","Internal/creator","Internal/publisher","Internal/everyone","Internal/devops","admin","Internal/analytics","Internal/observer","Internal/integration_dev"]} Outcome=Success
TID: [-1234] [2025-06-30 15:35:45,100]  INFO {AUDIT_LOG} - GET /api/am/publisher/tenants?state=active user: admin@carbon.super app: y3vyR8tiJmvfXsdGZfwvaSpvK7Qa
TID: [-1234] [2025-06-30 15:35:45,101]  INFO {AUDIT_LOG} - GET /api/am/publisher/apis/3d25892b-b9a4-4295-bdc9-6528d8d6b900 user: admin@carbon.super app: y3vyR8tiJmvfXsdGZfwvaSpvK7Qa
TID: [-1234] [2025-06-30 15:35:45,331]  INFO {AUDIT_LOG} - GET /api/am/publisher/apis/3d25892b-b9a4-4295-bdc9-6528d8d6b900/revisions?query=deployed%3Atrue user: admin@carbon.super app: y3vyR8tiJmvfXsdGZfwvaSpvK7Qa
TID: [-1234] [2025-06-30 15:35:45,331]  INFO {AUDIT_LOG} - GET /api/am/publisher/apis/3d25892b-b9a4-4295-bdc9-6528d8d6b900/revisions user: admin@carbon.super app: y3vyR8tiJmvfXsdGZfwvaSpvK7Qa
TID: [-1234] [2025-06-30 15:35:45,331]  INFO {AUDIT_LOG} - GET /api/am/publisher/apis/3d25892b-b9a4-4295-bdc9-6528d8d6b900/swagger user: admin@carbon.super app: y3vyR8tiJmvfXsdGZfwvaSpvK7Qa
TID: [-1234] [2025-06-30 15:35:45,346]  INFO {AUDIT_LOG} - GET /api/am/publisher/me/organization-information user: admin@carbon.super app: y3vyR8tiJmvfXsdGZfwvaSpvK7Qa
TID: [-1234] [2025-06-30 15:35:45,350]  INFO {AUDIT_LOG} - GET /api/am/publisher/apis/3d25892b-b9a4-4295-bdc9-6528d8d6b900/revisions?query=deployed%3Atrue user: admin@carbon.super app: y3vyR8tiJmvfXsdGZfwvaSpvK7Qa
TID: [-1234] [2025-06-30 15:35:45,436]  INFO {AUDIT_LOG} - GET /api/am/publisher/apis/3d25892b-b9a4-4295-bdc9-6528d8d6b900/swagger user: admin@carbon.super app: y3vyR8tiJmvfXsdGZfwvaSpvK7Qa
TID: [-1234] [2025-06-30 15:35:45,438]  INFO {AUDIT_LOG} - GET /api/am/publisher/apis/3d25892b-b9a4-4295-bdc9-6528d8d6b900/revisions?query=deployed%3Atrue user: admin@carbon.super app: y3vyR8tiJmvfXsdGZfwvaSpvK7Qa
TID: [-1234] [2025-06-30 15:35:47,206]  INFO {AUDIT_LOG} - GET /api/am/publisher/apis/3d25892b-b9a4-4295-bdc9-6528d8d6b900/deployments user: admin@carbon.super app: y3vyR8tiJmvfXsdGZfwvaSpvK7Qa
TID: [-1234] [2025-06-30 15:35:47,208]  INFO {AUDIT_LOG} - GET /api/am/publisher/apis/3d25892b-b9a4-4295-bdc9-6528d8d6b900/swagger user: admin@carbon.super app: y3vyR8tiJmvfXsdGZfwvaSpvK7Qa
TID: [-1234] [2025-06-30 15:35:47,216]  INFO {AUDIT_LOG} - POST /api/am/publisher/apis/3d25892b-b9a4-4295-bdc9-6528d8d6b900/generate-key user: admin@carbon.super app: y3vyR8tiJmvfXsdGZfwvaSpvK7Qa
TID: [] [2025-06-30 15:36:02,876]  INFO {AUDIT_LOG} - Initiator=w**************r Action=Get-User-Claim-Values Target=a***n Data={"Claims":{},"Profile":"default"} Outcome=Success
TID: [] [2025-06-30 15:36:02,876]  INFO {AUDIT_LOG} - Initiator=w**************r Action=Get-User-Claim-Values Target=a***n Data={"Claims":{},"Profile":"default"} Outcome=Success
TID: [] [2025-06-30 15:36:02,877]  INFO {AUDIT_LOG} - Initiator=w**************r Action=Get-User-Claim-Values Target=a***n Data={"Claims":{},"Profile":"default"} Outcome=Success
TID: [-1234] [2025-06-30 15:36:24,425]  INFO {AUDIT_LOG} - GET /api/am/publisher/apis?limit=10&offset=0 user: admin@carbon.super app: y3vyR8tiJmvfXsdGZfwvaSpvK7Qa
TID: [-1234] [2025-06-30 15:36:28,161]  INFO {AUDIT_LOG} - GET /api/am/publisher/tenants?state=active user: admin@carbon.super app: y3vyR8tiJmvfXsdGZfwvaSpvK7Qa
TID: [-1234] [2025-06-30 15:36:28,163]  INFO {AUDIT_LOG} - GET /api/am/publisher/apis/3e9c8bfa-e0d3-4922-984e-cd99bd95a7c8 user: admin@carbon.super app: y3vyR8tiJmvfXsdGZfwvaSpvK7Qa
TID: [-1234] [2025-06-30 15:36:28,388]  INFO {AUDIT_LOG} - GET /api/am/publisher/apis/3e9c8bfa-e0d3-4922-984e-cd99bd95a7c8/revisions user: admin@carbon.super app: y3vyR8tiJmvfXsdGZfwvaSpvK7Qa
TID: [-1234] [2025-06-30 15:36:28,388]  INFO {AUDIT_LOG} - GET /api/am/publisher/me/organization-information user: admin@carbon.super app: y3vyR8tiJmvfXsdGZfwvaSpvK7Qa
TID: [-1234] [2025-06-30 15:36:28,388]  INFO {AUDIT_LOG} - GET /api/am/publisher/apis/3e9c8bfa-e0d3-4922-984e-cd99bd95a7c8/swagger user: admin@carbon.super app: y3vyR8tiJmvfXsdGZfwvaSpvK7Qa
TID: [-1234] [2025-06-30 15:36:28,388]  INFO {AUDIT_LOG} - GET /api/am/publisher/apis/3e9c8bfa-e0d3-4922-984e-cd99bd95a7c8/revisions?query=deployed%3Atrue user: admin@carbon.super app: y3vyR8tiJmvfXsdGZfwvaSpvK7Qa
TID: [-1234] [2025-06-30 15:36:28,400]  INFO {AUDIT_LOG} - GET /api/am/publisher/apis/3e9c8bfa-e0d3-4922-984e-cd99bd95a7c8/revisions?query=deployed%3Atrue user: admin@carbon.super app: y3vyR8tiJmvfXsdGZfwvaSpvK7Qa
TID: [-1234] [2025-06-30 15:36:28,482]  INFO {AUDIT_LOG} - GET /api/am/publisher/apis/3e9c8bfa-e0d3-4922-984e-cd99bd95a7c8/swagger user: admin@carbon.super app: y3vyR8tiJmvfXsdGZfwvaSpvK7Qa
TID: [-1234] [2025-06-30 15:36:28,488]  INFO {AUDIT_LOG} - GET /api/am/publisher/apis/3e9c8bfa-e0d3-4922-984e-cd99bd95a7c8/revisions?query=deployed%3Atrue user: admin@carbon.super app: y3vyR8tiJmvfXsdGZfwvaSpvK7Qa
TID: [-1234] [2025-06-30 15:36:31,637]  INFO {AUDIT_LOG} - GET /api/am/publisher/apis/3e9c8bfa-e0d3-4922-984e-cd99bd95a7c8/deployments user: admin@carbon.super app: y3vyR8tiJmvfXsdGZfwvaSpvK7Qa
TID: [-1234] [2025-06-30 15:36:31,635]  INFO {AUDIT_LOG} - GET /api/am/publisher/apis/3e9c8bfa-e0d3-4922-984e-cd99bd95a7c8/swagger user: admin@carbon.super app: y3vyR8tiJmvfXsdGZfwvaSpvK7Qa
TID: [-1234] [2025-06-30 15:36:31,640]  INFO {AUDIT_LOG} - POST /api/am/publisher/apis/3e9c8bfa-e0d3-4922-984e-cd99bd95a7c8/generate-key user: admin@carbon.super app: y3vyR8tiJmvfXsdGZfwvaSpvK7Qa
TID: [-1234] [2025-06-30 15:37:19,137]  INFO {AUDIT_LOG} - GET /api/am/publisher/apis/3e9c8bfa-e0d3-4922-984e-cd99bd95a7c8/revisions?query=deployed%3Atrue user: admin@carbon.super app: y3vyR8tiJmvfXsdGZfwvaSpvK7Qa
TID: [-1234] [2025-06-30 15:37:19,137]  INFO {AUDIT_LOG} - GET /api/am/publisher/apis/3e9c8bfa-e0d3-4922-984e-cd99bd95a7c8/swagger user: admin@carbon.super app: y3vyR8tiJmvfXsdGZfwvaSpvK7Qa
TID: [-1234] [2025-06-30 15:37:23,200]  INFO {AUDIT_LOG} - GET /api/am/publisher/apis?limit=10&offset=0 user: admin@carbon.super app: y3vyR8tiJmvfXsdGZfwvaSpvK7Qa
TID: [-1234] [2025-06-30 15:37:24,777]  INFO {AUDIT_LOG} - GET /api/am/publisher/apis/3d25892b-b9a4-4295-bdc9-6528d8d6b900 user: admin@carbon.super app: y3vyR8tiJmvfXsdGZfwvaSpvK7Qa
TID: [-1234] [2025-06-30 15:37:24,777]  INFO {AUDIT_LOG} - GET /api/am/publisher/tenants?state=active user: admin@carbon.super app: y3vyR8tiJmvfXsdGZfwvaSpvK7Qa
TID: [-1234] [2025-06-30 15:37:24,939]  INFO {AUDIT_LOG} - GET /api/am/publisher/apis/3d25892b-b9a4-4295-bdc9-6528d8d6b900/revisions?query=deployed%3Atrue user: admin@carbon.super app: y3vyR8tiJmvfXsdGZfwvaSpvK7Qa
TID: [-1234] [2025-06-30 15:37:24,939]  INFO {AUDIT_LOG} - GET /api/am/publisher/apis/3d25892b-b9a4-4295-bdc9-6528d8d6b900/swagger user: admin@carbon.super app: y3vyR8tiJmvfXsdGZfwvaSpvK7Qa
TID: [-1234] [2025-06-30 15:37:24,940]  INFO {AUDIT_LOG} - GET /api/am/publisher/me/organization-information user: admin@carbon.super app: y3vyR8tiJmvfXsdGZfwvaSpvK7Qa
TID: [-1234] [2025-06-30 15:37:24,943]  INFO {AUDIT_LOG} - GET /api/am/publisher/apis/3d25892b-b9a4-4295-bdc9-6528d8d6b900/revisions user: admin@carbon.super app: y3vyR8tiJmvfXsdGZfwvaSpvK7Qa
TID: [-1234] [2025-06-30 15:37:24,954]  INFO {AUDIT_LOG} - GET /api/am/publisher/apis/3d25892b-b9a4-4295-bdc9-6528d8d6b900/revisions?query=deployed%3Atrue user: admin@carbon.super app: y3vyR8tiJmvfXsdGZfwvaSpvK7Qa
TID: [-1234] [2025-06-30 15:37:25,033]  INFO {AUDIT_LOG} - GET /api/am/publisher/apis/3d25892b-b9a4-4295-bdc9-6528d8d6b900/revisions?query=deployed%3Atrue user: admin@carbon.super app: y3vyR8tiJmvfXsdGZfwvaSpvK7Qa
TID: [-1234] [2025-06-30 15:37:25,033]  INFO {AUDIT_LOG} - GET /api/am/publisher/apis/3d25892b-b9a4-4295-bdc9-6528d8d6b900/swagger user: admin@carbon.super app: y3vyR8tiJmvfXsdGZfwvaSpvK7Qa
TID: [-1234] [2025-06-30 15:37:28,212]  INFO {AUDIT_LOG} - GET /api/am/publisher/apis/3d25892b-b9a4-4295-bdc9-6528d8d6b900/deployments user: admin@carbon.super app: y3vyR8tiJmvfXsdGZfwvaSpvK7Qa
TID: [-1234] [2025-06-30 15:37:28,212]  INFO {AUDIT_LOG} - GET /api/am/publisher/apis/3d25892b-b9a4-4295-bdc9-6528d8d6b900/swagger user: admin@carbon.super app: y3vyR8tiJmvfXsdGZfwvaSpvK7Qa
TID: [-1234] [2025-06-30 15:37:28,217]  INFO {AUDIT_LOG} - POST /api/am/publisher/apis/3d25892b-b9a4-4295-bdc9-6528d8d6b900/generate-key user: admin@carbon.super app: y3vyR8tiJmvfXsdGZfwvaSpvK7Qa
