TID: [-1234] [2025-07-10 13:08:23,440]  INFO {AUDIT_LOG} - Initiator=w**************r Action=Get-User-List Target=null Data={"Claim Value":"a***n","Users":["a***n"],"Claim":"http://wso2.org/claims/username"} Outcome=Success
TID: [-1234] [2025-07-10 13:08:23,457]  INFO {AUDIT_LOG} - Initiator=w**************r Action=Get-User-Claim-Values Target=a***n Data={"Claims":{},"Profile":"default"} Outcome=Success
TID: [-1234] [2025-07-10 13:08:23,459]  INFO {AUDIT_LOG} - Initiator=w**************r Action=Get-User-Claim-Values Target=a***n Data={"Claims":{},"Profile":"default"} Outcome=Success
TID: [-1234] [2025-07-10 13:08:23,460]  INFO {AUDIT_LOG} - Initiator=w**************r Action=Get-User-Claim-Values Target=a***n Data={"Claims":{},"Profile":"default"} Outcome=Success
TID: [-1234] [2025-07-10 13:08:23,470]  INFO {AUDIT_LOG} - Initiator=w**************r Action=Get-Roles-of-User Target=a***n Data={"Filter":"*","Roles":["Internal/subscriber","Internal/creator","Internal/publisher","Internal/everyone","Internal/devops","admin","Internal/analytics","Internal/observer","Internal/integration_dev"]} Outcome=Success
TID: [-1234] [2025-07-10 13:08:23,491]  INFO {AUDIT_LOG} - Initiator : 75777ff5-b74d-440b-a0bd-6c2ca0c89d89 | Action : PostTokenIssue | Target : PasswordGrantAuditLogger | Data : { "AuthenticatedUser" : "75777ff5-b74d-440b-a0bd-6c2ca0c89d89","AuthenticatedUserStoreDomain" : "PRIMARY","AuthenticatedUserTenantDomain" : "carbon.super","ServiceProvider" : "admin_ea90ae31-c3d2-4fb9-9f0c-8c7ddae64655_PRODUCTION","RequestType" : "oauth2","RelyingParty" : "vOJ1PyTYOJKJlJCvyahU2z_G9C8a" } | Result : Success 
TID: [-1234] [2025-07-10 13:08:23,520]  INFO {AUDIT_LOG} - GET /api/am/publisher/apis user: 75777ff5-b74d-440b-a0bd-6c2ca0c89d89@carbon.super app: vOJ1PyTYOJKJlJCvyahU2z_G9C8a
TID: [-1234] [2025-07-10 13:08:23,532]  INFO {AUDIT_LOG} - Initiator=w**************r Action=Get-User-Claim-Values Target=a***n Data={"Claims":{},"Profile":"default"} Outcome=Success
TID: [-1234] [2025-07-10 13:08:23,532]  INFO {AUDIT_LOG} - Initiator=w**************r Action=Get-User-Claim-Values Target=a***n Data={"Claims":{},"Profile":"default"} Outcome=Success
TID: [-1234] [2025-07-10 13:08:23,532]  INFO {AUDIT_LOG} - Initiator=w**************r Action=Get-User-Claim-Values Target=a***n Data={"Claims":{},"Profile":"default"} Outcome=Success
TID: [] [2025-07-10 13:08:23,597]  INFO {AUDIT_LOG} - Initiator=w**************r Action=Get-User-Claim-Values Target=a***n Data={"Claims":{},"Profile":"default"} Outcome=Success
TID: [] [2025-07-10 13:08:23,598]  INFO {AUDIT_LOG} - Initiator=w**************r Action=Get-User-Claim-Values Target=a***n Data={"Claims":{},"Profile":"default"} Outcome=Success
TID: [] [2025-07-10 13:08:23,604]  INFO {AUDIT_LOG} - Initiator=w**************r Action=Get-User-Claim-Values Target=a***n Data={"Claims":{},"Profile":"default"} Outcome=Success
TID: [-1234] [2025-07-10 13:08:23,782]  INFO {AUDIT_LOG} - Initiator=w**************r Action=Get-User-List Target=null Data={"Claim Value":"a***n","Users":["a***n"],"Claim":"http://wso2.org/claims/username"} Outcome=Success
TID: [-1234] [2025-07-10 13:08:23,784]  INFO {AUDIT_LOG} - Initiator=w**************r Action=Get-User-Claim-Values Target=a***n Data={"Claims":{},"Profile":"default"} Outcome=Success
TID: [-1234] [2025-07-10 13:08:23,785]  INFO {AUDIT_LOG} - Initiator=w**************r Action=Get-User-Claim-Values Target=a***n Data={"Claims":{},"Profile":"default"} Outcome=Success
TID: [-1234] [2025-07-10 13:08:23,785]  INFO {AUDIT_LOG} - Initiator=w**************r Action=Get-User-Claim-Values Target=a***n Data={"Claims":{},"Profile":"default"} Outcome=Success
TID: [-1234] [2025-07-10 13:08:23,796]  INFO {AUDIT_LOG} - Initiator : 75777ff5-b74d-440b-a0bd-6c2ca0c89d89 | Action : PostTokenIssue | Target : PasswordGrantAuditLogger | Data : { "AuthenticatedUser" : "75777ff5-b74d-440b-a0bd-6c2ca0c89d89","AuthenticatedUserStoreDomain" : "PRIMARY","AuthenticatedUserTenantDomain" : "carbon.super","ServiceProvider" : "admin_ea90ae31-c3d2-4fb9-9f0c-8c7ddae64655_PRODUCTION","RequestType" : "oauth2","RelyingParty" : "vOJ1PyTYOJKJlJCvyahU2z_G9C8a" } | Result : Success 
TID: [-1234] [2025-07-10 13:08:23,806]  INFO {AUDIT_LOG} - Initiator=w**************r Action=Get-User-Claim-Values Target=a***n Data={"Claims":{},"Profile":"default"} Outcome=Success
TID: [-1234] [2025-07-10 13:08:23,806]  INFO {AUDIT_LOG} - Initiator=w**************r Action=Get-User-Claim-Values Target=a***n Data={"Claims":{},"Profile":"default"} Outcome=Success
TID: [-1234] [2025-07-10 13:08:23,806]  INFO {AUDIT_LOG} - Initiator=w**************r Action=Get-User-Claim-Values Target=a***n Data={"Claims":{},"Profile":"default"} Outcome=Success
TID: [-1234] [2025-07-10 13:08:23,807]  INFO {AUDIT_LOG} - GET /api/am/publisher/apis user: 75777ff5-b74d-440b-a0bd-6c2ca0c89d89@carbon.super app: vOJ1PyTYOJKJlJCvyahU2z_G9C8a
