TID: [] [] [2025-04-29 10:29:48,256]  INFO {org.wso2.carbon.identity.application.authentication.framework.store.SessionCleanUpService} - Session Data cleanup task is running successfully for removing expired Data
TID: [-1234] [api/am/publisher] [2025-04-29 10:49:24,116] ERROR {org.wso2.carbon.apimgt.rest.api.publisher.v1.impl.ApisApiServiceImpl} - Requested API with Id 'f818fb14-194b-4a2d-a195-d9acd72a92df' not found org.wso2.carbon.apimgt.api.APIManagementException: Failed to get API
	at org.wso2.carbon.apimgt.impl.APIProviderImpl.getAPIbyUUID_aroundBody426(APIProviderImpl.java:5574)
	at org.wso2.carbon.apimgt.impl.APIProviderImpl.getAPIbyUUID(APIProviderImpl.java:1)
	at org.wso2.carbon.apimgt.impl.UserAwareAPIProvider.getAPIbyUUID(UserAwareAPIProvider.java:1)
	at org.wso2.carbon.apimgt.rest.api.publisher.v1.impl.ApisApiServiceImpl.getAPIByID(ApisApiServiceImpl.java:4064)
	at org.wso2.carbon.apimgt.rest.api.publisher.v1.impl.ApisApiServiceImpl.getAPI(ApisApiServiceImpl.java:263)
	at org.wso2.carbon.apimgt.rest.api.publisher.v1.ApisApi.getAPI(ApisApi.java:783)
	at java.base/jdk.internal.reflect.DirectMethodHandleAccessor.invoke(DirectMethodHandleAccessor.java:103)
	at java.base/java.lang.reflect.Method.invoke(Method.java:580)
	at org.apache.cxf.service.invoker.AbstractInvoker.performInvocation(AbstractInvoker.java:179)
	at org.apache.cxf.service.invoker.AbstractInvoker.invoke(AbstractInvoker.java:96)
	at org.apache.cxf.jaxrs.JAXRSInvoker.invoke(JAXRSInvoker.java:201)
	at org.apache.cxf.jaxrs.JAXRSInvoker.invoke(JAXRSInvoker.java:104)
	at org.apache.cxf.interceptor.ServiceInvokerInterceptor$1.run(ServiceInvokerInterceptor.java:59)
	at org.apache.cxf.interceptor.ServiceInvokerInterceptor.handleMessage(ServiceInvokerInterceptor.java:96)
	at org.apache.cxf.phase.PhaseInterceptorChain.doIntercept(PhaseInterceptorChain.java:307)
	at org.apache.cxf.transport.ChainInitiationObserver.onMessage(ChainInitiationObserver.java:121)
	at org.apache.cxf.transport.http.AbstractHTTPDestination.invoke(AbstractHTTPDestination.java:265)
	at org.apache.cxf.transport.servlet.ServletController.invokeDestination(ServletController.java:234)
	at org.apache.cxf.transport.servlet.ServletController.invoke(ServletController.java:208)
	at org.apache.cxf.transport.servlet.ServletController.invoke(ServletController.java:160)
	at org.apache.cxf.transport.servlet.CXFNonSpringServlet.invoke(CXFNonSpringServlet.java:225)
	at org.apache.cxf.transport.servlet.AbstractHTTPServlet.handleRequest(AbstractHTTPServlet.java:304)
	at org.apache.cxf.transport.servlet.AbstractHTTPServlet.doGet(AbstractHTTPServlet.java:222)
	at javax.servlet.http.HttpServlet.service(HttpServlet.java:529)
	at org.apache.cxf.transport.servlet.AbstractHTTPServlet.service(AbstractHTTPServlet.java:279)
	at org.apache.catalina.core.ApplicationFilterChain.internalDoFilter(ApplicationFilterChain.java:199)
	at org.apache.catalina.core.ApplicationFilterChain.doFilter(ApplicationFilterChain.java:144)
	at org.apache.tomcat.websocket.server.WsFilter.doFilter(WsFilter.java:51)
	at org.apache.catalina.core.ApplicationFilterChain.internalDoFilter(ApplicationFilterChain.java:168)
	at org.apache.catalina.core.ApplicationFilterChain.doFilter(ApplicationFilterChain.java:144)
	at org.apache.catalina.core.StandardWrapperValve.invoke(StandardWrapperValve.java:168)
	at org.apache.catalina.core.StandardContextValve.invoke(StandardContextValve.java:90)
	at org.apache.catalina.authenticator.AuthenticatorBase.invoke(AuthenticatorBase.java:482)
	at org.apache.catalina.core.StandardHostValve.invoke(StandardHostValve.java:130)
	at org.apache.catalina.valves.ErrorReportValve.invoke(ErrorReportValve.java:93)
	at org.wso2.carbon.identity.context.rewrite.valve.TenantContextRewriteValve.invoke(TenantContextRewriteValve.java:119)
	at org.wso2.carbon.identity.context.rewrite.valve.OrganizationContextRewriteValve.invoke(OrganizationContextRewriteValve.java:115)
	at org.wso2.carbon.tomcat.ext.valves.SameSiteCookieValve.invoke(SameSiteCookieValve.java:38)
	at org.wso2.carbon.identity.authz.valve.AuthorizationValve.invoke(AuthorizationValve.java:167)
	at org.wso2.carbon.identity.auth.valve.AuthenticationValve.invoke(AuthenticationValve.java:118)
	at org.wso2.carbon.tomcat.ext.valves.CompositeValve.continueInvocation(CompositeValve.java:106)
	at org.wso2.carbon.tomcat.ext.valves.TomcatValveContainer.invokeValves(TomcatValveContainer.java:49)
	at org.wso2.carbon.tomcat.ext.valves.CompositeValve.invoke(CompositeValve.java:69)
	at org.wso2.carbon.tomcat.ext.valves.CarbonStuckThreadDetectionValve.invoke(CarbonStuckThreadDetectionValve.java:152)
	at org.apache.catalina.valves.AbstractAccessLogValve.invoke(AbstractAccessLogValve.java:660)
	at org.wso2.carbon.tomcat.ext.valves.CarbonContextCreatorValve.invoke(CarbonContextCreatorValve.java:63)
	at org.wso2.carbon.tomcat.ext.valves.RequestCorrelationIdValve.invoke(RequestCorrelationIdValve.java:137)
	at org.apache.catalina.core.StandardEngineValve.invoke(StandardEngineValve.java:74)
	at org.apache.catalina.connector.CoyoteAdapter.service(CoyoteAdapter.java:346)
	at org.apache.coyote.http11.Http11Processor.service(Http11Processor.java:383)
	at org.apache.coyote.AbstractProcessorLight.process(AbstractProcessorLight.java:63)
	at org.apache.coyote.AbstractProtocol$ConnectionHandler.process(AbstractProtocol.java:936)
	at org.apache.tomcat.util.net.NioEndpoint$SocketProcessor.doRun(NioEndpoint.java:1791)
	at org.apache.tomcat.util.net.SocketProcessorBase.run(SocketProcessorBase.java:52)
	at org.apache.tomcat.util.threads.ThreadPoolExecutor.runWorker(ThreadPoolExecutor.java:1190)
	at org.apache.tomcat.util.threads.ThreadPoolExecutor$Worker.run(ThreadPoolExecutor.java:659)
	at org.apache.tomcat.util.threads.TaskThread$WrappingRunnable.run(TaskThread.java:63)
	at java.base/java.lang.Thread.run(Thread.java:1583)
Caused by: org.wso2.carbon.apimgt.persistence.exceptions.APIPersistenceException: Failed to get API
	at org.wso2.carbon.apimgt.persistence.RegistryPersistenceImpl.getPublisherAPI(RegistryPersistenceImpl.java:853)
	at org.wso2.carbon.apimgt.impl.APIProviderImpl.getAPIbyUUID_aroundBody426(APIProviderImpl.java:5540)
	... 57 more
Caused by: org.wso2.carbon.apimgt.api.APIMgtResourceNotFoundException: Failed to get API. API artifact corresponding to artifactId f818fb14-194b-4a2d-a195-d9acd72a92df does not exist
	at org.wso2.carbon.apimgt.persistence.RegistryPersistenceImpl.getPublisherAPI(RegistryPersistenceImpl.java:846)
	... 58 more

TID: [] [] [2025-04-29 10:49:47,649]  INFO {org.wso2.carbon.databridge.core.DataBridge} - user admin connected
TID: [] [] [2025-04-29 10:49:47,820]  INFO {org.wso2.carbon.event.output.adapter.jms.internal.util.JMSConnectionFactory} - JMS ConnectionFactory : notificationJMSPublisher initialized
TID: [-1234] [internal/data/v1] [2025-04-29 10:49:53,969]  INFO {org.wso2.carbon.apimgt.impl.importexport.utils.CommonUtil} - Creation of folder is successful. Directory Name : PizzaShackAPI-1.0.0
TID: [-1234] [internal/data/v1] [2025-04-29 10:49:53,970]  INFO {org.wso2.carbon.apimgt.impl.importexport.utils.CommonUtil} - Creation of folder is successful. Directory Name : Definitions
TID: [] [] [2025-04-29 10:49:54,121]  INFO {org.wso2.carbon.mediation.dependency.mgt.DependencyTracker} - Local entry : 3e9c8bfa-e0d3-4922-984e-cd99bd95a7c8 was added to the Synapse configuration successfully
TID: [] [] [2025-04-29 10:49:54,123]  INFO {org.wso2.carbon.mediation.dependency.mgt.DependencyTracker} - Endpoint : PizzaShackAPI--v1.0.0_APIproductionEndpoint was added to the Synapse configuration successfully
TID: [] [] [2025-04-29 10:49:54,124]  INFO {org.wso2.carbon.mediation.dependency.mgt.DependencyTracker} - Endpoint : PizzaShackAPI--v1.0.0_APIsandboxEndpoint was added to the Synapse configuration successfully
TID: [] [] [2025-04-29 10:49:54,147]  INFO {org.apache.synapse.api.API} - {api:PizzaShackAPI:v1.0.0} Initializing API: PizzaShackAPI:v1.0.0
TID: [] [] [2025-04-29 10:49:54,149]  INFO {org.wso2.carbon.mediation.dependency.mgt.DependencyTracker} - API : PizzaShackAPI:v1.0.0 was added to the Synapse configuration successfully
TID: [] [] [2025-04-29 10:50:57,809]  WARN {org.apache.synapse.transport.passthru.SourceHandler} - I/O error: Received fatal alert: certificate_unknown
TID: [] [] [2025-04-29 10:50:57,899]  INFO {org.apache.synapse.core.axis2.TimeoutHandler} - This engine will expire all callbacks after GLOBAL_TIMEOUT: 120 seconds, irrespective of the timeout action, after the specified or optional timeout
TID: [] [] [2025-04-29 10:50:57,942]  INFO {org.wso2.carbon.databridge.core.DataBridge} - user admin connected
TID: [] [] [2025-04-29 10:53:24,856]  WARN {org.wso2.carbon.apimgt.gateway.handlers.security.APIAuthenticationHandler} - API authentication failure due to Missing Credentials for requestURI=/pizzashack/1.0.0/menu
TID: [] [] [2025-04-29 10:57:50,492]  WARN {org.apache.synapse.transport.passthru.SourceHandler} - I/O error: Received fatal alert: certificate_unknown
TID: [] [] [2025-04-29 11:22:03,088]  INFO {org.wso2.carbon.databridge.core.DataBridge} - user admin connected
TID: [] [] [2025-04-29 11:25:33,711]  INFO {org.wso2.carbon.databridge.core.DataBridge} - user admin connected
TID: [-1234] [internal/data/v1] [2025-04-29 11:25:38,146]  INFO {org.wso2.carbon.event.output.adapter.jms.internal.util.JMSConnectionFactory} - JMS ConnectionFactory : tokenRevocationJMSPublisher initialized
TID: [] [] [2025-04-29 11:28:21,892]  INFO {org.wso2.carbon.apimgt.keymgt.handlers.DefaultKeyValidationHandler} - org.wso2.carbon.apimgt.keymgt.handlers.DefaultKeyValidationHandler Initialised
TID: [] [] [2025-04-29 11:30:03,775]  WARN {org.apache.synapse.transport.passthru.SourceHandler} - I/O error: Received fatal alert: certificate_unknown
