2025-07-13T13:53:26,049 [-] [Start Level: Equinox Container: 634f6658-1198-4e2e-9e79-e8a04cd50480]  WARN {org.apache.tomcat.util.digester.Digester} Match [Server/Service/Engine/Host/Valve] failed to set property [maxDays] to []
2025-07-13T13:54:00,513 [-] [Framework Event Dispatcher: Equinox Container: 634f6658-1198-4e2e-9e79-e8a04cd50480]  WARN {org.apache.axis2.description.java2wsdl.DefaultSchemaGenerator} We don't support method overloading. Ignoring [addRemoteServerConfig]
2025-07-13T13:54:00,514 [-] [Framework Event Dispatcher: Equinox Container: 634f6658-1198-4e2e-9e79-e8a04cd50480]  WARN {org.apache.axis2.description.java2wsdl.DefaultSchemaGenerator} We don't support method overloading. Ignoring [resetRemoteServerConfig]
2025-07-13T13:54:01,586 [-] [Framework Event Dispatcher: Equinox Container: 634f6658-1198-4e2e-9e79-e8a04cd50480]  WARN {org.apache.axis2.description.java2wsdl.DefaultSchemaGenerator} We don't support method overloading. Ignoring [searchByAttribute]
2025-07-13T13:54:05,637 [-] [Framework Event Dispatcher: Equinox Container: 634f6658-1198-4e2e-9e79-e8a04cd50480]  WARN {org.wso2.carbon.identity.application.mgt.internal.ApplicationManagementServiceComponent} Templates directory not found at /home/wso2carbon/wso2am-4.5.0/repository/resources/identity/authntemplates
2025-07-13T13:54:06,222 [-] [Framework Event Dispatcher: Equinox Container: 634f6658-1198-4e2e-9e79-e8a04cd50480]  WARN {org.wso2.carbon.identity.auth.valve.internal.AuthenticationValveServiceComponent} File invalid_tenant_domain_response.html not found. The default content will be used as the error page content.
2025-07-13T13:54:06,337 [-] [Framework Event Dispatcher: Equinox Container: 634f6658-1198-4e2e-9e79-e8a04cd50480]  WARN {org.wso2.carbon.identity.auth.service.internal.AuthenticationServiceComponent} 

##################################  ALERT  ##################################
[WARNING]: Internal authentication is utilizing default credentials,
which may expose the environment to potential security risks.
If this is a production environment, change the credentials immediately.
Please refer to the WSO2 security advisory: https://security.docs.wso2.com/en/latest/security-announcements/security-advisories/2023/WSO2-2023-2617/
#############################################################################

2025-07-13T13:54:10,954 [-] [Framework Event Dispatcher: Equinox Container: 634f6658-1198-4e2e-9e79-e8a04cd50480]  WARN {org.wso2.carbon.identity.event.internal.IdentityEventServiceComponent} Properties for OrganizationCreationHandler is not configured. This event handler will not be activated
2025-07-13T13:54:11,013 [-] [Framework Event Dispatcher: Equinox Container: 634f6658-1198-4e2e-9e79-e8a04cd50480]  WARN {org.wso2.carbon.identity.application.authentication.framework.internal.FrameworkServiceComponent} Adaptive authentication is disabled.
2025-07-13T13:54:36,961 [-] [Framework Event Dispatcher: Equinox Container: 634f6658-1198-4e2e-9e79-e8a04cd50480]  WARN {org.apache.tomcat.util.net.SSLUtilBase} The trusted certificate with alias [cn_baltimore_cybertrust_root,ou_cybertrust,o_baltimore,c_ie [jdk]] and DN [CN=Baltimore CyberTrust Root, OU=CyberTrust, O=Baltimore, C=IE] is not valid due to [NotAfter: Mon May 12 23:59:00 UTC 2025]. Certificates signed by this trusted certificate WILL be accepted
2025-07-13T13:54:45,786 [-] [Thread-71]  WARN {org.wso2.carbon.apimgt.common.jms.JMSListener} Polling tasks on destination : throttleData of type topic for listener Siddhi-JMS-Consumer#throttleData have not yet started after 3 seconds ..
2025-07-13T13:54:45,795 [-] [Thread-75]  WARN {org.wso2.carbon.apimgt.common.jms.JMSListener} Polling tasks on destination : throttleData of type topic for listener Siddhi-JMS-Consumer#throttleData have not yet started after 3 seconds ..
2025-07-13T21:53:26,871 [-] [HTTPS-Listener I/O dispatcher-13]  WARN {org.apache.synapse.transport.passthru.SourceHandler} I/O error: Received fatal alert: certificate_unknown
2025-07-13T21:53:26,917 [-] [HTTPS-Listener I/O dispatcher-15]  WARN {org.apache.synapse.transport.http.access.AccessConfiguration} Error loading properties from file: access-log.properties
2025-07-13T21:53:26,921 [-] [HTTPS-Listener I/O dispatcher-15]  WARN {org.apache.synapse.commons.util.MiscellaneousUtil} Error loading properties from a file at from the System defined location: access-log.properties
2025-07-13T21:53:26,924 [-] [HTTPS-Listener I/O dispatcher-15]  WARN {org.apache.synapse.commons.util.MiscellaneousUtil} Error loading properties from a file at from the System defined location: access-log.properties
