2025-07-11T08:59:20,940 [-] [https-jsse-nio-9443-exec-15] ERROR {org.wso2.carbon.apimgt.rest.api.util.interceptors.PostAuthenticationInterceptor} Authentication failed: Bearer/Basic authentication header is missing
2025-07-11T08:59:20,941 [-] [https-jsse-nio-9443-exec-44] ERROR {org.wso2.carbon.apimgt.rest.api.util.interceptors.PostAuthenticationInterceptor} Authentication failed: Bearer/Basic authentication header is missing
2025-07-11T08:59:21,297 [-] [https-jsse-nio-9443-exec-9] ERROR {org.wso2.carbon.apimgt.rest.api.util.interceptors.PostAuthenticationInterceptor} Authentication failed: Bearer/Basic authentication header is missing
2025-07-11T08:59:28,688 [-] [https-jsse-nio-9443-exec-41]  WARN {org.wso2.carbon.identity.oidc.session.OIDCInboundSessionContextMgtListener} No session state found for the received Session ID : 729b650d-686c-4b1e-8e4b-69bdc7e4ee95
2025-07-11T09:00:52,567 [-] [HTTPS-Listener I/O dispatcher-14]  WARN {org.apache.synapse.transport.passthru.SourceHandler} I/O error: Received fatal alert: certificate_unknown
2025-07-11T09:03:08,421 [-] [HTTPS-Listener I/O dispatcher-16]  WARN {org.apache.synapse.transport.passthru.SourceHandler} I/O error: Received fatal alert: certificate_unknown
2025-07-11T10:17:40,866 [-] [https-jsse-nio-9443-exec-33] ERROR {org.apache.jsp.services.refresh.refresh_jsp} org.wso2.carbon.ui.filters.cache.ContentTypeBasedCachePreventionFilter$1@54306eee
2025-07-11T10:17:40,910 [-] [https-jsse-nio-9443-exec-4] ERROR {org.wso2.carbon.apimgt.rest.api.util.impl.OAuthOpaqueAuthenticatorImpl} Invalid OAuth Token : Invalid Access Token. ACTIVE access token is not found.
2025-07-11T10:17:40,910 [-] [https-jsse-nio-9443-exec-4] ERROR {org.wso2.carbon.apimgt.rest.api.util.impl.OAuthOpaqueAuthenticatorImpl} Provided access token is invalid
2025-07-11T10:19:55,684 [-] [https-jsse-nio-9443-exec-41] ERROR {org.wso2.carbon.apimgt.rest.api.publisher.v1.impl.ApisApiServiceImpl} Requested API with Id 'f818fb14-194b-4a2d-a195-d9acd72a92df' not found
org.wso2.carbon.apimgt.api.APIManagementException: Failed to get API
	at org.wso2.carbon.apimgt.impl.APIProviderImpl.getAPIbyUUID_aroundBody426(APIProviderImpl.java:5574) ~[org.wso2.carbon.apimgt.impl_9.31.86.jar:?]
	at org.wso2.carbon.apimgt.impl.APIProviderImpl.getAPIbyUUID(APIProviderImpl.java:1) ~[org.wso2.carbon.apimgt.impl_9.31.86.jar:?]
	at org.wso2.carbon.apimgt.impl.UserAwareAPIProvider.getAPIbyUUID(UserAwareAPIProvider.java:1) ~[org.wso2.carbon.apimgt.impl_9.31.86.jar:?]
	at org.wso2.carbon.apimgt.rest.api.publisher.v1.impl.ApisApiServiceImpl.getAPIByID(ApisApiServiceImpl.java:4064) ~[?:?]
	at org.wso2.carbon.apimgt.rest.api.publisher.v1.impl.ApisApiServiceImpl.getAPI(ApisApiServiceImpl.java:263) ~[?:?]
	at org.wso2.carbon.apimgt.rest.api.publisher.v1.ApisApi.getAPI(ApisApi.java:783) ~[?:?]
	at jdk.internal.reflect.DirectMethodHandleAccessor.invoke(DirectMethodHandleAccessor.java:103) ~[?:?]
	at java.lang.reflect.Method.invoke(Method.java:580) ~[?:?]
	at org.apache.cxf.service.invoker.AbstractInvoker.performInvocation(AbstractInvoker.java:179) ~[?:?]
	at org.apache.cxf.service.invoker.AbstractInvoker.invoke(AbstractInvoker.java:96) ~[?:?]
	at org.apache.cxf.jaxrs.JAXRSInvoker.invoke(JAXRSInvoker.java:201) ~[?:?]
	at org.apache.cxf.jaxrs.JAXRSInvoker.invoke(JAXRSInvoker.java:104) ~[?:?]
	at org.apache.cxf.interceptor.ServiceInvokerInterceptor$1.run(ServiceInvokerInterceptor.java:59) ~[?:?]
	at org.apache.cxf.interceptor.ServiceInvokerInterceptor.handleMessage(ServiceInvokerInterceptor.java:96) ~[?:?]
	at org.apache.cxf.phase.PhaseInterceptorChain.doIntercept(PhaseInterceptorChain.java:307) ~[?:?]
	at org.apache.cxf.transport.ChainInitiationObserver.onMessage(ChainInitiationObserver.java:121) ~[?:?]
	at org.apache.cxf.transport.http.AbstractHTTPDestination.invoke(AbstractHTTPDestination.java:265) ~[?:?]
	at org.apache.cxf.transport.servlet.ServletController.invokeDestination(ServletController.java:234) ~[?:?]
	at org.apache.cxf.transport.servlet.ServletController.invoke(ServletController.java:208) ~[?:?]
	at org.apache.cxf.transport.servlet.ServletController.invoke(ServletController.java:160) ~[?:?]
	at org.apache.cxf.transport.servlet.CXFNonSpringServlet.invoke(CXFNonSpringServlet.java:225) ~[?:?]
	at org.apache.cxf.transport.servlet.AbstractHTTPServlet.handleRequest(AbstractHTTPServlet.java:304) ~[?:?]
	at org.apache.cxf.transport.servlet.AbstractHTTPServlet.doGet(AbstractHTTPServlet.java:222) ~[?:?]
	at javax.servlet.http.HttpServlet.service(HttpServlet.java:529) ~[tomcat-servlet-api_9.0.94.wso2v1.jar:?]
	at org.apache.cxf.transport.servlet.AbstractHTTPServlet.service(AbstractHTTPServlet.java:279) ~[?:?]
	at org.apache.catalina.core.ApplicationFilterChain.internalDoFilter(ApplicationFilterChain.java:199) ~[tomcat_9.0.94.wso2v1.jar:?]
	at org.apache.catalina.core.ApplicationFilterChain.doFilter(ApplicationFilterChain.java:144) ~[tomcat_9.0.94.wso2v1.jar:?]
	at org.apache.tomcat.websocket.server.WsFilter.doFilter(WsFilter.java:51) ~[tomcat_9.0.94.wso2v1.jar:?]
	at org.apache.catalina.core.ApplicationFilterChain.internalDoFilter(ApplicationFilterChain.java:168) ~[tomcat_9.0.94.wso2v1.jar:?]
	at org.apache.catalina.core.ApplicationFilterChain.doFilter(ApplicationFilterChain.java:144) ~[tomcat_9.0.94.wso2v1.jar:?]
	at org.apache.catalina.core.StandardWrapperValve.invoke(StandardWrapperValve.java:168) ~[tomcat_9.0.94.wso2v1.jar:?]
	at org.apache.catalina.core.StandardContextValve.invoke(StandardContextValve.java:90) ~[tomcat_9.0.94.wso2v1.jar:?]
	at org.apache.catalina.authenticator.AuthenticatorBase.invoke(AuthenticatorBase.java:482) ~[tomcat_9.0.94.wso2v1.jar:?]
	at org.apache.catalina.core.StandardHostValve.invoke(StandardHostValve.java:130) ~[tomcat_9.0.94.wso2v1.jar:?]
	at org.apache.catalina.valves.ErrorReportValve.invoke(ErrorReportValve.java:93) ~[tomcat_9.0.94.wso2v1.jar:?]
	at org.wso2.carbon.identity.context.rewrite.valve.TenantContextRewriteValve.invoke(TenantContextRewriteValve.java:119) ~[org.wso2.carbon.identity.context.rewrite.valve_1.8.41.jar:?]
	at org.wso2.carbon.identity.context.rewrite.valve.OrganizationContextRewriteValve.invoke(OrganizationContextRewriteValve.java:115) ~[org.wso2.carbon.identity.context.rewrite.valve_1.8.41.jar:?]
	at org.wso2.carbon.tomcat.ext.valves.SameSiteCookieValve.invoke(SameSiteCookieValve.java:38) ~[org.wso2.carbon.tomcat.ext_4.9.28.jar:?]
	at org.wso2.carbon.identity.authz.valve.AuthorizationValve.invoke(AuthorizationValve.java:167) ~[org.wso2.carbon.identity.authz.valve_1.8.41.jar:?]
	at org.wso2.carbon.identity.auth.valve.AuthenticationValve.invoke(AuthenticationValve.java:118) ~[org.wso2.carbon.identity.auth.valve_1.8.41.jar:?]
	at org.wso2.carbon.tomcat.ext.valves.CompositeValve.continueInvocation(CompositeValve.java:106) ~[org.wso2.carbon.tomcat.ext_4.9.28.jar:?]
	at org.wso2.carbon.tomcat.ext.valves.TomcatValveContainer.invokeValves(TomcatValveContainer.java:49) ~[org.wso2.carbon.tomcat.ext_4.9.28.jar:?]
	at org.wso2.carbon.tomcat.ext.valves.CompositeValve.invoke(CompositeValve.java:69) ~[org.wso2.carbon.tomcat.ext_4.9.28.jar:?]
	at org.wso2.carbon.tomcat.ext.valves.CarbonStuckThreadDetectionValve.invoke(CarbonStuckThreadDetectionValve.java:152) ~[org.wso2.carbon.tomcat.ext_4.9.28.jar:?]
	at org.apache.catalina.valves.AbstractAccessLogValve.invoke(AbstractAccessLogValve.java:660) ~[tomcat_9.0.94.wso2v1.jar:?]
	at org.wso2.carbon.tomcat.ext.valves.CarbonContextCreatorValve.invoke(CarbonContextCreatorValve.java:63) ~[org.wso2.carbon.tomcat.ext_4.9.28.jar:?]
	at org.wso2.carbon.tomcat.ext.valves.RequestCorrelationIdValve.invoke(RequestCorrelationIdValve.java:137) ~[org.wso2.carbon.tomcat.ext_4.9.28.jar:?]
	at org.apache.catalina.core.StandardEngineValve.invoke(StandardEngineValve.java:74) ~[tomcat_9.0.94.wso2v1.jar:?]
	at org.apache.catalina.connector.CoyoteAdapter.service(CoyoteAdapter.java:346) ~[tomcat_9.0.94.wso2v1.jar:?]
	at org.apache.coyote.http11.Http11Processor.service(Http11Processor.java:383) ~[tomcat_9.0.94.wso2v1.jar:?]
	at org.apache.coyote.AbstractProcessorLight.process(AbstractProcessorLight.java:63) ~[tomcat_9.0.94.wso2v1.jar:?]
	at org.apache.coyote.AbstractProtocol$ConnectionHandler.process(AbstractProtocol.java:936) ~[tomcat_9.0.94.wso2v1.jar:?]
	at org.apache.tomcat.util.net.NioEndpoint$SocketProcessor.doRun(NioEndpoint.java:1791) ~[tomcat_9.0.94.wso2v1.jar:?]
	at org.apache.tomcat.util.net.SocketProcessorBase.run(SocketProcessorBase.java:52) ~[tomcat_9.0.94.wso2v1.jar:?]
	at org.apache.tomcat.util.threads.ThreadPoolExecutor.runWorker(ThreadPoolExecutor.java:1190) ~[tomcat_9.0.94.wso2v1.jar:?]
	at org.apache.tomcat.util.threads.ThreadPoolExecutor$Worker.run(ThreadPoolExecutor.java:659) ~[tomcat_9.0.94.wso2v1.jar:?]
	at org.apache.tomcat.util.threads.TaskThread$WrappingRunnable.run(TaskThread.java:63) ~[tomcat_9.0.94.wso2v1.jar:?]
	at java.lang.Thread.run(Thread.java:1583) ~[?:?]
Caused by: org.wso2.carbon.apimgt.persistence.exceptions.APIPersistenceException: Failed to get API
	at org.wso2.carbon.apimgt.persistence.RegistryPersistenceImpl.getPublisherAPI(RegistryPersistenceImpl.java:853) ~[org.wso2.carbon.apimgt.persistence_9.31.86.jar:?]
	at org.wso2.carbon.apimgt.impl.APIProviderImpl.getAPIbyUUID_aroundBody426(APIProviderImpl.java:5540) ~[org.wso2.carbon.apimgt.impl_9.31.86.jar:?]
	... 57 more
Caused by: org.wso2.carbon.apimgt.api.APIMgtResourceNotFoundException: Failed to get API. API artifact corresponding to artifactId f818fb14-194b-4a2d-a195-d9acd72a92df does not exist
	at org.wso2.carbon.apimgt.persistence.RegistryPersistenceImpl.getPublisherAPI(RegistryPersistenceImpl.java:846) ~[org.wso2.carbon.apimgt.persistence_9.31.86.jar:?]
	at org.wso2.carbon.apimgt.impl.APIProviderImpl.getAPIbyUUID_aroundBody426(APIProviderImpl.java:5540) ~[org.wso2.carbon.apimgt.impl_9.31.86.jar:?]
	... 57 more
