TID: [] [] [2025-07-15 08:44:33,705]  WARN {org.apache.synapse.transport.passthru.SourceHandler} - I/O error: Received fatal alert: certificate_unknown
TID: [] [] [2025-07-15 08:44:34,049]  WARN {org.wso2.carbon.apimgt.gateway.handlers.security.APIAuthenticationHandler} - API authentication failure due to Invalid Credentials for requestURI=/test/1.0.0
TID: [] [] [2025-07-15 08:45:06,437] ERROR {org.wso2.carbon.apimgt.gateway.handlers.security.jwt.JWTValidator} - Invalid JWT token. XXXXX":"RS256"}
TID: [] [] [2025-07-15 08:45:06,437]  WARN {org.wso2.carbon.apimgt.gateway.handlers.security.APIAuthenticationHandler} - API authentication failure due to Invalid Credentials for requestURI=/test/1.0.0
TID: [-1234] [devportal] [2025-07-15 08:45:12,755] ERROR {org.apache.jsp.services.refresh.refresh_jsp} - org.wso2.carbon.ui.filters.cache.ContentTypeBasedCachePreventionFilter$1@43bf63b1
TID: [-1234] [api/am/devportal] [2025-07-15 08:45:12,827] ERROR {org.wso2.carbon.apimgt.rest.api.util.impl.OAuthOpaqueAuthenticatorImpl} - Invalid OAuth Token : Invalid Access Token. ACTIVE access token is not found.
TID: [-1234] [api/am/devportal] [2025-07-15 08:45:12,827] ERROR {org.wso2.carbon.apimgt.rest.api.util.impl.OAuthOpaqueAuthenticatorImpl} - Provided access token is invalid
TID: [] [] [2025-07-15 08:50:43,833]  WARN {org.apache.synapse.transport.passthru.SourceHandler} - I/O error: Received fatal alert: certificate_unknown
TID: [] [] [2025-07-15 08:50:44,032]  INFO {org.wso2.carbon.databridge.core.DataBridge} - user admin connected
TID: [] [] [2025-07-15 08:55:11,425]  WARN {org.wso2.carbon.apimgt.gateway.handlers.security.APIAuthenticationHandler} - API authentication failure due to Missing Credentials for requestURI=/test/1.0.0
TID: [-1234] [] [2025-07-15 09:05:26,311]  INFO {org.wso2.carbon.core.services.util.CarbonAuthenticationUtil} - 'admin@carbon.super [-1234]' logged in at [2025-07-15 09:05:26,310+0000]
TID: [] [] [2025-07-15 09:09:26,453]  INFO {org.wso2.carbon.databridge.core.DataBridge} - user admin connected
TID: [-1234] [api/am/devportal] [2025-07-15 09:09:40,842]  WARN {org.wso2.carbon.apimgt.impl.utils.APIUtil} - The configurations related to Api Key Generator Impl class in APIStore is missing in api-manager.xml. Hence returning the default value.
TID: [-1234] [api/am/devportal] [2025-07-15 09:09:40,880]  WARN {org.wso2.carbon.apimgt.impl.utils.APIUtil} - The configurations related to APIKey sign keystore in APIStore is missing in api-manager.xml. Hence returning the default value.
TID: [-1234] [api/am/devportal] [2025-07-15 09:09:40,896]  WARN {org.wso2.carbon.apimgt.impl.utils.APIUtil} - The configurations related to APIKey sign keystore in APIStore is missing in api-manager.xml. Hence returning the default value.
TID: [] [] [2025-07-15 09:10:38,106]  WARN {org.apache.synapse.transport.passthru.SourceHandler} - I/O error: Received fatal alert: certificate_unknown
TID: [] [] [2025-07-15 09:10:38,193]  WARN {org.wso2.carbon.apimgt.gateway.handlers.security.APIAuthenticationHandler} - API authentication failure due to Invalid Credentials for requestURI=/test/1.0.0
TID: [] [] [2025-07-15 09:12:03,263]  WARN {org.wso2.carbon.apimgt.gateway.handlers.security.APIAuthenticationHandler} - API authentication failure due to Invalid Credentials for requestURI=/test/1.0.0
TID: [] [] [2025-07-15 09:12:07,842]  WARN {org.wso2.carbon.apimgt.gateway.handlers.security.APIAuthenticationHandler} - API authentication failure due to Invalid Credentials for requestURI=/test/1.0.0
TID: [-1234] [] [2025-07-15 09:15:50,757]  INFO {org.wso2.carbon.core.services.authentication.AuthenticationAdmin} - 'admin@carbon.super [-1234]' logged out at [2025-07-15 09:15:50,0756]
TID: [-1234] [] [2025-07-15 09:15:56,384]  INFO {org.wso2.carbon.core.services.util.CarbonAuthenticationUtil} - 'admin@carbon.super [-1234]' logged in at [2025-07-15 09:15:56,384+0000]
TID: [] [] [2025-07-15 09:26:31,746]  INFO {org.wso2.carbon.event.output.adapter.jms.internal.util.JMSConnectionFactory} - JMS ConnectionFactory : cacheInvalidationJMSPublisher initialized
TID: [] [] [2025-07-15 09:39:52,426]  INFO {org.wso2.carbon.databridge.core.DataBridge} - user admin connected
TID: [] [] [2025-07-15 09:40:41,781]  WARN {org.apache.synapse.transport.passthru.SourceHandler} - I/O error: Received fatal alert: certificate_unknown
TID: [] [] [2025-07-15 09:40:41,909]  INFO {org.wso2.carbon.databridge.core.DataBridge} - user admin connected
TID: [] [] [2025-07-15 09:42:31,015]  WARN {org.apache.synapse.transport.passthru.SourceHandler} - I/O error: Received fatal alert: certificate_unknown
TID: [-1234] [devportal] [2025-07-15 09:57:09,777] ERROR {org.apache.jsp.services.refresh.refresh_jsp} - org.wso2.carbon.ui.filters.cache.ContentTypeBasedCachePreventionFilter$1@4ca03091
TID: [-1234] [devportal] [2025-07-15 09:57:09,842] ERROR {org.apache.jsp.services.refresh.refresh_jsp} - org.wso2.carbon.ui.filters.cache.ContentTypeBasedCachePreventionFilter$1@4a131d09
TID: [-1234] [api/am/devportal] [2025-07-15 09:57:09,869] ERROR {org.wso2.carbon.apimgt.rest.api.util.impl.OAuthOpaqueAuthenticatorImpl} - Invalid OAuth Token : Invalid Access Token. ACTIVE access token is not found.
TID: [-1234] [api/am/devportal] [2025-07-15 09:57:09,869] ERROR {org.wso2.carbon.apimgt.rest.api.util.impl.OAuthOpaqueAuthenticatorImpl} - Provided access token is invalid
TID: [-1234] [api/am/devportal] [2025-07-15 09:57:09,915] ERROR {org.wso2.carbon.apimgt.rest.api.util.impl.OAuthOpaqueAuthenticatorImpl} - Provided access token is invalid
TID: [-1234] [devportal] [2025-07-15 09:57:09,943] ERROR {org.apache.jsp.services.refresh.refresh_jsp} - org.wso2.carbon.ui.filters.cache.ContentTypeBasedCachePreventionFilter$1@6f4f21bc
TID: [] [] [2025-07-15 09:58:34,287]  WARN {org.apache.synapse.transport.passthru.SourceHandler} - I/O error: Received fatal alert: certificate_unknown
TID: [] [] [2025-07-15 09:59:29,871]  WARN {org.apache.synapse.transport.passthru.SourceHandler} - I/O error: Received fatal alert: certificate_unknown
TID: [] [] [2025-07-15 09:59:40,754]  WARN {org.apache.synapse.transport.passthru.SourceHandler} - I/O error: Received fatal alert: certificate_unknown
TID: [] [] [2025-07-15 10:03:53,279]  WARN {org.apache.synapse.transport.passthru.SourceHandler} - I/O error: Received fatal alert: certificate_unknown
TID: [] [] [2025-07-15 10:20:04,953]  WARN {org.apache.synapse.transport.passthru.SourceHandler} - I/O error: Received fatal alert: certificate_unknown
TID: [] [] [2025-07-15 10:20:05,072]  INFO {org.wso2.carbon.databridge.core.DataBridge} - user admin connected
TID: [] [] [2025-07-15 10:20:45,741]  WARN {org.apache.synapse.transport.passthru.SourceHandler} - I/O error: Received fatal alert: certificate_unknown
TID: [] [] [2025-07-15 10:20:45,809]  WARN {org.wso2.carbon.apimgt.gateway.handlers.security.APIAuthenticationHandler} - API authentication failure due to Invalid Credentials for requestURI=/test/1.0.0
TID: [] [] [2025-07-15 10:20:46,617]  WARN {org.wso2.carbon.apimgt.gateway.handlers.security.APIAuthenticationHandler} - API authentication failure due to Invalid Credentials for requestURI=/test/1.0.0
TID: [] [] [2025-07-15 10:22:47,743]  WARN {org.apache.synapse.transport.passthru.SourceHandler} - I/O error: Received fatal alert: certificate_unknown
TID: [] [] [2025-07-15 10:22:52,959]  WARN {org.apache.synapse.transport.passthru.SourceHandler} - I/O error: Received fatal alert: certificate_unknown
TID: [] [] [2025-07-15 10:23:21,354]  WARN {org.apache.synapse.transport.passthru.SourceHandler} - I/O error: Received fatal alert: certificate_unknown
TID: [] [] [2025-07-15 10:25:44,287]  WARN {org.apache.synapse.transport.passthru.SourceHandler} - I/O error: Received fatal alert: certificate_unknown
TID: [] [] [2025-07-15 10:27:20,227]  WARN {org.apache.synapse.transport.passthru.SourceHandler} - I/O error: Received fatal alert: certificate_unknown
TID: [] [] [2025-07-15 10:34:17,176]  WARN {org.apache.synapse.transport.passthru.SourceHandler} - I/O error: Received fatal alert: certificate_unknown
TID: [] [] [2025-07-15 10:51:02,913]  WARN {org.apache.synapse.transport.passthru.SourceHandler} - I/O error: Received fatal alert: certificate_unknown
TID: [] [] [2025-07-15 10:51:03,081]  INFO {org.wso2.carbon.databridge.core.DataBridge} - user admin connected
TID: [] [] [2025-07-15 10:53:55,417]  WARN {org.apache.synapse.transport.passthru.SourceHandler} - I/O error: Received fatal alert: certificate_unknown
TID: [-1234] [devportal] [2025-07-15 11:51:19,391] ERROR {org.apache.jsp.services.refresh.refresh_jsp} - org.wso2.carbon.ui.filters.cache.ContentTypeBasedCachePreventionFilter$1@2a167d95
TID: [-1234] [api/am/devportal] [2025-07-15 11:51:19,416] ERROR {org.wso2.carbon.apimgt.rest.api.util.impl.OAuthOpaqueAuthenticatorImpl} - Invalid OAuth Token : Invalid Access Token. ACTIVE access token is not found.
TID: [-1234] [api/am/devportal] [2025-07-15 11:51:19,416] ERROR {org.wso2.carbon.apimgt.rest.api.util.impl.OAuthOpaqueAuthenticatorImpl} - Provided access token is invalid
TID: [] [] [2025-07-15 11:51:51,663]  WARN {org.apache.synapse.transport.passthru.SourceHandler} - I/O error: Received fatal alert: certificate_unknown
TID: [] [] [2025-07-15 11:51:51,811]  INFO {org.wso2.carbon.databridge.core.DataBridge} - user admin connected
TID: [] [] [2025-07-15 11:51:57,676]  WARN {org.apache.synapse.transport.passthru.SourceHandler} - I/O error: Received fatal alert: certificate_unknown
TID: [] [] [2025-07-15 11:52:01,204]  WARN {org.apache.synapse.transport.passthru.SourceHandler} - I/O error: Received fatal alert: certificate_unknown
TID: [-1234] [devportal] [2025-07-15 19:13:52,410] ERROR {org.apache.jsp.services.refresh.refresh_jsp} - org.wso2.carbon.ui.filters.cache.ContentTypeBasedCachePreventionFilter$1@532edc5b
TID: [-1234] [api/am/devportal] [2025-07-15 19:13:52,426] ERROR {org.wso2.carbon.apimgt.rest.api.util.impl.OAuthOpaqueAuthenticatorImpl} - Invalid OAuth Token : Invalid Access Token. ACTIVE access token is not found.
TID: [-1234] [api/am/devportal] [2025-07-15 19:13:52,426] ERROR {org.wso2.carbon.apimgt.rest.api.util.impl.OAuthOpaqueAuthenticatorImpl} - Provided access token is invalid
TID: [] [] [2025-07-15 19:15:09,190]  WARN {org.apache.synapse.transport.passthru.SourceHandler} - I/O error: Received fatal alert: certificate_unknown
TID: [] [] [2025-07-15 19:15:09,331]  INFO {org.wso2.carbon.databridge.core.DataBridge} - user admin connected
TID: [] [] [2025-07-15 19:22:46,463]  WARN {org.apache.synapse.transport.passthru.SourceHandler} - I/O error: Received fatal alert: certificate_unknown
TID: [] [] [2025-07-15 20:09:02,348]  WARN {org.apache.synapse.transport.passthru.SourceHandler} - I/O error: Received fatal alert: certificate_unknown
TID: [] [] [2025-07-15 20:09:02,503]  INFO {org.wso2.carbon.databridge.core.DataBridge} - user admin connected
TID: [] [] [2025-07-15 20:26:09,995]  WARN {org.apache.synapse.transport.passthru.SourceHandler} - I/O error: Received fatal alert: certificate_unknown
TID: [-1234] [devportal] [2025-07-15 22:51:16,120] ERROR {org.apache.jsp.services.refresh.refresh_jsp} - org.wso2.carbon.ui.filters.cache.ContentTypeBasedCachePreventionFilter$1@78c15c08
TID: [-1234] [api/am/devportal] [2025-07-15 22:51:16,153] ERROR {org.wso2.carbon.apimgt.rest.api.util.impl.OAuthOpaqueAuthenticatorImpl} - Invalid OAuth Token : Invalid Access Token. ACTIVE access token is not found.
TID: [-1234] [api/am/devportal] [2025-07-15 22:51:16,153] ERROR {org.wso2.carbon.apimgt.rest.api.util.impl.OAuthOpaqueAuthenticatorImpl} - Provided access token is invalid
TID: [] [] [2025-07-15 22:51:38,043]  WARN {org.apache.synapse.transport.passthru.SourceHandler} - I/O error: Received fatal alert: certificate_unknown
TID: [] [] [2025-07-15 22:51:38,195]  INFO {org.wso2.carbon.databridge.core.DataBridge} - user admin connected
TID: [] [] [2025-07-15 22:57:09,345]  WARN {org.apache.synapse.transport.passthru.SourceHandler} - I/O error: Received fatal alert: certificate_unknown
TID: [] [] [2025-07-15 23:18:28,323]  WARN {org.apache.synapse.transport.passthru.SourceHandler} - I/O error: Received fatal alert: certificate_unknown
TID: [] [] [2025-07-15 23:24:36,034]  INFO {org.wso2.carbon.identity.application.authentication.framework.store.SessionCleanUpService} - Session Data cleanup task is running successfully for removing expired Data
