2025-07-15T08:44:33,705 [-] [HTTPS-Listener I/O dispatcher-20]  WARN {org.apache.synapse.transport.passthru.SourceHandler} I/O error: Received fatal alert: certificate_unknown
2025-07-15T08:44:34,049 [-] [PassThroughMessageProcessor-74]  WARN {org.wso2.carbon.apimgt.gateway.handlers.security.APIAuthenticationHandler} API authentication failure due to Invalid Credentials for requestURI=/test/1.0.0
2025-07-15T08:45:06,437 [-] [PassThroughMessageProcessor-76] ERROR {org.wso2.carbon.apimgt.gateway.handlers.security.jwt.JWTValidator} Invalid JWT token. XXXXX":"RS256"}
2025-07-15T08:45:06,437 [-] [PassThroughMessageProcessor-76]  WARN {org.wso2.carbon.apimgt.gateway.handlers.security.APIAuthenticationHandler} API authentication failure due to Invalid Credentials for requestURI=/test/1.0.0
2025-07-15T08:45:12,755 [-] [https-jsse-nio-9443-exec-38] ERROR {org.apache.jsp.services.refresh.refresh_jsp} org.wso2.carbon.ui.filters.cache.ContentTypeBasedCachePreventionFilter$1@43bf63b1
2025-07-15T08:45:12,827 [-] [https-jsse-nio-9443-exec-37] ERROR {org.wso2.carbon.apimgt.rest.api.util.impl.OAuthOpaqueAuthenticatorImpl} Invalid OAuth Token : Invalid Access Token. ACTIVE access token is not found.
2025-07-15T08:45:12,827 [-] [https-jsse-nio-9443-exec-37] ERROR {org.wso2.carbon.apimgt.rest.api.util.impl.OAuthOpaqueAuthenticatorImpl} Provided access token is invalid
2025-07-15T08:50:43,833 [-] [HTTPS-Listener I/O dispatcher-22]  WARN {org.apache.synapse.transport.passthru.SourceHandler} I/O error: Received fatal alert: certificate_unknown
2025-07-15T08:55:11,425 [-] [PassThroughMessageProcessor-87]  WARN {org.wso2.carbon.apimgt.gateway.handlers.security.APIAuthenticationHandler} API authentication failure due to Missing Credentials for requestURI=/test/1.0.0
2025-07-15T09:09:40,842 [-] [https-jsse-nio-9443-exec-2]  WARN {org.wso2.carbon.apimgt.impl.utils.APIUtil} The configurations related to Api Key Generator Impl class in APIStore is missing in api-manager.xml. Hence returning the default value.
2025-07-15T09:09:40,880 [-] [https-jsse-nio-9443-exec-2]  WARN {org.wso2.carbon.apimgt.impl.utils.APIUtil} The configurations related to APIKey sign keystore in APIStore is missing in api-manager.xml. Hence returning the default value.
2025-07-15T09:09:40,896 [-] [https-jsse-nio-9443-exec-2]  WARN {org.wso2.carbon.apimgt.impl.utils.APIUtil} The configurations related to APIKey sign keystore in APIStore is missing in api-manager.xml. Hence returning the default value.
2025-07-15T09:10:38,106 [-] [HTTPS-Listener I/O dispatcher-24]  WARN {org.apache.synapse.transport.passthru.SourceHandler} I/O error: Received fatal alert: certificate_unknown
2025-07-15T09:10:38,193 [-] [PassThroughMessageProcessor-89]  WARN {org.wso2.carbon.apimgt.gateway.handlers.security.APIAuthenticationHandler} API authentication failure due to Invalid Credentials for requestURI=/test/1.0.0
2025-07-15T09:12:03,263 [-] [PassThroughMessageProcessor-91]  WARN {org.wso2.carbon.apimgt.gateway.handlers.security.APIAuthenticationHandler} API authentication failure due to Invalid Credentials for requestURI=/test/1.0.0
2025-07-15T09:12:07,842 [-] [PassThroughMessageProcessor-92]  WARN {org.wso2.carbon.apimgt.gateway.handlers.security.APIAuthenticationHandler} API authentication failure due to Invalid Credentials for requestURI=/test/1.0.0
2025-07-15T09:40:41,781 [-] [HTTPS-Listener I/O dispatcher-14]  WARN {org.apache.synapse.transport.passthru.SourceHandler} I/O error: Received fatal alert: certificate_unknown
2025-07-15T09:42:31,015 [-] [HTTPS-Listener I/O dispatcher-16]  WARN {org.apache.synapse.transport.passthru.SourceHandler} I/O error: Received fatal alert: certificate_unknown
2025-07-15T09:57:09,777 [-] [https-jsse-nio-9443-exec-1] ERROR {org.apache.jsp.services.refresh.refresh_jsp} org.wso2.carbon.ui.filters.cache.ContentTypeBasedCachePreventionFilter$1@4ca03091
2025-07-15T09:57:09,842 [-] [https-jsse-nio-9443-exec-31] ERROR {org.apache.jsp.services.refresh.refresh_jsp} org.wso2.carbon.ui.filters.cache.ContentTypeBasedCachePreventionFilter$1@4a131d09
2025-07-15T09:57:09,869 [-] [https-jsse-nio-9443-exec-42] ERROR {org.wso2.carbon.apimgt.rest.api.util.impl.OAuthOpaqueAuthenticatorImpl} Invalid OAuth Token : Invalid Access Token. ACTIVE access token is not found.
2025-07-15T09:57:09,869 [-] [https-jsse-nio-9443-exec-42] ERROR {org.wso2.carbon.apimgt.rest.api.util.impl.OAuthOpaqueAuthenticatorImpl} Provided access token is invalid
2025-07-15T09:57:09,915 [-] [https-jsse-nio-9443-exec-20] ERROR {org.wso2.carbon.apimgt.rest.api.util.impl.OAuthOpaqueAuthenticatorImpl} Provided access token is invalid
2025-07-15T09:57:09,943 [-] [https-jsse-nio-9443-exec-38] ERROR {org.apache.jsp.services.refresh.refresh_jsp} org.wso2.carbon.ui.filters.cache.ContentTypeBasedCachePreventionFilter$1@6f4f21bc
2025-07-15T09:58:34,287 [-] [HTTPS-Listener I/O dispatcher-18]  WARN {org.apache.synapse.transport.passthru.SourceHandler} I/O error: Received fatal alert: certificate_unknown
2025-07-15T09:59:29,871 [-] [HTTPS-Listener I/O dispatcher-20]  WARN {org.apache.synapse.transport.passthru.SourceHandler} I/O error: Received fatal alert: certificate_unknown
2025-07-15T09:59:40,754 [-] [HTTPS-Listener I/O dispatcher-22]  WARN {org.apache.synapse.transport.passthru.SourceHandler} I/O error: Received fatal alert: certificate_unknown
2025-07-15T10:03:53,279 [-] [HTTPS-Listener I/O dispatcher-24]  WARN {org.apache.synapse.transport.passthru.SourceHandler} I/O error: Received fatal alert: certificate_unknown
2025-07-15T10:20:04,953 [-] [HTTPS-Listener I/O dispatcher-14]  WARN {org.apache.synapse.transport.passthru.SourceHandler} I/O error: Received fatal alert: certificate_unknown
2025-07-15T10:20:45,741 [-] [HTTPS-Listener I/O dispatcher-16]  WARN {org.apache.synapse.transport.passthru.SourceHandler} I/O error: Received fatal alert: certificate_unknown
2025-07-15T10:20:45,809 [-] [PassThroughMessageProcessor-130]  WARN {org.wso2.carbon.apimgt.gateway.handlers.security.APIAuthenticationHandler} API authentication failure due to Invalid Credentials for requestURI=/test/1.0.0
2025-07-15T10:20:46,617 [-] [PassThroughMessageProcessor-131]  WARN {org.wso2.carbon.apimgt.gateway.handlers.security.APIAuthenticationHandler} API authentication failure due to Invalid Credentials for requestURI=/test/1.0.0
2025-07-15T10:22:47,743 [-] [HTTPS-Listener I/O dispatcher-18]  WARN {org.apache.synapse.transport.passthru.SourceHandler} I/O error: Received fatal alert: certificate_unknown
2025-07-15T10:22:52,959 [-] [HTTPS-Listener I/O dispatcher-20]  WARN {org.apache.synapse.transport.passthru.SourceHandler} I/O error: Received fatal alert: certificate_unknown
2025-07-15T10:23:21,354 [-] [HTTPS-Listener I/O dispatcher-22]  WARN {org.apache.synapse.transport.passthru.SourceHandler} I/O error: Received fatal alert: certificate_unknown
2025-07-15T10:25:44,287 [-] [HTTPS-Listener I/O dispatcher-24]  WARN {org.apache.synapse.transport.passthru.SourceHandler} I/O error: Received fatal alert: certificate_unknown
2025-07-15T10:27:20,227 [-] [HTTPS-Listener I/O dispatcher-14]  WARN {org.apache.synapse.transport.passthru.SourceHandler} I/O error: Received fatal alert: certificate_unknown
2025-07-15T10:34:17,176 [-] [HTTPS-Listener I/O dispatcher-16]  WARN {org.apache.synapse.transport.passthru.SourceHandler} I/O error: Received fatal alert: certificate_unknown
2025-07-15T10:51:02,913 [-] [HTTPS-Listener I/O dispatcher-18]  WARN {org.apache.synapse.transport.passthru.SourceHandler} I/O error: Received fatal alert: certificate_unknown
2025-07-15T10:53:55,417 [-] [HTTPS-Listener I/O dispatcher-20]  WARN {org.apache.synapse.transport.passthru.SourceHandler} I/O error: Received fatal alert: certificate_unknown
2025-07-15T11:51:19,391 [-] [https-jsse-nio-9443-exec-2] ERROR {org.apache.jsp.services.refresh.refresh_jsp} org.wso2.carbon.ui.filters.cache.ContentTypeBasedCachePreventionFilter$1@2a167d95
2025-07-15T11:51:19,416 [-] [https-jsse-nio-9443-exec-23] ERROR {org.wso2.carbon.apimgt.rest.api.util.impl.OAuthOpaqueAuthenticatorImpl} Invalid OAuth Token : Invalid Access Token. ACTIVE access token is not found.
2025-07-15T11:51:19,416 [-] [https-jsse-nio-9443-exec-23] ERROR {org.wso2.carbon.apimgt.rest.api.util.impl.OAuthOpaqueAuthenticatorImpl} Provided access token is invalid
2025-07-15T11:51:51,663 [-] [HTTPS-Listener I/O dispatcher-22]  WARN {org.apache.synapse.transport.passthru.SourceHandler} I/O error: Received fatal alert: certificate_unknown
2025-07-15T11:51:57,676 [-] [HTTPS-Listener I/O dispatcher-24]  WARN {org.apache.synapse.transport.passthru.SourceHandler} I/O error: Received fatal alert: certificate_unknown
2025-07-15T11:52:01,204 [-] [HTTPS-Listener I/O dispatcher-14]  WARN {org.apache.synapse.transport.passthru.SourceHandler} I/O error: Received fatal alert: certificate_unknown
2025-07-15T19:13:52,410 [-] [https-jsse-nio-9443-exec-41] ERROR {org.apache.jsp.services.refresh.refresh_jsp} org.wso2.carbon.ui.filters.cache.ContentTypeBasedCachePreventionFilter$1@532edc5b
2025-07-15T19:13:52,426 [-] [https-jsse-nio-9443-exec-32] ERROR {org.wso2.carbon.apimgt.rest.api.util.impl.OAuthOpaqueAuthenticatorImpl} Invalid OAuth Token : Invalid Access Token. ACTIVE access token is not found.
2025-07-15T19:13:52,426 [-] [https-jsse-nio-9443-exec-32] ERROR {org.wso2.carbon.apimgt.rest.api.util.impl.OAuthOpaqueAuthenticatorImpl} Provided access token is invalid
2025-07-15T19:15:09,190 [-] [HTTPS-Listener I/O dispatcher-16]  WARN {org.apache.synapse.transport.passthru.SourceHandler} I/O error: Received fatal alert: certificate_unknown
2025-07-15T19:22:46,463 [-] [HTTPS-Listener I/O dispatcher-18]  WARN {org.apache.synapse.transport.passthru.SourceHandler} I/O error: Received fatal alert: certificate_unknown
2025-07-15T20:09:02,348 [-] [HTTPS-Listener I/O dispatcher-20]  WARN {org.apache.synapse.transport.passthru.SourceHandler} I/O error: Received fatal alert: certificate_unknown
2025-07-15T20:26:09,995 [-] [HTTPS-Listener I/O dispatcher-22]  WARN {org.apache.synapse.transport.passthru.SourceHandler} I/O error: Received fatal alert: certificate_unknown
2025-07-15T22:51:16,120 [-] [https-jsse-nio-9443-exec-29] ERROR {org.apache.jsp.services.refresh.refresh_jsp} org.wso2.carbon.ui.filters.cache.ContentTypeBasedCachePreventionFilter$1@78c15c08
2025-07-15T22:51:16,153 [-] [https-jsse-nio-9443-exec-26] ERROR {org.wso2.carbon.apimgt.rest.api.util.impl.OAuthOpaqueAuthenticatorImpl} Invalid OAuth Token : Invalid Access Token. ACTIVE access token is not found.
2025-07-15T22:51:16,153 [-] [https-jsse-nio-9443-exec-26] ERROR {org.wso2.carbon.apimgt.rest.api.util.impl.OAuthOpaqueAuthenticatorImpl} Provided access token is invalid
2025-07-15T22:51:38,043 [-] [HTTPS-Listener I/O dispatcher-24]  WARN {org.apache.synapse.transport.passthru.SourceHandler} I/O error: Received fatal alert: certificate_unknown
2025-07-15T22:57:09,345 [-] [HTTPS-Listener I/O dispatcher-14]  WARN {org.apache.synapse.transport.passthru.SourceHandler} I/O error: Received fatal alert: certificate_unknown
2025-07-15T23:18:28,323 [-] [HTTPS-Listener I/O dispatcher-16]  WARN {org.apache.synapse.transport.passthru.SourceHandler} I/O error: Received fatal alert: certificate_unknown
